db uses an image, skipping
cache uses an image, skipping
Building api
#0 building with "desktop-linux" instance using docker driver

#1 [internal] load build definition from Dockerfile
#1 transferring dockerfile: 232B done
#1 DONE 0.0s

#2 [internal] load metadata for docker.io/library/python:3.9-slim
#2 DONE 1.4s

#3 [internal] load .dockerignore
#3 transferring context: 2B done
#3 DONE 0.0s

#4 [internal] load build context
#4 transferring context: 563B done
#4 DONE 0.0s

#5 [1/5] FROM docker.io/library/python:3.9-slim@sha256:a40cf9eba2c3ed9226afa9ace504f07ad30fe831343bb1c69f7a6707aadb7c21
#5 resolve docker.io/library/python:3.9-slim@sha256:a40cf9eba2c3ed9226afa9ace504f07ad30fe831343bb1c69f7a6707aadb7c21 0.0s done
#5 DONE 0.0s

#6 [2/5] WORKDIR /app
#6 CACHED

#7 [3/5] COPY requirements.txt .
#7 DONE 0.0s

#8 [4/5] RUN pip install --no-cache-dir -r requirements.txt
#8 1.733 Collecting fastapi==0.95.0
#8 2.010   Downloading fastapi-0.95.0-py3-none-any.whl (57 kB)
#8 2.044      â”â”â”â”â”â”â”â”â”â”â”â”â”â”â”â”â”â”â”â”â”â”â”â”â”â”â”â”â”â”â”â”â”â”â”â”â”â”â”â” 57.1/57.1 kB 1.7 MB/s eta 0:00:00
#8 2.126 Collecting uvicorn==0.21.1
#8 2.158   Downloading uvicorn-0.21.1-py3-none-any.whl (57 kB)
#8 2.170      â”â”â”â”â”â”â”â”â”â”â”â”â”â”â”â”â”â”â”â”â”â”â”â”â”â”â”â”â”â”â”â”â”â”â”â”â”â”â”â” 57.8/57.8 kB 7.7 MB/s eta 0:00:00
#8 2.615 Collecting sqlalchemy==2.0.7
#8 2.647   Downloading SQLAlchemy-2.0.7-cp39-cp39-manylinux_2_17_x86_64.manylinux2014_x86_64.whl (2.8 MB)
#8 2.772      â”â”â”â”â”â”â”â”â”â”â”â”â”â”â”â”â”â”â”â”â”â”â”â”â”â”â”â”â”â”â”â”â”â”â”â”â”â”â”â” 2.8/2.8 MB 22.6 MB/s eta 0:00:00
#8 2.884 Collecting psycopg2-binary==2.9.5
#8 2.915   Downloading psycopg2_binary-2.9.5-cp39-cp39-manylinux_2_17_x86_64.manylinux2014_x86_64.whl (3.0 MB)
#8 2.944      â”â”â”â”â”â”â”â”â”â”â”â”â”â”â”â”â”â”â”â”â”â”â”â”â”â”â”â”â”â”â”â”â”â”â”â”â”â”â”â” 3.0/3.0 MB 108.2 MB/s eta 0:00:00
#8 3.131 Collecting pydantic==1.10.7
#8 3.162   Downloading pydantic-1.10.7-cp39-cp39-manylinux_2_17_x86_64.manylinux2014_x86_64.whl (3.2 MB)
#8 3.204      â”â”â”â”â”â”â”â”â”â”â”â”â”â”â”â”â”â”â”â”â”â”â”â”â”â”â”â”â”â”â”â”â”â”â”â”â”â”â”â” 3.2/3.2 MB 80.3 MB/s eta 0:00:00
#8 3.250 Collecting python-jose==3.3.0
#8 3.281   Downloading python_jose-3.3.0-py2.py3-none-any.whl (33 kB)
#8 3.332 Collecting passlib==1.7.4
#8 3.364   Downloading passlib-1.7.4-py2.py3-none-any.whl (525 kB)
#8 3.378      â”â”â”â”â”â”â”â”â”â”â”â”â”â”â”â”â”â”â”â”â”â”â”â”â”â”â”â”â”â”â”â”â”â”â”â”â”â” 525.6/525.6 kB 51.1 MB/s eta 0:00:00
#8 3.428 Collecting python-multipart==0.0.6
#8 3.459   Downloading python_multipart-0.0.6-py3-none-any.whl (45 kB)
#8 3.464      â”â”â”â”â”â”â”â”â”â”â”â”â”â”â”â”â”â”â”â”â”â”â”â”â”â”â”â”â”â”â”â”â”â”â”â”â”â”â”â” 45.7/45.7 kB 99.2 MB/s eta 0:00:00
#8 3.548 Collecting redis==4.5.4
#8 3.578   Downloading redis-4.5.4-py3-none-any.whl (238 kB)
#8 3.583      â”â”â”â”â”â”â”â”â”â”â”â”â”â”â”â”â”â”â”â”â”â”â”â”â”â”â”â”â”â”â”â”â”â”â”â”â” 238.9/238.9 kB 195.1 MB/s eta 0:00:00
#8 3.748 Collecting pandas==1.5.3
#8 3.780   Downloading pandas-1.5.3-cp39-cp39-manylinux_2_17_x86_64.manylinux2014_x86_64.whl (12.2 MB)
#8 3.903      â”â”â”â”â”â”â”â”â”â”â”â”â”â”â”â”â”â”â”â”â”â”â”â”â”â”â”â”â”â”â”â”â”â”â”â”â”â”â”â” 12.2/12.2 MB 96.2 MB/s eta 0:00:00
#8 4.164 Collecting numpy==1.24.2
#8 4.195   Downloading numpy-1.24.2-cp39-cp39-manylinux_2_17_x86_64.manylinux2014_x86_64.whl (17.3 MB)
#8 4.378      â”â”â”â”â”â”â”â”â”â”â”â”â”â”â”â”â”â”â”â”â”â”â”â”â”â”â”â”â”â”â”â”â”â”â”â”â”â”â”â” 17.3/17.3 MB 91.7 MB/s eta 0:00:00
#8 4.522 Collecting scikit-learn==1.2.2
#8 4.555   Downloading scikit_learn-1.2.2-cp39-cp39-manylinux_2_17_x86_64.manylinux2014_x86_64.whl (9.6 MB)
#8 4.656      â”â”â”â”â”â”â”â”â”â”â”â”â”â”â”â”â”â”â”â”â”â”â”â”â”â”â”â”â”â”â”â”â”â”â”â”â”â”â”â” 9.6/9.6 MB 97.2 MB/s eta 0:00:00
#8 4.729 Collecting prophet==1.1.2
#8 4.761   Downloading prophet-1.1.2-py3-none-manylinux_2_17_x86_64.manylinux2014_x86_64.whl (8.9 MB)
#8 4.849      â”â”â”â”â”â”â”â”â”â”â”â”â”â”â”â”â”â”â”â”â”â”â”â”â”â”â”â”â”â”â”â”â”â”â”â”â”â”â”â” 8.9/8.9 MB 103.6 MB/s eta 0:00:00
#8 4.948 Collecting starlette<0.27.0,>=0.26.1
#8 4.978   Downloading starlette-0.26.1-py3-none-any.whl (66 kB)
#8 4.983      â”â”â”â”â”â”â”â”â”â”â”â”â”â”â”â”â”â”â”â”â”â”â”â”â”â”â”â”â”â”â”â”â”â”â”â”â”â”â” 66.9/66.9 kB 184.6 MB/s eta 0:00:00
#8 5.044 Collecting h11>=0.8
#8 5.077   Downloading h11-0.16.0-py3-none-any.whl (37 kB)
#8 5.136 Collecting click>=7.0
#8 5.166   Downloading click-8.1.8-py3-none-any.whl (98 kB)
#8 5.172      â”â”â”â”â”â”â”â”â”â”â”â”â”â”â”â”â”â”â”â”â”â”â”â”â”â”â”â”â”â”â”â”â”â”â”â”â”â”â” 98.2/98.2 kB 161.1 MB/s eta 0:00:00
#8 5.387 Collecting greenlet!=0.4.17
#8 5.420   Downloading greenlet-3.2.3-cp39-cp39-manylinux_2_24_x86_64.manylinux_2_28_x86_64.whl (580 kB)
#8 5.432      â”â”â”â”â”â”â”â”â”â”â”â”â”â”â”â”â”â”â”â”â”â”â”â”â”â”â”â”â”â”â”â”â”â”â”â”â”â” 580.8/580.8 kB 75.8 MB/s eta 0:00:00
#8 5.490 Collecting typing-extensions>=4.2.0
#8 5.520   Downloading typing_extensions-4.14.0-py3-none-any.whl (43 kB)
#8 5.523      â”â”â”â”â”â”â”â”â”â”â”â”â”â”â”â”â”â”â”â”â”â”â”â”â”â”â”â”â”â”â”â”â”â”â”â”â”â”â” 43.8/43.8 kB 180.4 MB/s eta 0:00:00
#8 5.584 Collecting rsa
#8 5.616   Downloading rsa-4.9.1-py3-none-any.whl (34 kB)
#8 5.667 Collecting ecdsa!=0.15
#8 5.697   Downloading ecdsa-0.19.1-py2.py3-none-any.whl (150 kB)
#8 5.699      â”â”â”â”â”â”â”â”â”â”â”â”â”â”â”â”â”â”â”â”â”â”â”â”â”â”â”â”â”â”â”â”â”â”â”â”â” 150.6/150.6 kB 517.2 MB/s eta 0:00:00
#8 5.746 Collecting pyasn1
#8 5.775   Downloading pyasn1-0.6.1-py3-none-any.whl (83 kB)
#8 5.778      â”â”â”â”â”â”â”â”â”â”â”â”â”â”â”â”â”â”â”â”â”â”â”â”â”â”â”â”â”â”â”â”â”â”â”â”â”â”â” 83.1/83.1 kB 209.1 MB/s eta 0:00:00
#8 5.828 Collecting async-timeout>=4.0.2
#8 5.856   Downloading async_timeout-5.0.1-py3-none-any.whl (6.2 kB)
#8 5.908 Collecting python-dateutil>=2.8.1
#8 5.940   Downloading python_dateutil-2.9.0.post0-py2.py3-none-any.whl (229 kB)
#8 5.946      â”â”â”â”â”â”â”â”â”â”â”â”â”â”â”â”â”â”â”â”â”â”â”â”â”â”â”â”â”â”â”â”â”â”â”â”â” 229.9/229.9 kB 206.0 MB/s eta 0:00:00
#8 6.017 Collecting pytz>=2020.1
#8 6.053   Downloading pytz-2025.2-py2.py3-none-any.whl (509 kB)
#8 6.060      â”â”â”â”â”â”â”â”â”â”â”â”â”â”â”â”â”â”â”â”â”â”â”â”â”â”â”â”â”â”â”â”â”â”â”â”â” 509.2/509.2 kB 116.7 MB/s eta 0:00:00
#8 6.120 Collecting threadpoolctl>=2.0.0
#8 6.152   Downloading threadpoolctl-3.6.0-py3-none-any.whl (18 kB)
#8 6.212 Collecting joblib>=1.1.1
#8 6.245   Downloading joblib-1.5.1-py3-none-any.whl (307 kB)
#8 6.252      â”â”â”â”â”â”â”â”â”â”â”â”â”â”â”â”â”â”â”â”â”â”â”â”â”â”â”â”â”â”â”â”â”â”â”â”â” 307.7/307.7 kB 131.0 MB/s eta 0:00:00
#8 6.455 Collecting scipy>=1.3.2
#8 6.489   Downloading scipy-1.13.1-cp39-cp39-manylinux_2_17_x86_64.manylinux2014_x86_64.whl (38.6 MB)
#8 6.902      â”â”â”â”â”â”â”â”â”â”â”â”â”â”â”â”â”â”â”â”â”â”â”â”â”â”â”â”â”â”â”â”â”â”â”â”â”â”â”â” 38.6/38.6 MB 90.8 MB/s eta 0:00:00
#8 6.990 Collecting cmdstanpy>=1.0.4
#8 7.023   Downloading cmdstanpy-1.2.5-py3-none-any.whl (94 kB)
#8 7.027      â”â”â”â”â”â”â”â”â”â”â”â”â”â”â”â”â”â”â”â”â”â”â”â”â”â”â”â”â”â”â”â”â”â”â”â”â”â”â” 94.5/94.5 kB 170.4 MB/s eta 0:00:00
#8 7.074 Collecting convertdate>=2.1.2
#8 7.105   Downloading convertdate-2.4.0-py3-none-any.whl (47 kB)
#8 7.108      â”â”â”â”â”â”â”â”â”â”â”â”â”â”â”â”â”â”â”â”â”â”â”â”â”â”â”â”â”â”â”â”â”â”â”â”â”â”â” 47.9/47.9 kB 448.3 MB/s eta 0:00:00
#8 7.174 Collecting holidays>=0.14.2
#8 7.209   Downloading holidays-0.75-py3-none-any.whl (1.0 MB)
#8 7.221      â”â”â”â”â”â”â”â”â”â”â”â”â”â”â”â”â”â”â”â”â”â”â”â”â”â”â”â”â”â”â”â”â”â”â”â”â”â”â”â” 1.0/1.0 MB 118.1 MB/s eta 0:00:00
#8 7.405 Collecting LunarCalendar>=0.0.9
#8 7.439   Downloading LunarCalendar-0.0.9-py2.py3-none-any.whl (18 kB)
#8 7.520 Collecting tqdm>=4.36.1
#8 7.551   Downloading tqdm-4.67.1-py3-none-any.whl (78 kB)
#8 7.555      â”â”â”â”â”â”â”â”â”â”â”â”â”â”â”â”â”â”â”â”â”â”â”â”â”â”â”â”â”â”â”â”â”â”â”â”â”â”â” 78.5/78.5 kB 202.0 MB/s eta 0:00:00
#8 7.753 Collecting matplotlib>=2.0.0
#8 7.789   Downloading matplotlib-3.9.4-cp39-cp39-manylinux_2_17_x86_64.manylinux2014_x86_64.whl (8.3 MB)
#8 7.891      â”â”â”â”â”â”â”â”â”â”â”â”â”â”â”â”â”â”â”â”â”â”â”â”â”â”â”â”â”â”â”â”â”â”â”â”â”â”â”â” 8.3/8.3 MB 83.1 MB/s eta 0:00:00
#8 7.963 Collecting stanio<2.0.0,>=0.4.0
#8 7.997   Downloading stanio-0.5.1-py3-none-any.whl (8.1 kB)
#8 8.070 Collecting pymeeus<=1,>=0.3.13
#8 8.103   Downloading PyMeeus-0.5.12.tar.gz (5.8 MB)
#8 8.155      â”â”â”â”â”â”â”â”â”â”â”â”â”â”â”â”â”â”â”â”â”â”â”â”â”â”â”â”â”â”â”â”â”â”â”â”â”â”â”â” 5.8/5.8 MB 115.0 MB/s eta 0:00:00
#8 8.289   Preparing metadata (setup.py): started
#8 8.505   Preparing metadata (setup.py): finished with status 'done'
#8 8.548 Collecting six>=1.9.0
#8 8.580   Downloading six-1.17.0-py2.py3-none-any.whl (11 kB)
#8 8.701 Collecting ephem>=3.7.5.3
#8 8.736   Downloading ephem-4.2-cp39-cp39-manylinux_2_17_x86_64.manylinux2014_x86_64.whl (1.8 MB)
#8 8.759      â”â”â”â”â”â”â”â”â”â”â”â”â”â”â”â”â”â”â”â”â”â”â”â”â”â”â”â”â”â”â”â”â”â”â”â”â”â”â”â” 1.8/1.8 MB 89.8 MB/s eta 0:00:00
#8 9.006 Collecting fonttools>=4.22.0
#8 9.039   Downloading fonttools-4.58.4-cp39-cp39-manylinux2014_x86_64.manylinux_2_17_x86_64.whl (4.7 MB)
#8 9.083      â”â”â”â”â”â”â”â”â”â”â”â”â”â”â”â”â”â”â”â”â”â”â”â”â”â”â”â”â”â”â”â”â”â”â”â”â”â”â”â” 4.7/4.7 MB 111.8 MB/s eta 0:00:00
#8 9.147 Collecting pyparsing>=2.3.1
#8 9.177   Downloading pyparsing-3.2.3-py3-none-any.whl (111 kB)
#8 9.178      â”â”â”â”â”â”â”â”â”â”â”â”â”â”â”â”â”â”â”â”â”â”â”â”â”â”â”â”â”â”â”â”â”â”â”â”â” 111.1/111.1 kB 547.2 MB/s eta 0:00:00
#8 9.234 Collecting importlib-resources>=3.2.0
#8 9.265   Downloading importlib_resources-6.5.2-py3-none-any.whl (37 kB)
#8 9.367 Collecting kiwisolver>=1.3.1
#8 9.399   Downloading kiwisolver-1.4.7-cp39-cp39-manylinux_2_12_x86_64.manylinux2010_x86_64.whl (1.6 MB)
#8 9.414      â”â”â”â”â”â”â”â”â”â”â”â”â”â”â”â”â”â”â”â”â”â”â”â”â”â”â”â”â”â”â”â”â”â”â”â”â”â”â”â” 1.6/1.6 MB 120.5 MB/s eta 0:00:00
#8 9.456 Collecting cycler>=0.10
#8 9.490   Downloading cycler-0.12.1-py3-none-any.whl (8.3 kB)
#8 9.716 Collecting pillow>=8
#8 9.749   Downloading pillow-11.2.1-cp39-cp39-manylinux_2_28_x86_64.whl (4.6 MB)
#8 9.803      â”â”â”â”â”â”â”â”â”â”â”â”â”â”â”â”â”â”â”â”â”â”â”â”â”â”â”â”â”â”â”â”â”â”â”â”â”â”â”â” 4.6/4.6 MB 87.2 MB/s eta 0:00:00
#8 9.916 Collecting contourpy>=1.0.1
#8 9.949   Downloading contourpy-1.3.0-cp39-cp39-manylinux_2_17_x86_64.manylinux2014_x86_64.whl (321 kB)
#8 9.953      â”â”â”â”â”â”â”â”â”â”â”â”â”â”â”â”â”â”â”â”â”â”â”â”â”â”â”â”â”â”â”â”â”â”â”â”â” 321.9/321.9 kB 188.2 MB/s eta 0:00:00
#8 10.01 Collecting packaging>=20.0
#8 10.04   Downloading packaging-25.0-py3-none-any.whl (66 kB)
#8 10.05      â”â”â”â”â”â”â”â”â”â”â”â”â”â”â”â”â”â”â”â”â”â”â”â”â”â”â”â”â”â”â”â”â”â”â”â”â”â”â” 66.5/66.5 kB 153.4 MB/s eta 0:00:00
#8 10.13 Collecting anyio<5,>=3.4.0
#8 10.16   Downloading anyio-4.9.0-py3-none-any.whl (100 kB)
#8 10.17      â”â”â”â”â”â”â”â”â”â”â”â”â”â”â”â”â”â”â”â”â”â”â”â”â”â”â”â”â”â”â”â”â”â”â”â”â” 100.9/100.9 kB 175.7 MB/s eta 0:00:00
#8 10.24 Collecting sniffio>=1.1
#8 10.27   Downloading sniffio-1.3.1-py3-none-any.whl (10 kB)
#8 10.33 Collecting idna>=2.8
#8 10.36   Downloading idna-3.10-py3-none-any.whl (70 kB)
#8 10.36      â”â”â”â”â”â”â”â”â”â”â”â”â”â”â”â”â”â”â”â”â”â”â”â”â”â”â”â”â”â”â”â”â”â”â”â”â”â”â” 70.4/70.4 kB 148.1 MB/s eta 0:00:00
#8 10.42 Collecting exceptiongroup>=1.0.2
#8 10.45   Downloading exceptiongroup-1.3.0-py3-none-any.whl (16 kB)
#8 10.60 Collecting zipp>=3.1.0
#8 10.62   Downloading zipp-3.23.0-py3-none-any.whl (10 kB)
#8 10.69 Building wheels for collected packages: pymeeus
#8 10.69   Building wheel for pymeeus (setup.py): started
#8 10.94   Building wheel for pymeeus (setup.py): finished with status 'done'
#8 10.94   Created wheel for pymeeus: filename=PyMeeus-0.5.12-py3-none-any.whl size=732018 sha256=37fbaab46cac656ddc1c4f3a6a5c33c5b2ae6f59cc6f0962007f666521911e45
#8 10.94   Stored in directory: /tmp/pip-ephem-wheel-cache-kj8grs7n/wheels/04/1f/e5/8dd0c661cd8d252817655dc14a84f7ae045d6616594145aa81
#8 10.95 Successfully built pymeeus
#8 11.17 Installing collected packages: pytz, pymeeus, passlib, ephem, zipp, typing-extensions, tqdm, threadpoolctl, sniffio, six, python-multipart, pyparsing, pyasn1, psycopg2-binary, pillow, packaging, numpy, kiwisolver, joblib, idna, h11, greenlet, fonttools, cycler, convertdate, click, async-timeout, uvicorn, stanio, sqlalchemy, scipy, rsa, redis, python-dateutil, pydantic, importlib-resources, exceptiongroup, ecdsa, contourpy, scikit-learn, python-jose, pandas, matplotlib, LunarCalendar, holidays, anyio, starlette, cmdstanpy, prophet, fastapi
#8 20.47 Successfully installed LunarCalendar-0.0.9 anyio-4.9.0 async-timeout-5.0.1 click-8.1.8 cmdstanpy-1.2.5 contourpy-1.3.0 convertdate-2.4.0 cycler-0.12.1 ecdsa-0.19.1 ephem-4.2 exceptiongroup-1.3.0 fastapi-0.95.0 fonttools-4.58.4 greenlet-3.2.3 h11-0.16.0 holidays-0.75 idna-3.10 importlib-resources-6.5.2 joblib-1.5.1 kiwisolver-1.4.7 matplotlib-3.9.4 numpy-1.24.2 packaging-25.0 pandas-1.5.3 passlib-1.7.4 pillow-11.2.1 prophet-1.1.2 psycopg2-binary-2.9.5 pyasn1-0.6.1 pydantic-1.10.7 pymeeus-0.5.12 pyparsing-3.2.3 python-dateutil-2.9.0.post0 python-jose-3.3.0 python-multipart-0.0.6 pytz-2025.2 redis-4.5.4 rsa-4.9.1 scikit-learn-1.2.2 scipy-1.13.1 six-1.17.0 sniffio-1.3.1 sqlalchemy-2.0.7 stanio-0.5.1 starlette-0.26.1 threadpoolctl-3.6.0 tqdm-4.67.1 typing-extensions-4.14.0 uvicorn-0.21.1 zipp-3.23.0
#8 20.47 WARNING: Running pip as the 'root' user can result in broken permissions and conflicting behaviour with the system package manager. It is recommended to use a virtual environment instead: https://pip.pypa.io/warnings/venv
#8 20.72 
#8 20.72 [notice] A new release of pip is available: 23.0.1 -> 25.1.1
#8 20.72 [notice] To update, run: pip install --upgrade pip
#8 DONE 21.1s

#9 [5/5] COPY . .
#9 DONE 0.1s

#10 exporting to image
#10 exporting layers
#10 exporting layers 13.0s done
#10 exporting manifest sha256:3fdc7cc4fa5c455c167b1aaefb083be6b8ed7cc3f3df92a860fb99e8674be553 0.0s done
#10 exporting config sha256:220a44f7f5e549b442e57172e402e4d55e99face4274fa00b240f99afb38e28d 0.0s done
#10 exporting attestation manifest sha256:d2dbbcf2a481c6fdde7c455e2c751167a87ef5d601fdd0497def23a49fd3ca5e 0.0s done
#10 exporting manifest list sha256:d0a627b9b7a3942f8da456e4c242163bc2f30aab62e3287f53447b19885c8fca 0.0s done
#10 naming to docker.io/library/biuai_api:latest done
#10 unpacking to docker.io/library/biuai_api:latest
#10 unpacking to docker.io/library/biuai_api:latest 1.8s done
#10 DONE 14.9s
Building frontend
#0 building with "desktop-linux" instance using docker driver

#1 [internal] load build definition from Dockerfile
#1 transferring dockerfile: 400B done
#1 WARN: FromAsCasing: 'as' and 'FROM' keywords' casing do not match (line 2)
#1 WARN: FromAsCasing: 'as' and 'FROM' keywords' casing do not match (line 15)
#1 DONE 0.0s

#2 [internal] load metadata for docker.io/library/node:16-alpine
#2 DONE 1.3s

#3 [internal] load metadata for docker.io/library/nginx:stable-alpine
#3 DONE 1.4s

#4 [internal] load .dockerignore
#4 transferring context: 2B done
#4 DONE 0.0s

#5 [build-stage 1/7] FROM docker.io/library/node:16-alpine@sha256:a1f9d027912b58a7c75be7716c97cfbc6d3099f3a97ed84aa490be9dee20e787
#5 resolve docker.io/library/node:16-alpine@sha256:a1f9d027912b58a7c75be7716c97cfbc6d3099f3a97ed84aa490be9dee20e787 0.0s done
#5 DONE 0.0s

#6 [build-stage 2/7] WORKDIR /app
#6 CACHED

#7 [production-stage 1/2] FROM docker.io/library/nginx:stable-alpine@sha256:aed99734248e851764f1f2146835ecad42b5f994081fa6631cc5d79240891ec9
#7 resolve docker.io/library/nginx:stable-alpine@sha256:aed99734248e851764f1f2146835ecad42b5f994081fa6631cc5d79240891ec9 0.0s done
#7 CACHED

#8 [internal] load build context
#8 transferring context: 818B done
#8 DONE 0.0s

#9 [build-stage 3/7] COPY package*.json ./
#9 DONE 0.1s

#10 [build-stage 4/7] RUN npm install -g @quasar/cli@1.3.3
#10 0.726 npm ERR! code ETARGET
#10 0.726 npm ERR! notarget No matching version found for @quasar/cli@1.3.3.
#10 0.726 npm ERR! notarget In most cases you or one of your dependencies are requesting
#10 0.726 npm ERR! notarget a package version that doesn't exist.
#10 0.727 
#10 0.727 npm ERR! A complete log of this run can be found in:
#10 0.727 npm ERR!     /root/.npm/_logs/2025-06-27T18_47_42_585Z-debug-0.log
#10 ERROR: process "/bin/sh -c npm install -g @quasar/cli@1.3.3" did not complete successfully: exit code: 1
------
 > [build-stage 4/7] RUN npm install -g @quasar/cli@1.3.3:
0.726 npm ERR! code ETARGET
0.726 npm ERR! notarget No matching version found for @quasar/cli@1.3.3.
0.726 npm ERR! notarget In most cases you or one of your dependencies are requesting
0.726 npm ERR! notarget a package version that doesn't exist.
0.727 
0.727 npm ERR! A complete log of this run can be found in:
0.727 npm ERR!     /root/.npm/_logs/2025-06-27T18_47_42_585Z-debug-0.log
------

 [33m2 warnings found (use docker --debug to expand):
[0m - FromAsCasing: 'as' and 'FROM' keywords' casing do not match (line 2)
 - FromAsCasing: 'as' and 'FROM' keywords' casing do not match (line 15)
Dockerfile:8
--------------------
   6 |     
   7 |     # Instalar dependÃªncias
   8 | >>> RUN npm install -g @quasar/cli@1.3.3
   9 |     RUN npm install
  10 |     
--------------------
ERROR: failed to solve: process "/bin/sh -c npm install -g @quasar/cli@1.3.3" did not complete successfully: exit code: 1
Service 'frontend' failed to build : Build failed
2025-06-27 15:47:43 [ERROR] Falha ao construir imagens Docker
