db uses an image, skipping
cache uses an image, skipping
Building api
#0 building with "desktop-linux" instance using docker driver

#1 [internal] load build definition from Dockerfile
#1 transferring dockerfile: 232B done
#1 DONE 0.0s

#2 [internal] load metadata for docker.io/library/python:3.9-slim
#2 DONE 2.1s

#3 [internal] load .dockerignore
#3 transferring context: 2B done
#3 DONE 0.0s

#4 [internal] load build context
#4 transferring context: 563B done
#4 DONE 0.0s

#5 [1/5] FROM docker.io/library/python:3.9-slim@sha256:a40cf9eba2c3ed9226afa9ace504f07ad30fe831343bb1c69f7a6707aadb7c21
#5 resolve docker.io/library/python:3.9-slim@sha256:a40cf9eba2c3ed9226afa9ace504f07ad30fe831343bb1c69f7a6707aadb7c21 0.0s done
#5 DONE 0.0s

#6 [2/5] WORKDIR /app
#6 CACHED

#7 [3/5] COPY requirements.txt .
#7 DONE 0.0s

#8 [4/5] RUN pip install --no-cache-dir -r requirements.txt
#8 2.122 Collecting fastapi==0.95.0
#8 2.373   Downloading fastapi-0.95.0-py3-none-any.whl (57 kB)
#8 2.414      â”â”â”â”â”â”â”â”â”â”â”â”â”â”â”â”â”â”â”â”â”â”â”â”â”â”â”â”â”â”â”â”â”â”â”â”â”â”â”â” 57.1/57.1 kB 1.3 MB/s eta 0:00:00
#8 2.515 Collecting uvicorn==0.21.1
#8 2.560   Downloading uvicorn-0.21.1-py3-none-any.whl (57 kB)
#8 2.602      â”â”â”â”â”â”â”â”â”â”â”â”â”â”â”â”â”â”â”â”â”â”â”â”â”â”â”â”â”â”â”â”â”â”â”â”â”â”â”â” 57.8/57.8 kB 1.3 MB/s eta 0:00:00
#8 3.185 Collecting sqlalchemy==2.0.7
#8 3.225   Downloading SQLAlchemy-2.0.7-cp39-cp39-manylinux_2_17_x86_64.manylinux2014_x86_64.whl (2.8 MB)
#8 4.845      â”â”â”â”â”â”â”â”â”â”â”â”â”â”â”â”â”â”â”â”â”â”â”â”â”â”â”â”â”â”â”â”â”â”â”â”â”â”â”â” 2.8/2.8 MB 1.7 MB/s eta 0:00:00
#8 5.020 Collecting psycopg2-binary==2.9.5
#8 5.058   Downloading psycopg2_binary-2.9.5-cp39-cp39-manylinux_2_17_x86_64.manylinux2014_x86_64.whl (3.0 MB)
#8 9.030      â”â”â”â”â”â”â”â”â”â”â”â”â”â”â”â”â”â”â”â”â”â”â”â”â”â”â”â”â”â”â”â”â”â”â”â”â”â”â”â” 3.0/3.0 MB 753.4 kB/s eta 0:00:00
#8 9.320 Collecting pydantic==1.10.7
#8 9.359   Downloading pydantic-1.10.7-cp39-cp39-manylinux_2_17_x86_64.manylinux2014_x86_64.whl (3.2 MB)
#8 12.22      â”â”â”â”â”â”â”â”â”â”â”â”â”â”â”â”â”â”â”â”â”â”â”â”â”â”â”â”â”â”â”â”â”â”â”â”â”â”â”â” 3.2/3.2 MB 1.1 MB/s eta 0:00:00
#8 12.28 Collecting python-jose==3.3.0
#8 12.31   Downloading python_jose-3.3.0-py2.py3-none-any.whl (33 kB)
#8 12.38 Collecting passlib==1.7.4
#8 12.43   Downloading passlib-1.7.4-py2.py3-none-any.whl (525 kB)
#8 12.83      â”â”â”â”â”â”â”â”â”â”â”â”â”â”â”â”â”â”â”â”â”â”â”â”â”â”â”â”â”â”â”â”â”â”â”â”â”â”â” 525.6/525.6 kB 1.3 MB/s eta 0:00:00
#8 12.89 Collecting python-multipart==0.0.6
#8 12.93   Downloading python_multipart-0.0.6-py3-none-any.whl (45 kB)
#8 12.97      â”â”â”â”â”â”â”â”â”â”â”â”â”â”â”â”â”â”â”â”â”â”â”â”â”â”â”â”â”â”â”â”â”â”â”â”â”â”â”â” 45.7/45.7 kB 1.3 MB/s eta 0:00:00
#8 13.05 Collecting redis==4.5.4
#8 13.09   Downloading redis-4.5.4-py3-none-any.whl (238 kB)
#8 13.27      â”â”â”â”â”â”â”â”â”â”â”â”â”â”â”â”â”â”â”â”â”â”â”â”â”â”â”â”â”â”â”â”â”â”â”â”â”â”â” 238.9/238.9 kB 1.3 MB/s eta 0:00:00
#8 13.57 Collecting pandas==1.5.3
#8 13.61   Downloading pandas-1.5.3-cp39-cp39-manylinux_2_17_x86_64.manylinux2014_x86_64.whl (12.2 MB)
#8 25.59      â”â”â”â”â”â”â”â”â”â”â”â”â”â”â”â”â”â”â”â”â”â”â”â”â”â”â”â”â”â”â”â”â”â”â”â”â”â”â” 12.2/12.2 MB 991.4 kB/s eta 0:00:00
#8 26.10 Collecting numpy==1.24.2
#8 26.14   Downloading numpy-1.24.2-cp39-cp39-manylinux_2_17_x86_64.manylinux2014_x86_64.whl (17.3 MB)
#8 46.43      â”â”â”â”â”â”â”â”â”â”â”â”â”â”â”â”â”â”â”â”â”â”â”â”â”â”â”â”â”â”â”â”â”â”â”â”â”â”â” 17.3/17.3 MB 860.5 kB/s eta 0:00:00
#8 46.67 Collecting scikit-learn==1.2.2
#8 46.71   Downloading scikit_learn-1.2.2-cp39-cp39-manylinux_2_17_x86_64.manylinux2014_x86_64.whl (9.6 MB)
#8 56.44      â”â”â”â”â”â”â”â”â”â”â”â”â”â”â”â”â”â”â”â”â”â”â”â”â”â”â”â”â”â”â”â”â”â”â”â”â”â”â”â” 9.6/9.6 MB 989.9 kB/s eta 0:00:00
#8 56.52 Collecting prophet==1.1.2
#8 56.56   Downloading prophet-1.1.2-py3-none-manylinux_2_17_x86_64.manylinux2014_x86_64.whl (8.9 MB)
#8 66.72      â”â”â”â”â”â”â”â”â”â”â”â”â”â”â”â”â”â”â”â”â”â”â”â”â”â”â”â”â”â”â”â”â”â”â”â”â”â”â”â” 8.9/8.9 MB 875.8 kB/s eta 0:00:00
#8 66.86 Collecting starlette<0.27.0,>=0.26.1
#8 66.90   Downloading starlette-0.26.1-py3-none-any.whl (66 kB)
#8 66.96      â”â”â”â”â”â”â”â”â”â”â”â”â”â”â”â”â”â”â”â”â”â”â”â”â”â”â”â”â”â”â”â”â”â”â”â”â”â”â”â” 66.9/66.9 kB 1.2 MB/s eta 0:00:00
#8 67.05 Collecting click>=7.0
#8 67.08   Downloading click-8.1.8-py3-none-any.whl (98 kB)
#8 67.20      â”â”â”â”â”â”â”â”â”â”â”â”â”â”â”â”â”â”â”â”â”â”â”â”â”â”â”â”â”â”â”â”â”â”â”â”â”â”â” 98.2/98.2 kB 891.3 kB/s eta 0:00:00
#8 67.26 Collecting h11>=0.8
#8 67.29   Downloading h11-0.16.0-py3-none-any.whl (37 kB)
#8 67.70 Collecting greenlet!=0.4.17
#8 67.74   Downloading greenlet-3.2.3-cp39-cp39-manylinux_2_24_x86_64.manylinux_2_28_x86_64.whl (580 kB)
#8 68.28      â”â”â”â”â”â”â”â”â”â”â”â”â”â”â”â”â”â”â”â”â”â”â”â”â”â”â”â”â”â”â”â”â”â”â”â”â”â”â” 580.8/580.8 kB 1.1 MB/s eta 0:00:00
#8 68.35 Collecting typing-extensions>=4.2.0
#8 68.39   Downloading typing_extensions-4.14.0-py3-none-any.whl (43 kB)
#8 68.43      â”â”â”â”â”â”â”â”â”â”â”â”â”â”â”â”â”â”â”â”â”â”â”â”â”â”â”â”â”â”â”â”â”â”â”â”â”â”â”â” 43.8/43.8 kB 1.2 MB/s eta 0:00:00
#8 68.52 Collecting pyasn1
#8 68.56   Downloading pyasn1-0.6.1-py3-none-any.whl (83 kB)
#8 68.63      â”â”â”â”â”â”â”â”â”â”â”â”â”â”â”â”â”â”â”â”â”â”â”â”â”â”â”â”â”â”â”â”â”â”â”â”â”â”â”â” 83.1/83.1 kB 1.2 MB/s eta 0:00:00
#8 68.68 Collecting ecdsa!=0.15
#8 68.71   Downloading ecdsa-0.19.1-py2.py3-none-any.whl (150 kB)
#8 68.88      â”â”â”â”â”â”â”â”â”â”â”â”â”â”â”â”â”â”â”â”â”â”â”â”â”â”â”â”â”â”â”â”â”â”â”â”â” 150.6/150.6 kB 935.6 kB/s eta 0:00:00
#8 68.96 Collecting rsa
#8 69.00   Downloading rsa-4.9.1-py3-none-any.whl (34 kB)
#8 69.11 Collecting async-timeout>=4.0.2
#8 69.15   Downloading async_timeout-5.0.1-py3-none-any.whl (6.2 kB)
#8 69.30 Collecting pytz>=2020.1
#8 69.34   Downloading pytz-2025.2-py2.py3-none-any.whl (509 kB)
#8 69.80      â”â”â”â”â”â”â”â”â”â”â”â”â”â”â”â”â”â”â”â”â”â”â”â”â”â”â”â”â”â”â”â”â”â”â”â”â”â”â” 509.2/509.2 kB 1.1 MB/s eta 0:00:00
#8 69.85 Collecting python-dateutil>=2.8.1
#8 69.89   Downloading python_dateutil-2.9.0.post0-py2.py3-none-any.whl (229 kB)
#8 70.07      â”â”â”â”â”â”â”â”â”â”â”â”â”â”â”â”â”â”â”â”â”â”â”â”â”â”â”â”â”â”â”â”â”â”â”â”â”â”â” 229.9/229.9 kB 1.3 MB/s eta 0:00:00
#8 70.48 Collecting scipy>=1.3.2
#8 70.52   Downloading scipy-1.13.1-cp39-cp39-manylinux_2_17_x86_64.manylinux2014_x86_64.whl (38.6 MB)
#8 111.4      â”â”â”â”â”â”â”â”â”â”â”â”â”â”â”â”â”â”â”â”â”â”â”â”â”â”â”â”â”â”â”â”â”â”â”â”â”â”â” 38.6/38.6 MB 897.2 kB/s eta 0:00:00
#8 111.5 Collecting threadpoolctl>=2.0.0
#8 111.6   Downloading threadpoolctl-3.6.0-py3-none-any.whl (18 kB)
#8 111.7 Collecting joblib>=1.1.1
#8 111.7   Downloading joblib-1.5.1-py3-none-any.whl (307 kB)
#8 112.0      â”â”â”â”â”â”â”â”â”â”â”â”â”â”â”â”â”â”â”â”â”â”â”â”â”â”â”â”â”â”â”â”â”â”â”â”â” 307.7/307.7 kB 954.6 kB/s eta 0:00:00
#8 112.1 Collecting cmdstanpy>=1.0.4
#8 112.1   Downloading cmdstanpy-1.2.5-py3-none-any.whl (94 kB)
#8 112.2      â”â”â”â”â”â”â”â”â”â”â”â”â”â”â”â”â”â”â”â”â”â”â”â”â”â”â”â”â”â”â”â”â”â”â”â”â”â”â”â” 94.5/94.5 kB 1.2 MB/s eta 0:00:00
#8 112.7 Collecting matplotlib>=2.0.0
#8 112.9   Downloading matplotlib-3.9.4-cp39-cp39-manylinux_2_17_x86_64.manylinux2014_x86_64.whl (8.3 MB)
#8 120.9      â”â”â”â”â”â”â”â”â”â”â”â”â”â”â”â”â”â”â”â”â”â”â”â”â”â”â”â”â”â”â”â”â”â”â”â”â”â”â”â” 8.3/8.3 MB 1.0 MB/s eta 0:00:00
#8 120.9 Collecting convertdate>=2.1.2
#8 121.0   Downloading convertdate-2.4.0-py3-none-any.whl (47 kB)
#8 121.0      â”â”â”â”â”â”â”â”â”â”â”â”â”â”â”â”â”â”â”â”â”â”â”â”â”â”â”â”â”â”â”â”â”â”â”â”â”â”â” 47.9/47.9 kB 832.2 kB/s eta 0:00:00
#8 121.2 Collecting LunarCalendar>=0.0.9
#8 121.3   Downloading LunarCalendar-0.0.9-py2.py3-none-any.whl (18 kB)
#8 121.4 Collecting holidays>=0.14.2
#8 121.4   Downloading holidays-0.75-py3-none-any.whl (1.0 MB)
#8 122.6      â”â”â”â”â”â”â”â”â”â”â”â”â”â”â”â”â”â”â”â”â”â”â”â”â”â”â”â”â”â”â”â”â”â”â”â”â”â”â”â” 1.0/1.0 MB 908.9 kB/s eta 0:00:00
#8 122.7 Collecting tqdm>=4.36.1
#8 122.7   Downloading tqdm-4.67.1-py3-none-any.whl (78 kB)
#8 122.8      â”â”â”â”â”â”â”â”â”â”â”â”â”â”â”â”â”â”â”â”â”â”â”â”â”â”â”â”â”â”â”â”â”â”â”â”â”â”â”â” 78.5/78.5 kB 1.3 MB/s eta 0:00:00
#8 122.9 Collecting stanio<2.0.0,>=0.4.0
#8 122.9   Downloading stanio-0.5.1-py3-none-any.whl (8.1 kB)
#8 123.0 Collecting pymeeus<=1,>=0.3.13
#8 123.0   Downloading PyMeeus-0.5.12.tar.gz (5.8 MB)
#8 129.3      â”â”â”â”â”â”â”â”â”â”â”â”â”â”â”â”â”â”â”â”â”â”â”â”â”â”â”â”â”â”â”â”â”â”â”â”â”â”â”â” 5.8/5.8 MB 918.1 kB/s eta 0:00:00
#8 129.4   Preparing metadata (setup.py): started
#8 129.6   Preparing metadata (setup.py): finished with status 'done'
#8 129.7 Collecting six>=1.9.0
#8 129.7   Downloading six-1.17.0-py2.py3-none-any.whl (11 kB)
#8 130.0 Collecting ephem>=3.7.5.3
#8 130.1   Downloading ephem-4.2-cp39-cp39-manylinux_2_17_x86_64.manylinux2014_x86_64.whl (1.8 MB)
#8 131.9      â”â”â”â”â”â”â”â”â”â”â”â”â”â”â”â”â”â”â”â”â”â”â”â”â”â”â”â”â”â”â”â”â”â”â”â”â”â”â”â” 1.8/1.8 MB 961.8 kB/s eta 0:00:00
#8 132.0 Collecting packaging>=20.0
#8 132.1   Downloading packaging-25.0-py3-none-any.whl (66 kB)
#8 132.2      â”â”â”â”â”â”â”â”â”â”â”â”â”â”â”â”â”â”â”â”â”â”â”â”â”â”â”â”â”â”â”â”â”â”â”â”â”â”â” 66.5/66.5 kB 933.5 kB/s eta 0:00:00
#8 132.2 Collecting importlib-resources>=3.2.0
#8 132.3   Downloading importlib_resources-6.5.2-py3-none-any.whl (37 kB)
#8 133.0 Collecting pillow>=8
#8 133.0   Downloading pillow-11.2.1-cp39-cp39-manylinux_2_28_x86_64.whl (4.6 MB)
#8 136.9      â”â”â”â”â”â”â”â”â”â”â”â”â”â”â”â”â”â”â”â”â”â”â”â”â”â”â”â”â”â”â”â”â”â”â”â”â”â”â”â” 4.6/4.6 MB 1.2 MB/s eta 0:00:00
#8 137.4 Collecting fonttools>=4.22.0
#8 137.4   Downloading fonttools-4.58.4-cp39-cp39-manylinux2014_x86_64.manylinux_2_17_x86_64.whl (4.7 MB)
#8 140.9      â”â”â”â”â”â”â”â”â”â”â”â”â”â”â”â”â”â”â”â”â”â”â”â”â”â”â”â”â”â”â”â”â”â”â”â”â”â”â”â” 4.7/4.7 MB 1.4 MB/s eta 0:00:00
#8 141.2 Collecting contourpy>=1.0.1
#8 141.3   Downloading contourpy-1.3.0-cp39-cp39-manylinux_2_17_x86_64.manylinux2014_x86_64.whl (321 kB)
#8 141.5      â”â”â”â”â”â”â”â”â”â”â”â”â”â”â”â”â”â”â”â”â”â”â”â”â”â”â”â”â”â”â”â”â”â”â”â”â”â”â” 321.9/321.9 kB 1.6 MB/s eta 0:00:00
#8 141.6 Collecting pyparsing>=2.3.1
#8 141.6   Downloading pyparsing-3.2.3-py3-none-any.whl (111 kB)
#8 141.7      â”â”â”â”â”â”â”â”â”â”â”â”â”â”â”â”â”â”â”â”â”â”â”â”â”â”â”â”â”â”â”â”â”â”â”â”â”â”â” 111.1/111.1 kB 1.7 MB/s eta 0:00:00
#8 141.7 Collecting cycler>=0.10
#8 141.7   Downloading cycler-0.12.1-py3-none-any.whl (8.3 kB)
#8 142.0 Collecting kiwisolver>=1.3.1
#8 142.0   Downloading kiwisolver-1.4.7-cp39-cp39-manylinux_2_12_x86_64.manylinux2010_x86_64.whl (1.6 MB)
#8 143.6      â”â”â”â”â”â”â”â”â”â”â”â”â”â”â”â”â”â”â”â”â”â”â”â”â”â”â”â”â”â”â”â”â”â”â”â”â”â”â”â” 1.6/1.6 MB 1.0 MB/s eta 0:00:00
#8 143.7 Collecting anyio<5,>=3.4.0
#8 143.7   Downloading anyio-4.9.0-py3-none-any.whl (100 kB)
#8 143.8      â”â”â”â”â”â”â”â”â”â”â”â”â”â”â”â”â”â”â”â”â”â”â”â”â”â”â”â”â”â”â”â”â”â”â”â”â”â”â” 100.9/100.9 kB 1.4 MB/s eta 0:00:00
#8 143.9 Collecting exceptiongroup>=1.0.2
#8 143.9   Downloading exceptiongroup-1.3.0-py3-none-any.whl (16 kB)
#8 144.0 Collecting idna>=2.8
#8 144.0   Downloading idna-3.10-py3-none-any.whl (70 kB)
#8 144.1      â”â”â”â”â”â”â”â”â”â”â”â”â”â”â”â”â”â”â”â”â”â”â”â”â”â”â”â”â”â”â”â”â”â”â”â”â”â”â”â” 70.4/70.4 kB 1.5 MB/s eta 0:00:00
#8 144.1 Collecting sniffio>=1.1
#8 144.2   Downloading sniffio-1.3.1-py3-none-any.whl (10 kB)
#8 144.3 Collecting zipp>=3.1.0
#8 144.3   Downloading zipp-3.23.0-py3-none-any.whl (10 kB)
#8 144.5 Building wheels for collected packages: pymeeus
#8 144.5   Building wheel for pymeeus (setup.py): started
#8 144.7   Building wheel for pymeeus (setup.py): finished with status 'done'
#8 144.7   Created wheel for pymeeus: filename=PyMeeus-0.5.12-py3-none-any.whl size=732018 sha256=4a0e37b8d8c8c0a68fd6c06e3bf3bc540a3f3c0d183d22caf63f51eb26b4ceaa
#8 144.7   Stored in directory: /tmp/pip-ephem-wheel-cache-7mbv_jb5/wheels/04/1f/e5/8dd0c661cd8d252817655dc14a84f7ae045d6616594145aa81
#8 144.7 Successfully built pymeeus
#8 145.0 Installing collected packages: pytz, pymeeus, passlib, ephem, zipp, typing-extensions, tqdm, threadpoolctl, sniffio, six, python-multipart, pyparsing, pyasn1, psycopg2-binary, pillow, packaging, numpy, kiwisolver, joblib, idna, h11, greenlet, fonttools, cycler, convertdate, click, async-timeout, uvicorn, stanio, sqlalchemy, scipy, rsa, redis, python-dateutil, pydantic, importlib-resources, exceptiongroup, ecdsa, contourpy, scikit-learn, python-jose, pandas, matplotlib, LunarCalendar, holidays, anyio, starlette, cmdstanpy, prophet, fastapi
#8 154.2 Successfully installed LunarCalendar-0.0.9 anyio-4.9.0 async-timeout-5.0.1 click-8.1.8 cmdstanpy-1.2.5 contourpy-1.3.0 convertdate-2.4.0 cycler-0.12.1 ecdsa-0.19.1 ephem-4.2 exceptiongroup-1.3.0 fastapi-0.95.0 fonttools-4.58.4 greenlet-3.2.3 h11-0.16.0 holidays-0.75 idna-3.10 importlib-resources-6.5.2 joblib-1.5.1 kiwisolver-1.4.7 matplotlib-3.9.4 numpy-1.24.2 packaging-25.0 pandas-1.5.3 passlib-1.7.4 pillow-11.2.1 prophet-1.1.2 psycopg2-binary-2.9.5 pyasn1-0.6.1 pydantic-1.10.7 pymeeus-0.5.12 pyparsing-3.2.3 python-dateutil-2.9.0.post0 python-jose-3.3.0 python-multipart-0.0.6 pytz-2025.2 redis-4.5.4 rsa-4.9.1 scikit-learn-1.2.2 scipy-1.13.1 six-1.17.0 sniffio-1.3.1 sqlalchemy-2.0.7 stanio-0.5.1 starlette-0.26.1 threadpoolctl-3.6.0 tqdm-4.67.1 typing-extensions-4.14.0 uvicorn-0.21.1 zipp-3.23.0
#8 154.2 WARNING: Running pip as the 'root' user can result in broken permissions and conflicting behaviour with the system package manager. It is recommended to use a virtual environment instead: https://pip.pypa.io/warnings/venv
#8 154.5 
#8 154.5 [notice] A new release of pip is available: 23.0.1 -> 25.1.1
#8 154.5 [notice] To update, run: pip install --upgrade pip
#8 DONE 154.9s

#9 [5/5] COPY . .
#9 DONE 0.1s

#10 exporting to image
#10 exporting layers
#10 exporting layers 12.7s done
#10 exporting manifest sha256:e679669ecbddcb7ae1ef8bae50b4689ecff04bdaae458a39267c6a426872580e done
#10 exporting config sha256:6dad9d4ed718f40a4feea9cbafea40db52aedf21beae3f8f4f1ce4355c3e2819 done
#10 exporting attestation manifest sha256:d1dc3346f8360455b0e4a0e97c956fb2963af080edc9420c7489081b866c0534 0.0s done
#10 exporting manifest list sha256:99a6e5eb9acb6a93194fb1f947fe6e9cdc748c3f0f0157c19601e9d9177fd078 done
#10 naming to docker.io/library/biuai_api:latest done
#10 unpacking to docker.io/library/biuai_api:latest
#10 unpacking to docker.io/library/biuai_api:latest 1.9s done
#10 DONE 14.7s
Building frontend
#0 building with "desktop-linux" instance using docker driver

#1 [internal] load build definition from Dockerfile
#1 transferring dockerfile: 400B done
#1 WARN: FromAsCasing: 'as' and 'FROM' keywords' casing do not match (line 2)
#1 WARN: FromAsCasing: 'as' and 'FROM' keywords' casing do not match (line 15)
#1 DONE 0.0s

#2 [internal] load metadata for docker.io/library/node:16-alpine
#2 DONE 1.9s

#3 [internal] load metadata for docker.io/library/nginx:stable-alpine
#3 DONE 1.9s

#4 [internal] load .dockerignore
#4 transferring context: 2B done
#4 DONE 0.0s

#5 [build-stage 1/7] FROM docker.io/library/node:16-alpine@sha256:a1f9d027912b58a7c75be7716c97cfbc6d3099f3a97ed84aa490be9dee20e787
#5 resolve docker.io/library/node:16-alpine@sha256:a1f9d027912b58a7c75be7716c97cfbc6d3099f3a97ed84aa490be9dee20e787 0.0s done
#5 DONE 0.0s

#6 [production-stage 1/2] FROM docker.io/library/nginx:stable-alpine@sha256:aed99734248e851764f1f2146835ecad42b5f994081fa6631cc5d79240891ec9
#6 resolve docker.io/library/nginx:stable-alpine@sha256:aed99734248e851764f1f2146835ecad42b5f994081fa6631cc5d79240891ec9 0.0s done
#6 CACHED

#7 [build-stage 2/7] WORKDIR /app
#7 CACHED

#8 [internal] load build context
#8 transferring context: 818B done
#8 DONE 0.0s

#9 [build-stage 3/7] COPY package*.json ./
#9 DONE 0.2s

#10 [build-stage 4/7] RUN npm install -g @quasar/cli@1.3.3
#10 1.169 npm notice 
#10 1.169 npm notice New major version of npm available! 8.19.4 -> 11.4.2
#10 1.169 npm notice Changelog: <https://github.com/npm/cli/releases/tag/v11.4.2>
#10 1.169 npm notice Run `npm install -g npm@11.4.2` to update!
#10 1.169 npm notice 
#10 1.170 npm ERR! code ETARGET
#10 1.171 npm ERR! notarget No matching version found for @quasar/cli@1.3.3.
#10 1.171 npm ERR! notarget In most cases you or one of your dependencies are requesting
#10 1.171 npm ERR! notarget a package version that doesn't exist.
#10 1.172 
#10 1.172 npm ERR! A complete log of this run can be found in:
#10 1.172 npm ERR!     /root/.npm/_logs/2025-06-27T19_53_50_701Z-debug-0.log
#10 ERROR: process "/bin/sh -c npm install -g @quasar/cli@1.3.3" did not complete successfully: exit code: 1
------
 > [build-stage 4/7] RUN npm install -g @quasar/cli@1.3.3:
1.169 npm notice Changelog: <https://github.com/npm/cli/releases/tag/v11.4.2>
1.169 npm notice Run `npm install -g npm@11.4.2` to update!
1.169 npm notice 
1.170 npm ERR! code ETARGET
1.171 npm ERR! notarget No matching version found for @quasar/cli@1.3.3.
1.171 npm ERR! notarget In most cases you or one of your dependencies are requesting
1.171 npm ERR! notarget a package version that doesn't exist.
1.172 
1.172 npm ERR! A complete log of this run can be found in:
1.172 npm ERR!     /root/.npm/_logs/2025-06-27T19_53_50_701Z-debug-0.log
------

 [33m2 warnings found (use docker --debug to expand):
[0m - FromAsCasing: 'as' and 'FROM' keywords' casing do not match (line 2)
 - FromAsCasing: 'as' and 'FROM' keywords' casing do not match (line 15)
Dockerfile:8
--------------------
   6 |     
   7 |     # Instalar dependÃªncias
   8 | >>> RUN npm install -g @quasar/cli@1.3.3
   9 |     RUN npm install
  10 |     
--------------------
ERROR: failed to solve: process "/bin/sh -c npm install -g @quasar/cli@1.3.3" did not complete successfully: exit code: 1
Service 'frontend' failed to build : Build failed
2025-06-27 16:53:51 [ERROR] Falha ao construir imagens Docker
