db uses an image, skipping
pgadmin uses an image, skipping
redis uses an image, skipping
Building model-server
#0 building with "default" instance using docker driver

#1 [internal] load build definition from Dockerfile
#1 transferring dockerfile: 519B done
#1 DONE 0.0s

#2 [internal] load metadata for docker.io/library/python:3.11-slim
#2 DONE 0.0s

#3 [internal] load .dockerignore
#3 transferring context: 2B done
#3 DONE 0.0s

#4 [1/7] FROM docker.io/library/python:3.11-slim
#4 DONE 0.0s

#5 [internal] load build context
#5 transferring context: 13.35kB done
#5 DONE 0.0s

#6 [2/7] WORKDIR /app
#6 DONE 0.0s

#7 [3/7] RUN apt-get update && apt-get install -y     build-essential     curl     && rm -rf /var/lib/apt/lists/*
#7 0.395 Get:1 http://deb.debian.org/debian bookworm InRelease [151 kB]
#7 0.502 Get:2 http://deb.debian.org/debian bookworm-updates InRelease [55.4 kB]
#7 0.541 Get:3 http://deb.debian.org/debian-security bookworm-security InRelease [48.0 kB]
#7 0.596 Get:4 http://deb.debian.org/debian bookworm/main amd64 Packages [8793 kB]
#7 0.852 Get:5 http://deb.debian.org/debian bookworm-updates/main amd64 Packages [756 B]
#7 0.853 Get:6 http://deb.debian.org/debian-security bookworm-security/main amd64 Packages [269 kB]
#7 1.328 Fetched 9317 kB in 1s (9009 kB/s)
#7 1.328 Reading package lists...
#7 1.568 Reading package lists...
#7 1.806 Building dependency tree...
#7 1.861 Reading state information...
#7 1.926 The following additional packages will be installed:
#7 1.926   binutils binutils-common binutils-x86-64-linux-gnu bzip2 cpp cpp-12 dirmngr
#7 1.926   dpkg-dev fakeroot fontconfig-config fonts-dejavu-core g++ g++-12 gcc gcc-12
#7 1.926   gnupg gnupg-l10n gnupg-utils gpg gpg-agent gpg-wks-client gpg-wks-server
#7 1.926   gpgconf gpgsm libabsl20220623 libalgorithm-diff-perl
#7 1.926   libalgorithm-diff-xs-perl libalgorithm-merge-perl libaom3 libasan8
#7 1.927   libassuan0 libatomic1 libavif15 libbinutils libbrotli1 libbsd0 libc-dev-bin
#7 1.927   libc-devtools libc6-dev libcc1-0 libcrypt-dev libctf-nobfd0 libctf0 libcurl4
#7 1.927   libdav1d6 libde265-0 libdeflate0 libdpkg-perl libexpat1 libfakeroot
#7 1.927   libfile-fcntllock-perl libfontconfig1 libfreetype6 libgav1-1 libgcc-12-dev
#7 1.927   libgd3 libgdbm-compat4 libgomp1 libgprofng0 libheif1 libisl23 libitm1
#7 1.927   libjansson4 libjbig0 libjpeg62-turbo libksba8 libldap-2.5-0 libldap-common
#7 1.927   liblerc4 liblocale-gettext-perl liblsan0 libmpc3 libmpfr6 libnghttp2-14
#7 1.927   libnpth0 libnsl-dev libnuma1 libperl5.36 libpng16-16 libpsl5 libquadmath0
#7 1.927   librav1e0 librtmp1 libsasl2-2 libsasl2-modules libsasl2-modules-db libssh2-1
#7 1.927   libstdc++-12-dev libsvtav1enc1 libtiff6 libtirpc-dev libtsan2 libubsan1
#7 1.927   libwebp7 libx11-6 libx11-data libx265-199 libxau6 libxcb1 libxdmcp6 libxpm4
#7 1.927   libyuv0 linux-libc-dev make manpages manpages-dev patch perl
#7 1.927   perl-modules-5.36 pinentry-curses publicsuffix rpcsvc-proto xz-utils
#7 1.927 Suggested packages:
#7 1.927   binutils-doc bzip2-doc cpp-doc gcc-12-locales cpp-12-doc dbus-user-session
#7 1.927   libpam-systemd pinentry-gnome3 tor debian-keyring g++-multilib
#7 1.927   g++-12-multilib gcc-12-doc gcc-multilib autoconf automake libtool flex bison
#7 1.927   gdb gcc-doc gcc-12-multilib parcimonie xloadimage scdaemon glibc-doc
#7 1.927   sensible-utils git bzr libgd-tools libsasl2-modules-gssapi-mit
#7 1.927   | libsasl2-modules-gssapi-heimdal libsasl2-modules-ldap libsasl2-modules-otp
#7 1.927   libsasl2-modules-sql libstdc++-12-doc make-doc man-browser ed diffutils-doc
#7 1.927   perl-doc libterm-readline-gnu-perl | libterm-readline-perl-perl
#7 1.927   libtap-harness-archive-perl pinentry-doc
#7 2.224 The following NEW packages will be installed:
#7 2.224   binutils binutils-common binutils-x86-64-linux-gnu build-essential bzip2 cpp
#7 2.224   cpp-12 curl dirmngr dpkg-dev fakeroot fontconfig-config fonts-dejavu-core
#7 2.224   g++ g++-12 gcc gcc-12 gnupg gnupg-l10n gnupg-utils gpg gpg-agent
#7 2.224   gpg-wks-client gpg-wks-server gpgconf gpgsm libabsl20220623
#7 2.224   libalgorithm-diff-perl libalgorithm-diff-xs-perl libalgorithm-merge-perl
#7 2.224   libaom3 libasan8 libassuan0 libatomic1 libavif15 libbinutils libbrotli1
#7 2.224   libbsd0 libc-dev-bin libc-devtools libc6-dev libcc1-0 libcrypt-dev
#7 2.224   libctf-nobfd0 libctf0 libcurl4 libdav1d6 libde265-0 libdeflate0 libdpkg-perl
#7 2.224   libexpat1 libfakeroot libfile-fcntllock-perl libfontconfig1 libfreetype6
#7 2.224   libgav1-1 libgcc-12-dev libgd3 libgdbm-compat4 libgomp1 libgprofng0 libheif1
#7 2.224   libisl23 libitm1 libjansson4 libjbig0 libjpeg62-turbo libksba8 libldap-2.5-0
#7 2.224   libldap-common liblerc4 liblocale-gettext-perl liblsan0 libmpc3 libmpfr6
#7 2.224   libnghttp2-14 libnpth0 libnsl-dev libnuma1 libperl5.36 libpng16-16 libpsl5
#7 2.224   libquadmath0 librav1e0 librtmp1 libsasl2-2 libsasl2-modules
#7 2.224   libsasl2-modules-db libssh2-1 libstdc++-12-dev libsvtav1enc1 libtiff6
#7 2.224   libtirpc-dev libtsan2 libubsan1 libwebp7 libx11-6 libx11-data libx265-199
#7 2.224   libxau6 libxcb1 libxdmcp6 libxpm4 libyuv0 linux-libc-dev make manpages
#7 2.224   manpages-dev patch perl perl-modules-5.36 pinentry-curses publicsuffix
#7 2.224   rpcsvc-proto xz-utils
#7 2.327 0 upgraded, 115 newly installed, 0 to remove and 1 not upgraded.
#7 2.327 Need to get 99.8 MB of archives.
#7 2.327 After this operation, 392 MB of additional disk space will be used.
#7 2.327 Get:1 http://deb.debian.org/debian bookworm/main amd64 perl-modules-5.36 all 5.36.0-7+deb12u2 [2815 kB]
#7 2.544 Get:2 http://deb.debian.org/debian bookworm/main amd64 libgdbm-compat4 amd64 1.23-3 [48.2 kB]
#7 2.545 Get:3 http://deb.debian.org/debian bookworm/main amd64 libperl5.36 amd64 5.36.0-7+deb12u2 [4207 kB]
#7 2.588 Get:4 http://deb.debian.org/debian bookworm/main amd64 perl amd64 5.36.0-7+deb12u2 [239 kB]
#7 2.588 Get:5 http://deb.debian.org/debian bookworm/main amd64 liblocale-gettext-perl amd64 1.07-5 [15.4 kB]
#7 2.588 Get:6 http://deb.debian.org/debian bookworm/main amd64 bzip2 amd64 1.0.8-5+b1 [49.8 kB]
#7 2.616 Get:7 http://deb.debian.org/debian bookworm/main amd64 manpages all 6.03-2 [1332 kB]
#7 2.628 Get:8 http://deb.debian.org/debian bookworm/main amd64 xz-utils amd64 5.4.1-1 [471 kB]
#7 2.632 Get:9 http://deb.debian.org/debian bookworm/main amd64 binutils-common amd64 2.40-2 [2487 kB]
#7 2.654 Get:10 http://deb.debian.org/debian bookworm/main amd64 libbinutils amd64 2.40-2 [572 kB]
#7 2.660 Get:11 http://deb.debian.org/debian bookworm/main amd64 libctf-nobfd0 amd64 2.40-2 [153 kB]
#7 2.661 Get:12 http://deb.debian.org/debian bookworm/main amd64 libctf0 amd64 2.40-2 [89.8 kB]
#7 2.662 Get:13 http://deb.debian.org/debian bookworm/main amd64 libgprofng0 amd64 2.40-2 [812 kB]
#7 2.672 Get:14 http://deb.debian.org/debian bookworm/main amd64 libjansson4 amd64 2.14-2 [40.8 kB]
#7 2.701 Get:15 http://deb.debian.org/debian bookworm/main amd64 binutils-x86-64-linux-gnu amd64 2.40-2 [2246 kB]
#7 2.721 Get:16 http://deb.debian.org/debian bookworm/main amd64 binutils amd64 2.40-2 [65.0 kB]
#7 2.721 Get:17 http://deb.debian.org/debian bookworm/main amd64 libc-dev-bin amd64 2.36-9+deb12u10 [47.1 kB]
#7 2.722 Get:18 http://deb.debian.org/debian-security bookworm-security/main amd64 linux-libc-dev amd64 6.1.140-1 [2145 kB]
#7 2.741 Get:19 http://deb.debian.org/debian bookworm/main amd64 libcrypt-dev amd64 1:4.4.33-2 [118 kB]
#7 2.742 Get:20 http://deb.debian.org/debian bookworm/main amd64 libtirpc-dev amd64 1.3.3+ds-1 [191 kB]
#7 2.744 Get:21 http://deb.debian.org/debian bookworm/main amd64 libnsl-dev amd64 1.3.0-2 [66.4 kB]
#7 2.744 Get:22 http://deb.debian.org/debian bookworm/main amd64 rpcsvc-proto amd64 1.4.3-1 [63.3 kB]
#7 2.745 Get:23 http://deb.debian.org/debian bookworm/main amd64 libc6-dev amd64 2.36-9+deb12u10 [1903 kB]
#7 2.767 Get:24 http://deb.debian.org/debian bookworm/main amd64 libisl23 amd64 0.25-1.1 [683 kB]
#7 2.773 Get:25 http://deb.debian.org/debian bookworm/main amd64 libmpfr6 amd64 4.2.0-1 [701 kB]
#7 2.781 Get:26 http://deb.debian.org/debian bookworm/main amd64 libmpc3 amd64 1.3.1-1 [51.5 kB]
#7 2.782 Get:27 http://deb.debian.org/debian bookworm/main amd64 cpp-12 amd64 12.2.0-14+deb12u1 [9768 kB]
#7 2.891 Get:28 http://deb.debian.org/debian bookworm/main amd64 cpp amd64 4:12.2.0-3 [6836 B]
#7 2.891 Get:29 http://deb.debian.org/debian bookworm/main amd64 libcc1-0 amd64 12.2.0-14+deb12u1 [41.7 kB]
#7 2.891 Get:30 http://deb.debian.org/debian bookworm/main amd64 libgomp1 amd64 12.2.0-14+deb12u1 [116 kB]
#7 2.892 Get:31 http://deb.debian.org/debian bookworm/main amd64 libitm1 amd64 12.2.0-14+deb12u1 [26.1 kB]
#7 2.892 Get:32 http://deb.debian.org/debian bookworm/main amd64 libatomic1 amd64 12.2.0-14+deb12u1 [9376 B]
#7 2.892 Get:33 http://deb.debian.org/debian bookworm/main amd64 libasan8 amd64 12.2.0-14+deb12u1 [2193 kB]
#7 2.916 Get:34 http://deb.debian.org/debian bookworm/main amd64 liblsan0 amd64 12.2.0-14+deb12u1 [969 kB]
#7 2.954 Get:35 http://deb.debian.org/debian bookworm/main amd64 libtsan2 amd64 12.2.0-14+deb12u1 [2197 kB]
#7 3.007 Get:36 http://deb.debian.org/debian bookworm/main amd64 libubsan1 amd64 12.2.0-14+deb12u1 [883 kB]
#7 3.015 Get:37 http://deb.debian.org/debian bookworm/main amd64 libquadmath0 amd64 12.2.0-14+deb12u1 [145 kB]
#7 3.016 Get:38 http://deb.debian.org/debian bookworm/main amd64 libgcc-12-dev amd64 12.2.0-14+deb12u1 [2437 kB]
#7 3.038 Get:39 http://deb.debian.org/debian bookworm/main amd64 gcc-12 amd64 12.2.0-14+deb12u1 [19.3 MB]
#7 3.250 Get:40 http://deb.debian.org/debian bookworm/main amd64 gcc amd64 4:12.2.0-3 [5216 B]
#7 3.250 Get:41 http://deb.debian.org/debian bookworm/main amd64 libstdc++-12-dev amd64 12.2.0-14+deb12u1 [2047 kB]
#7 3.270 Get:42 http://deb.debian.org/debian bookworm/main amd64 g++-12 amd64 12.2.0-14+deb12u1 [10.7 MB]
#7 3.388 Get:43 http://deb.debian.org/debian bookworm/main amd64 g++ amd64 4:12.2.0-3 [1356 B]
#7 3.388 Get:44 http://deb.debian.org/debian bookworm/main amd64 make amd64 4.3-4.1 [396 kB]
#7 3.391 Get:45 http://deb.debian.org/debian bookworm/main amd64 libdpkg-perl all 1.21.22 [603 kB]
#7 3.398 Get:46 http://deb.debian.org/debian bookworm/main amd64 patch amd64 2.7.6-7 [128 kB]
#7 3.399 Get:47 http://deb.debian.org/debian bookworm/main amd64 dpkg-dev all 1.21.22 [1353 kB]
#7 3.414 Get:48 http://deb.debian.org/debian bookworm/main amd64 build-essential amd64 12.9 [7704 B]
#7 3.415 Get:49 http://deb.debian.org/debian bookworm/main amd64 libbrotli1 amd64 1.0.9-2+b6 [275 kB]
#7 3.417 Get:50 http://deb.debian.org/debian bookworm/main amd64 libsasl2-modules-db amd64 2.1.28+dfsg-10 [20.3 kB]
#7 3.417 Get:51 http://deb.debian.org/debian bookworm/main amd64 libsasl2-2 amd64 2.1.28+dfsg-10 [59.7 kB]
#7 3.418 Get:52 http://deb.debian.org/debian bookworm/main amd64 libldap-2.5-0 amd64 2.5.13+dfsg-5 [183 kB]
#7 3.420 Get:53 http://deb.debian.org/debian bookworm/main amd64 libnghttp2-14 amd64 1.52.0-1+deb12u2 [73.0 kB]
#7 3.444 Get:54 http://deb.debian.org/debian bookworm/main amd64 libpsl5 amd64 0.21.2-1 [58.7 kB]
#7 3.445 Get:55 http://deb.debian.org/debian bookworm/main amd64 librtmp1 amd64 2.4+20151223.gitfa8646d.1-2+b2 [60.8 kB]
#7 3.446 Get:56 http://deb.debian.org/debian bookworm/main amd64 libssh2-1 amd64 1.10.0-3+b1 [179 kB]
#7 3.447 Get:57 http://deb.debian.org/debian bookworm/main amd64 libcurl4 amd64 7.88.1-10+deb12u12 [391 kB]
#7 3.451 Get:58 http://deb.debian.org/debian bookworm/main amd64 curl amd64 7.88.1-10+deb12u12 [315 kB]
#7 3.454 Get:59 http://deb.debian.org/debian bookworm/main amd64 libassuan0 amd64 2.5.5-5 [48.5 kB]
#7 3.454 Get:60 http://deb.debian.org/debian bookworm/main amd64 gpgconf amd64 2.2.40-1.1 [564 kB]
#7 3.470 Get:61 http://deb.debian.org/debian bookworm/main amd64 libksba8 amd64 1.6.3-2 [128 kB]
#7 3.472 Get:62 http://deb.debian.org/debian bookworm/main amd64 libnpth0 amd64 1.6-3 [19.0 kB]
#7 3.472 Get:63 http://deb.debian.org/debian bookworm/main amd64 dirmngr amd64 2.2.40-1.1 [792 kB]
#7 3.498 Get:64 http://deb.debian.org/debian bookworm/main amd64 libfakeroot amd64 1.31-1.2 [28.3 kB]
#7 3.498 Get:65 http://deb.debian.org/debian bookworm/main amd64 fakeroot amd64 1.31-1.2 [66.9 kB]
#7 3.534 Get:66 http://deb.debian.org/debian bookworm/main amd64 fonts-dejavu-core all 2.37-6 [1068 kB]
#7 3.545 Get:67 http://deb.debian.org/debian bookworm/main amd64 fontconfig-config amd64 2.14.1-4 [315 kB]
#7 3.548 Get:68 http://deb.debian.org/debian bookworm/main amd64 gnupg-l10n all 2.2.40-1.1 [1093 kB]
#7 3.557 Get:69 http://deb.debian.org/debian bookworm/main amd64 gnupg-utils amd64 2.2.40-1.1 [927 kB]
#7 3.566 Get:70 http://deb.debian.org/debian bookworm/main amd64 gpg amd64 2.2.40-1.1 [949 kB]
#7 3.574 Get:71 http://deb.debian.org/debian bookworm/main amd64 pinentry-curses amd64 1.2.1-1 [77.4 kB]
#7 3.575 Get:72 http://deb.debian.org/debian bookworm/main amd64 gpg-agent amd64 2.2.40-1.1 [695 kB]
#7 3.581 Get:73 http://deb.debian.org/debian bookworm/main amd64 gpg-wks-client amd64 2.2.40-1.1 [541 kB]
#7 3.587 Get:74 http://deb.debian.org/debian bookworm/main amd64 gpg-wks-server amd64 2.2.40-1.1 [531 kB]
#7 3.593 Get:75 http://deb.debian.org/debian bookworm/main amd64 gpgsm amd64 2.2.40-1.1 [671 kB]
#7 3.600 Get:76 http://deb.debian.org/debian bookworm/main amd64 gnupg all 2.2.40-1.1 [846 kB]
#7 3.610 Get:77 http://deb.debian.org/debian bookworm/main amd64 libabsl20220623 amd64 20220623.1-1+deb12u2 [391 kB]
#7 3.614 Get:78 http://deb.debian.org/debian bookworm/main amd64 libalgorithm-diff-perl all 1.201-1 [43.3 kB]
#7 3.622 Get:79 http://deb.debian.org/debian bookworm/main amd64 libalgorithm-diff-xs-perl amd64 0.04-8+b1 [11.4 kB]
#7 3.622 Get:80 http://deb.debian.org/debian bookworm/main amd64 libalgorithm-merge-perl all 0.08-5 [11.8 kB]
#7 3.655 Get:81 http://deb.debian.org/debian bookworm/main amd64 libaom3 amd64 3.6.0-1+deb12u1 [1851 kB]
#7 3.671 Get:82 http://deb.debian.org/debian bookworm/main amd64 libdav1d6 amd64 1.0.0-2+deb12u1 [513 kB]
#7 3.675 Get:83 http://deb.debian.org/debian bookworm/main amd64 libgav1-1 amd64 0.18.0-1+b1 [332 kB]
#7 3.678 Get:84 http://deb.debian.org/debian bookworm/main amd64 librav1e0 amd64 0.5.1-6 [763 kB]
#7 3.688 Get:85 http://deb.debian.org/debian bookworm/main amd64 libsvtav1enc1 amd64 1.4.1+dfsg-1 [2121 kB]
#7 3.707 Get:86 http://deb.debian.org/debian bookworm/main amd64 libjpeg62-turbo amd64 1:2.1.5-2 [166 kB]
#7 3.708 Get:87 http://deb.debian.org/debian bookworm/main amd64 libyuv0 amd64 0.0~git20230123.b2528b0-1 [168 kB]
#7 3.709 Get:88 http://deb.debian.org/debian-security bookworm-security/main amd64 libavif15 amd64 0.11.1-1+deb12u1 [94.4 kB]
#7 3.710 Get:89 http://deb.debian.org/debian bookworm/main amd64 libbsd0 amd64 0.11.7-2 [117 kB]
#7 3.712 Get:90 http://deb.debian.org/debian bookworm/main amd64 libexpat1 amd64 2.5.0-1+deb12u1 [98.9 kB]
#7 3.713 Get:91 http://deb.debian.org/debian bookworm/main amd64 libpng16-16 amd64 1.6.39-2 [276 kB]
#7 3.718 Get:92 http://deb.debian.org/debian bookworm/main amd64 libfreetype6 amd64 2.12.1+dfsg-5+deb12u4 [398 kB]
#7 3.721 Get:93 http://deb.debian.org/debian bookworm/main amd64 libfontconfig1 amd64 2.14.1-4 [386 kB]
#7 3.744 Get:94 http://deb.debian.org/debian bookworm/main amd64 libde265-0 amd64 1.0.11-1+deb12u2 [185 kB]
#7 3.748 Get:95 http://deb.debian.org/debian bookworm/main amd64 libnuma1 amd64 2.0.16-1 [21.0 kB]
#7 3.749 Get:96 http://deb.debian.org/debian bookworm/main amd64 libx265-199 amd64 3.5-2+b1 [1150 kB]
#7 3.756 Get:97 http://deb.debian.org/debian bookworm/main amd64 libheif1 amd64 1.15.1-1+deb12u1 [215 kB]
#7 3.758 Get:98 http://deb.debian.org/debian bookworm/main amd64 libdeflate0 amd64 1.14-1 [61.4 kB]
#7 3.758 Get:99 http://deb.debian.org/debian bookworm/main amd64 libjbig0 amd64 2.1-6.1 [31.7 kB]
#7 3.773 Get:100 http://deb.debian.org/debian bookworm/main amd64 liblerc4 amd64 4.0.0+ds-2 [170 kB]
#7 3.775 Get:101 http://deb.debian.org/debian bookworm/main amd64 libwebp7 amd64 1.2.4-0.2+deb12u1 [286 kB]
#7 3.777 Get:102 http://deb.debian.org/debian bookworm/main amd64 libtiff6 amd64 4.5.0-6+deb12u2 [316 kB]
#7 3.780 Get:103 http://deb.debian.org/debian bookworm/main amd64 libxau6 amd64 1:1.0.9-1 [19.7 kB]
#7 3.802 Get:104 http://deb.debian.org/debian bookworm/main amd64 libxdmcp6 amd64 1:1.1.2-3 [26.3 kB]
#7 3.803 Get:105 http://deb.debian.org/debian bookworm/main amd64 libxcb1 amd64 1.15-1 [144 kB]
#7 3.804 Get:106 http://deb.debian.org/debian bookworm/main amd64 libx11-data all 2:1.8.4-2+deb12u2 [292 kB]
#7 3.807 Get:107 http://deb.debian.org/debian bookworm/main amd64 libx11-6 amd64 2:1.8.4-2+deb12u2 [760 kB]
#7 3.813 Get:108 http://deb.debian.org/debian bookworm/main amd64 libxpm4 amd64 1:3.5.12-1.1+deb12u1 [48.6 kB]
#7 3.814 Get:109 http://deb.debian.org/debian bookworm/main amd64 libgd3 amd64 2.3.3-9 [124 kB]
#7 3.833 Get:110 http://deb.debian.org/debian bookworm/main amd64 libc-devtools amd64 2.36-9+deb12u10 [54.7 kB]
#7 3.835 Get:111 http://deb.debian.org/debian bookworm/main amd64 libfile-fcntllock-perl amd64 0.22-4+b1 [34.8 kB]
#7 3.836 Get:112 http://deb.debian.org/debian bookworm/main amd64 libldap-common all 2.5.13+dfsg-5 [29.3 kB]
#7 3.837 Get:113 http://deb.debian.org/debian bookworm/main amd64 libsasl2-modules amd64 2.1.28+dfsg-10 [66.6 kB]
#7 3.859 Get:114 http://deb.debian.org/debian bookworm/main amd64 manpages-dev all 6.03-2 [2030 kB]
#7 3.877 Get:115 http://deb.debian.org/debian bookworm/main amd64 publicsuffix all 20230209.2326-1 [126 kB]
#7 3.956 debconf: delaying package configuration, since apt-utils is not installed
#7 3.969 Fetched 99.8 MB in 2s (60.5 MB/s)
#7 3.979 Selecting previously unselected package perl-modules-5.36.
#7 3.979 (Reading database ... (Reading database ... 5%(Reading database ... 10%(Reading database ... 15%(Reading database ... 20%(Reading database ... 25%(Reading database ... 30%(Reading database ... 35%(Reading database ... 40%(Reading database ... 45%(Reading database ... 50%(Reading database ... 55%(Reading database ... 60%(Reading database ... 65%(Reading database ... 70%(Reading database ... 75%(Reading database ... 80%(Reading database ... 85%(Reading database ... 90%(Reading database ... 95%(Reading database ... 100%(Reading database ... 6686 files and directories currently installed.)
#7 3.989 Preparing to unpack .../000-perl-modules-5.36_5.36.0-7+deb12u2_all.deb ...
#7 3.990 Unpacking perl-modules-5.36 (5.36.0-7+deb12u2) ...
#7 4.145 Selecting previously unselected package libgdbm-compat4:amd64.
#7 4.146 Preparing to unpack .../001-libgdbm-compat4_1.23-3_amd64.deb ...
#7 4.149 Unpacking libgdbm-compat4:amd64 (1.23-3) ...
#7 4.178 Selecting previously unselected package libperl5.36:amd64.
#7 4.179 Preparing to unpack .../002-libperl5.36_5.36.0-7+deb12u2_amd64.deb ...
#7 4.181 Unpacking libperl5.36:amd64 (5.36.0-7+deb12u2) ...
#7 4.365 Selecting previously unselected package perl.
#7 4.366 Preparing to unpack .../003-perl_5.36.0-7+deb12u2_amd64.deb ...
#7 4.370 Unpacking perl (5.36.0-7+deb12u2) ...
#7 4.399 Selecting previously unselected package liblocale-gettext-perl.
#7 4.400 Preparing to unpack .../004-liblocale-gettext-perl_1.07-5_amd64.deb ...
#7 4.401 Unpacking liblocale-gettext-perl (1.07-5) ...
#7 4.418 Selecting previously unselected package bzip2.
#7 4.418 Preparing to unpack .../005-bzip2_1.0.8-5+b1_amd64.deb ...
#7 4.419 Unpacking bzip2 (1.0.8-5+b1) ...
#7 4.434 Selecting previously unselected package manpages.
#7 4.435 Preparing to unpack .../006-manpages_6.03-2_all.deb ...
#7 4.436 Unpacking manpages (6.03-2) ...
#7 4.500 Selecting previously unselected package xz-utils.
#7 4.501 Preparing to unpack .../007-xz-utils_5.4.1-1_amd64.deb ...
#7 4.502 Unpacking xz-utils (5.4.1-1) ...
#7 4.542 Selecting previously unselected package binutils-common:amd64.
#7 4.543 Preparing to unpack .../008-binutils-common_2.40-2_amd64.deb ...
#7 4.545 Unpacking binutils-common:amd64 (2.40-2) ...
#7 4.686 Selecting previously unselected package libbinutils:amd64.
#7 4.687 Preparing to unpack .../009-libbinutils_2.40-2_amd64.deb ...
#7 4.688 Unpacking libbinutils:amd64 (2.40-2) ...
#7 4.732 Selecting previously unselected package libctf-nobfd0:amd64.
#7 4.734 Preparing to unpack .../010-libctf-nobfd0_2.40-2_amd64.deb ...
#7 4.736 Unpacking libctf-nobfd0:amd64 (2.40-2) ...
#7 4.773 Selecting previously unselected package libctf0:amd64.
#7 4.774 Preparing to unpack .../011-libctf0_2.40-2_amd64.deb ...
#7 4.777 Unpacking libctf0:amd64 (2.40-2) ...
#7 4.813 Selecting previously unselected package libgprofng0:amd64.
#7 4.814 Preparing to unpack .../012-libgprofng0_2.40-2_amd64.deb ...
#7 4.817 Unpacking libgprofng0:amd64 (2.40-2) ...
#7 4.875 Selecting previously unselected package libjansson4:amd64.
#7 4.876 Preparing to unpack .../013-libjansson4_2.14-2_amd64.deb ...
#7 4.877 Unpacking libjansson4:amd64 (2.14-2) ...
#7 4.892 Selecting previously unselected package binutils-x86-64-linux-gnu.
#7 4.893 Preparing to unpack .../014-binutils-x86-64-linux-gnu_2.40-2_amd64.deb ...
#7 4.894 Unpacking binutils-x86-64-linux-gnu (2.40-2) ...
#7 5.019 Selecting previously unselected package binutils.
#7 5.020 Preparing to unpack .../015-binutils_2.40-2_amd64.deb ...
#7 5.021 Unpacking binutils (2.40-2) ...
#7 5.037 Selecting previously unselected package libc-dev-bin.
#7 5.038 Preparing to unpack .../016-libc-dev-bin_2.36-9+deb12u10_amd64.deb ...
#7 5.039 Unpacking libc-dev-bin (2.36-9+deb12u10) ...
#7 5.066 Selecting previously unselected package linux-libc-dev:amd64.
#7 5.067 Preparing to unpack .../017-linux-libc-dev_6.1.140-1_amd64.deb ...
#7 5.069 Unpacking linux-libc-dev:amd64 (6.1.140-1) ...
#7 5.149 Selecting previously unselected package libcrypt-dev:amd64.
#7 5.149 Preparing to unpack .../018-libcrypt-dev_1%3a4.4.33-2_amd64.deb ...
#7 5.153 Unpacking libcrypt-dev:amd64 (1:4.4.33-2) ...
#7 5.170 Selecting previously unselected package libtirpc-dev:amd64.
#7 5.170 Preparing to unpack .../019-libtirpc-dev_1.3.3+ds-1_amd64.deb ...
#7 5.171 Unpacking libtirpc-dev:amd64 (1.3.3+ds-1) ...
#7 5.200 Selecting previously unselected package libnsl-dev:amd64.
#7 5.201 Preparing to unpack .../020-libnsl-dev_1.3.0-2_amd64.deb ...
#7 5.202 Unpacking libnsl-dev:amd64 (1.3.0-2) ...
#7 5.233 Selecting previously unselected package rpcsvc-proto.
#7 5.233 Preparing to unpack .../021-rpcsvc-proto_1.4.3-1_amd64.deb ...
#7 5.235 Unpacking rpcsvc-proto (1.4.3-1) ...
#7 5.271 Selecting previously unselected package libc6-dev:amd64.
#7 5.273 Preparing to unpack .../022-libc6-dev_2.36-9+deb12u10_amd64.deb ...
#7 5.275 Unpacking libc6-dev:amd64 (2.36-9+deb12u10) ...
#7 5.389 Selecting previously unselected package libisl23:amd64.
#7 5.390 Preparing to unpack .../023-libisl23_0.25-1.1_amd64.deb ...
#7 5.391 Unpacking libisl23:amd64 (0.25-1.1) ...
#7 5.435 Selecting previously unselected package libmpfr6:amd64.
#7 5.436 Preparing to unpack .../024-libmpfr6_4.2.0-1_amd64.deb ...
#7 5.437 Unpacking libmpfr6:amd64 (4.2.0-1) ...
#7 5.468 Selecting previously unselected package libmpc3:amd64.
#7 5.469 Preparing to unpack .../025-libmpc3_1.3.1-1_amd64.deb ...
#7 5.470 Unpacking libmpc3:amd64 (1.3.1-1) ...
#7 5.492 Selecting previously unselected package cpp-12.
#7 5.493 Preparing to unpack .../026-cpp-12_12.2.0-14+deb12u1_amd64.deb ...
#7 5.495 Unpacking cpp-12 (12.2.0-14+deb12u1) ...
#7 5.833 Selecting previously unselected package cpp.
#7 5.834 Preparing to unpack .../027-cpp_4%3a12.2.0-3_amd64.deb ...
#7 5.836 Unpacking cpp (4:12.2.0-3) ...
#7 5.848 Selecting previously unselected package libcc1-0:amd64.
#7 5.848 Preparing to unpack .../028-libcc1-0_12.2.0-14+deb12u1_amd64.deb ...
#7 5.850 Unpacking libcc1-0:amd64 (12.2.0-14+deb12u1) ...
#7 5.862 Selecting previously unselected package libgomp1:amd64.
#7 5.863 Preparing to unpack .../029-libgomp1_12.2.0-14+deb12u1_amd64.deb ...
#7 5.864 Unpacking libgomp1:amd64 (12.2.0-14+deb12u1) ...
#7 5.880 Selecting previously unselected package libitm1:amd64.
#7 5.880 Preparing to unpack .../030-libitm1_12.2.0-14+deb12u1_amd64.deb ...
#7 5.881 Unpacking libitm1:amd64 (12.2.0-14+deb12u1) ...
#7 5.894 Selecting previously unselected package libatomic1:amd64.
#7 5.895 Preparing to unpack .../031-libatomic1_12.2.0-14+deb12u1_amd64.deb ...
#7 5.896 Unpacking libatomic1:amd64 (12.2.0-14+deb12u1) ...
#7 5.909 Selecting previously unselected package libasan8:amd64.
#7 5.909 Preparing to unpack .../032-libasan8_12.2.0-14+deb12u1_amd64.deb ...
#7 5.911 Unpacking libasan8:amd64 (12.2.0-14+deb12u1) ...
#7 6.027 Selecting previously unselected package liblsan0:amd64.
#7 6.028 Preparing to unpack .../033-liblsan0_12.2.0-14+deb12u1_amd64.deb ...
#7 6.030 Unpacking liblsan0:amd64 (12.2.0-14+deb12u1) ...
#7 6.085 Selecting previously unselected package libtsan2:amd64.
#7 6.085 Preparing to unpack .../034-libtsan2_12.2.0-14+deb12u1_amd64.deb ...
#7 6.087 Unpacking libtsan2:amd64 (12.2.0-14+deb12u1) ...
#7 6.190 Selecting previously unselected package libubsan1:amd64.
#7 6.191 Preparing to unpack .../035-libubsan1_12.2.0-14+deb12u1_amd64.deb ...
#7 6.192 Unpacking libubsan1:amd64 (12.2.0-14+deb12u1) ...
#7 6.241 Selecting previously unselected package libquadmath0:amd64.
#7 6.242 Preparing to unpack .../036-libquadmath0_12.2.0-14+deb12u1_amd64.deb ...
#7 6.244 Unpacking libquadmath0:amd64 (12.2.0-14+deb12u1) ...
#7 6.261 Selecting previously unselected package libgcc-12-dev:amd64.
#7 6.262 Preparing to unpack .../037-libgcc-12-dev_12.2.0-14+deb12u1_amd64.deb ...
#7 6.263 Unpacking libgcc-12-dev:amd64 (12.2.0-14+deb12u1) ...
#7 6.368 Selecting previously unselected package gcc-12.
#7 6.369 Preparing to unpack .../038-gcc-12_12.2.0-14+deb12u1_amd64.deb ...
#7 6.370 Unpacking gcc-12 (12.2.0-14+deb12u1) ...
#7 6.735 Selecting previously unselected package gcc.
#7 6.736 Preparing to unpack .../039-gcc_4%3a12.2.0-3_amd64.deb ...
#7 6.737 Unpacking gcc (4:12.2.0-3) ...
#7 6.749 Selecting previously unselected package libstdc++-12-dev:amd64.
#7 6.749 Preparing to unpack .../040-libstdc++-12-dev_12.2.0-14+deb12u1_amd64.deb ...
#7 6.750 Unpacking libstdc++-12-dev:amd64 (12.2.0-14+deb12u1) ...
#7 6.848 Selecting previously unselected package g++-12.
#7 6.849 Preparing to unpack .../041-g++-12_12.2.0-14+deb12u1_amd64.deb ...
#7 6.850 Unpacking g++-12 (12.2.0-14+deb12u1) ...
#7 7.189 Selecting previously unselected package g++.
#7 7.189 Preparing to unpack .../042-g++_4%3a12.2.0-3_amd64.deb ...
#7 7.190 Unpacking g++ (4:12.2.0-3) ...
#7 7.205 Selecting previously unselected package make.
#7 7.206 Preparing to unpack .../043-make_4.3-4.1_amd64.deb ...
#7 7.208 Unpacking make (4.3-4.1) ...
#7 7.241 Selecting previously unselected package libdpkg-perl.
#7 7.242 Preparing to unpack .../044-libdpkg-perl_1.21.22_all.deb ...
#7 7.243 Unpacking libdpkg-perl (1.21.22) ...
#7 7.278 Selecting previously unselected package patch.
#7 7.279 Preparing to unpack .../045-patch_2.7.6-7_amd64.deb ...
#7 7.280 Unpacking patch (2.7.6-7) ...
#7 7.301 Selecting previously unselected package dpkg-dev.
#7 7.301 Preparing to unpack .../046-dpkg-dev_1.21.22_all.deb ...
#7 7.303 Unpacking dpkg-dev (1.21.22) ...
#7 7.368 Selecting previously unselected package build-essential.
#7 7.369 Preparing to unpack .../047-build-essential_12.9_amd64.deb ...
#7 7.370 Unpacking build-essential (12.9) ...
#7 7.381 Selecting previously unselected package libbrotli1:amd64.
#7 7.383 Preparing to unpack .../048-libbrotli1_1.0.9-2+b6_amd64.deb ...
#7 7.384 Unpacking libbrotli1:amd64 (1.0.9-2+b6) ...
#7 7.413 Selecting previously unselected package libsasl2-modules-db:amd64.
#7 7.415 Preparing to unpack .../049-libsasl2-modules-db_2.1.28+dfsg-10_amd64.deb ...
#7 7.417 Unpacking libsasl2-modules-db:amd64 (2.1.28+dfsg-10) ...
#7 7.441 Selecting previously unselected package libsasl2-2:amd64.
#7 7.443 Preparing to unpack .../050-libsasl2-2_2.1.28+dfsg-10_amd64.deb ...
#7 7.445 Unpacking libsasl2-2:amd64 (2.1.28+dfsg-10) ...
#7 7.475 Selecting previously unselected package libldap-2.5-0:amd64.
#7 7.477 Preparing to unpack .../051-libldap-2.5-0_2.5.13+dfsg-5_amd64.deb ...
#7 7.479 Unpacking libldap-2.5-0:amd64 (2.5.13+dfsg-5) ...
#7 7.511 Selecting previously unselected package libnghttp2-14:amd64.
#7 7.512 Preparing to unpack .../052-libnghttp2-14_1.52.0-1+deb12u2_amd64.deb ...
#7 7.513 Unpacking libnghttp2-14:amd64 (1.52.0-1+deb12u2) ...
#7 7.547 Selecting previously unselected package libpsl5:amd64.
#7 7.549 Preparing to unpack .../053-libpsl5_0.21.2-1_amd64.deb ...
#7 7.551 Unpacking libpsl5:amd64 (0.21.2-1) ...
#7 7.582 Selecting previously unselected package librtmp1:amd64.
#7 7.583 Preparing to unpack .../054-librtmp1_2.4+20151223.gitfa8646d.1-2+b2_amd64.deb ...
#7 7.585 Unpacking librtmp1:amd64 (2.4+20151223.gitfa8646d.1-2+b2) ...
#7 7.614 Selecting previously unselected package libssh2-1:amd64.
#7 7.616 Preparing to unpack .../055-libssh2-1_1.10.0-3+b1_amd64.deb ...
#7 7.618 Unpacking libssh2-1:amd64 (1.10.0-3+b1) ...
#7 7.653 Selecting previously unselected package libcurl4:amd64.
#7 7.654 Preparing to unpack .../056-libcurl4_7.88.1-10+deb12u12_amd64.deb ...
#7 7.656 Unpacking libcurl4:amd64 (7.88.1-10+deb12u12) ...
#7 7.690 Selecting previously unselected package curl.
#7 7.690 Preparing to unpack .../057-curl_7.88.1-10+deb12u12_amd64.deb ...
#7 7.691 Unpacking curl (7.88.1-10+deb12u12) ...
#7 7.724 Selecting previously unselected package libassuan0:amd64.
#7 7.725 Preparing to unpack .../058-libassuan0_2.5.5-5_amd64.deb ...
#7 7.726 Unpacking libassuan0:amd64 (2.5.5-5) ...
#7 7.752 Selecting previously unselected package gpgconf.
#7 7.754 Preparing to unpack .../059-gpgconf_2.2.40-1.1_amd64.deb ...
#7 7.756 Unpacking gpgconf (2.2.40-1.1) ...
#7 7.793 Selecting previously unselected package libksba8:amd64.
#7 7.794 Preparing to unpack .../060-libksba8_1.6.3-2_amd64.deb ...
#7 7.796 Unpacking libksba8:amd64 (1.6.3-2) ...
#7 7.825 Selecting previously unselected package libnpth0:amd64.
#7 7.827 Preparing to unpack .../061-libnpth0_1.6-3_amd64.deb ...
#7 7.829 Unpacking libnpth0:amd64 (1.6-3) ...
#7 7.854 Selecting previously unselected package dirmngr.
#7 7.856 Preparing to unpack .../062-dirmngr_2.2.40-1.1_amd64.deb ...
#7 7.876 Unpacking dirmngr (2.2.40-1.1) ...
#7 7.922 Selecting previously unselected package libfakeroot:amd64.
#7 7.922 Preparing to unpack .../063-libfakeroot_1.31-1.2_amd64.deb ...
#7 7.923 Unpacking libfakeroot:amd64 (1.31-1.2) ...
#7 7.940 Selecting previously unselected package fakeroot.
#7 7.942 Preparing to unpack .../064-fakeroot_1.31-1.2_amd64.deb ...
#7 7.944 Unpacking fakeroot (1.31-1.2) ...
#7 7.975 Selecting previously unselected package fonts-dejavu-core.
#7 7.977 Preparing to unpack .../065-fonts-dejavu-core_2.37-6_all.deb ...
#7 7.979 Unpacking fonts-dejavu-core (2.37-6) ...
#7 8.058 Selecting previously unselected package fontconfig-config.
#7 8.059 Preparing to unpack .../066-fontconfig-config_2.14.1-4_amd64.deb ...
#7 8.202 Unpacking fontconfig-config (2.14.1-4) ...
#7 8.239 Selecting previously unselected package gnupg-l10n.
#7 8.241 Preparing to unpack .../067-gnupg-l10n_2.2.40-1.1_all.deb ...
#7 8.242 Unpacking gnupg-l10n (2.2.40-1.1) ...
#7 8.284 Selecting previously unselected package gnupg-utils.
#7 8.284 Preparing to unpack .../068-gnupg-utils_2.2.40-1.1_amd64.deb ...
#7 8.285 Unpacking gnupg-utils (2.2.40-1.1) ...
#7 8.319 Selecting previously unselected package gpg.
#7 8.320 Preparing to unpack .../069-gpg_2.2.40-1.1_amd64.deb ...
#7 8.321 Unpacking gpg (2.2.40-1.1) ...
#7 8.354 Selecting previously unselected package pinentry-curses.
#7 8.355 Preparing to unpack .../070-pinentry-curses_1.2.1-1_amd64.deb ...
#7 8.355 Unpacking pinentry-curses (1.2.1-1) ...
#7 8.370 Selecting previously unselected package gpg-agent.
#7 8.371 Preparing to unpack .../071-gpg-agent_2.2.40-1.1_amd64.deb ...
#7 8.373 Unpacking gpg-agent (2.2.40-1.1) ...
#7 8.406 Selecting previously unselected package gpg-wks-client.
#7 8.406 Preparing to unpack .../072-gpg-wks-client_2.2.40-1.1_amd64.deb ...
#7 8.407 Unpacking gpg-wks-client (2.2.40-1.1) ...
#7 8.429 Selecting previously unselected package gpg-wks-server.
#7 8.431 Preparing to unpack .../073-gpg-wks-server_2.2.40-1.1_amd64.deb ...
#7 8.432 Unpacking gpg-wks-server (2.2.40-1.1) ...
#7 8.456 Selecting previously unselected package gpgsm.
#7 8.457 Preparing to unpack .../074-gpgsm_2.2.40-1.1_amd64.deb ...
#7 8.459 Unpacking gpgsm (2.2.40-1.1) ...
#7 8.490 Selecting previously unselected package gnupg.
#7 8.490 Preparing to unpack .../075-gnupg_2.2.40-1.1_all.deb ...
#7 8.491 Unpacking gnupg (2.2.40-1.1) ...
#7 8.527 Selecting previously unselected package libabsl20220623:amd64.
#7 8.527 Preparing to unpack .../076-libabsl20220623_20220623.1-1+deb12u2_amd64.deb ...
#7 8.528 Unpacking libabsl20220623:amd64 (20220623.1-1+deb12u2) ...
#7 8.568 Selecting previously unselected package libalgorithm-diff-perl.
#7 8.570 Preparing to unpack .../077-libalgorithm-diff-perl_1.201-1_all.deb ...
#7 8.571 Unpacking libalgorithm-diff-perl (1.201-1) ...
#7 8.594 Selecting previously unselected package libalgorithm-diff-xs-perl:amd64.
#7 8.596 Preparing to unpack .../078-libalgorithm-diff-xs-perl_0.04-8+b1_amd64.deb ...
#7 8.597 Unpacking libalgorithm-diff-xs-perl:amd64 (0.04-8+b1) ...
#7 8.620 Selecting previously unselected package libalgorithm-merge-perl.
#7 8.621 Preparing to unpack .../079-libalgorithm-merge-perl_0.08-5_all.deb ...
#7 8.623 Unpacking libalgorithm-merge-perl (0.08-5) ...
#7 8.645 Selecting previously unselected package libaom3:amd64.
#7 8.647 Preparing to unpack .../080-libaom3_3.6.0-1+deb12u1_amd64.deb ...
#7 8.649 Unpacking libaom3:amd64 (3.6.0-1+deb12u1) ...
#7 8.744 Selecting previously unselected package libdav1d6:amd64.
#7 8.745 Preparing to unpack .../081-libdav1d6_1.0.0-2+deb12u1_amd64.deb ...
#7 8.746 Unpacking libdav1d6:amd64 (1.0.0-2+deb12u1) ...
#7 8.776 Selecting previously unselected package libgav1-1:amd64.
#7 8.777 Preparing to unpack .../082-libgav1-1_0.18.0-1+b1_amd64.deb ...
#7 8.778 Unpacking libgav1-1:amd64 (0.18.0-1+b1) ...
#7 8.804 Selecting previously unselected package librav1e0:amd64.
#7 8.805 Preparing to unpack .../083-librav1e0_0.5.1-6_amd64.deb ...
#7 8.816 Unpacking librav1e0:amd64 (0.5.1-6) ...
#7 8.870 Selecting previously unselected package libsvtav1enc1:amd64.
#7 8.871 Preparing to unpack .../084-libsvtav1enc1_1.4.1+dfsg-1_amd64.deb ...
#7 8.872 Unpacking libsvtav1enc1:amd64 (1.4.1+dfsg-1) ...
#7 8.969 Selecting previously unselected package libjpeg62-turbo:amd64.
#7 8.970 Preparing to unpack .../085-libjpeg62-turbo_1%3a2.1.5-2_amd64.deb ...
#7 8.970 Unpacking libjpeg62-turbo:amd64 (1:2.1.5-2) ...
#7 8.989 Selecting previously unselected package libyuv0:amd64.
#7 8.991 Preparing to unpack .../086-libyuv0_0.0~git20230123.b2528b0-1_amd64.deb ...
#7 8.992 Unpacking libyuv0:amd64 (0.0~git20230123.b2528b0-1) ...
#7 9.019 Selecting previously unselected package libavif15:amd64.
#7 9.020 Preparing to unpack .../087-libavif15_0.11.1-1+deb12u1_amd64.deb ...
#7 9.022 Unpacking libavif15:amd64 (0.11.1-1+deb12u1) ...
#7 9.056 Selecting previously unselected package libbsd0:amd64.
#7 9.058 Preparing to unpack .../088-libbsd0_0.11.7-2_amd64.deb ...
#7 9.060 Unpacking libbsd0:amd64 (0.11.7-2) ...
#7 9.094 Selecting previously unselected package libexpat1:amd64.
#7 9.096 Preparing to unpack .../089-libexpat1_2.5.0-1+deb12u1_amd64.deb ...
#7 9.098 Unpacking libexpat1:amd64 (2.5.0-1+deb12u1) ...
#7 9.136 Selecting previously unselected package libpng16-16:amd64.
#7 9.138 Preparing to unpack .../090-libpng16-16_1.6.39-2_amd64.deb ...
#7 9.139 Unpacking libpng16-16:amd64 (1.6.39-2) ...
#7 9.180 Selecting previously unselected package libfreetype6:amd64.
#7 9.181 Preparing to unpack .../091-libfreetype6_2.12.1+dfsg-5+deb12u4_amd64.deb ...
#7 9.182 Unpacking libfreetype6:amd64 (2.12.1+dfsg-5+deb12u4) ...
#7 9.217 Selecting previously unselected package libfontconfig1:amd64.
#7 9.218 Preparing to unpack .../092-libfontconfig1_2.14.1-4_amd64.deb ...
#7 9.219 Unpacking libfontconfig1:amd64 (2.14.1-4) ...
#7 9.235 Selecting previously unselected package libde265-0:amd64.
#7 9.236 Preparing to unpack .../093-libde265-0_1.0.11-1+deb12u2_amd64.deb ...
#7 9.237 Unpacking libde265-0:amd64 (1.0.11-1+deb12u2) ...
#7 9.253 Selecting previously unselected package libnuma1:amd64.
#7 9.254 Preparing to unpack .../094-libnuma1_2.0.16-1_amd64.deb ...
#7 9.255 Unpacking libnuma1:amd64 (2.0.16-1) ...
#7 9.266 Selecting previously unselected package libx265-199:amd64.
#7 9.267 Preparing to unpack .../095-libx265-199_3.5-2+b1_amd64.deb ...
#7 9.268 Unpacking libx265-199:amd64 (3.5-2+b1) ...
#7 9.332 Selecting previously unselected package libheif1:amd64.
#7 9.332 Preparing to unpack .../096-libheif1_1.15.1-1+deb12u1_amd64.deb ...
#7 9.333 Unpacking libheif1:amd64 (1.15.1-1+deb12u1) ...
#7 9.356 Selecting previously unselected package libdeflate0:amd64.
#7 9.357 Preparing to unpack .../097-libdeflate0_1.14-1_amd64.deb ...
#7 9.358 Unpacking libdeflate0:amd64 (1.14-1) ...
#7 9.377 Selecting previously unselected package libjbig0:amd64.
#7 9.379 Preparing to unpack .../098-libjbig0_2.1-6.1_amd64.deb ...
#7 9.380 Unpacking libjbig0:amd64 (2.1-6.1) ...
#7 9.407 Selecting previously unselected package liblerc4:amd64.
#7 9.409 Preparing to unpack .../099-liblerc4_4.0.0+ds-2_amd64.deb ...
#7 9.411 Unpacking liblerc4:amd64 (4.0.0+ds-2) ...
#7 9.444 Selecting previously unselected package libwebp7:amd64.
#7 9.446 Preparing to unpack .../100-libwebp7_1.2.4-0.2+deb12u1_amd64.deb ...
#7 9.448 Unpacking libwebp7:amd64 (1.2.4-0.2+deb12u1) ...
#7 9.493 Selecting previously unselected package libtiff6:amd64.
#7 9.495 Preparing to unpack .../101-libtiff6_4.5.0-6+deb12u2_amd64.deb ...
#7 9.496 Unpacking libtiff6:amd64 (4.5.0-6+deb12u2) ...
#7 9.531 Selecting previously unselected package libxau6:amd64.
#7 9.533 Preparing to unpack .../102-libxau6_1%3a1.0.9-1_amd64.deb ...
#7 9.534 Unpacking libxau6:amd64 (1:1.0.9-1) ...
#7 9.557 Selecting previously unselected package libxdmcp6:amd64.
#7 9.559 Preparing to unpack .../103-libxdmcp6_1%3a1.1.2-3_amd64.deb ...
#7 9.561 Unpacking libxdmcp6:amd64 (1:1.1.2-3) ...
#7 9.585 Selecting previously unselected package libxcb1:amd64.
#7 9.587 Preparing to unpack .../104-libxcb1_1.15-1_amd64.deb ...
#7 9.589 Unpacking libxcb1:amd64 (1.15-1) ...
#7 9.621 Selecting previously unselected package libx11-data.
#7 9.623 Preparing to unpack .../105-libx11-data_2%3a1.8.4-2+deb12u2_all.deb ...
#7 9.625 Unpacking libx11-data (2:1.8.4-2+deb12u2) ...
#7 9.664 Selecting previously unselected package libx11-6:amd64.
#7 9.665 Preparing to unpack .../106-libx11-6_2%3a1.8.4-2+deb12u2_amd64.deb ...
#7 9.667 Unpacking libx11-6:amd64 (2:1.8.4-2+deb12u2) ...
#7 9.713 Selecting previously unselected package libxpm4:amd64.
#7 9.713 Preparing to unpack .../107-libxpm4_1%3a3.5.12-1.1+deb12u1_amd64.deb ...
#7 9.714 Unpacking libxpm4:amd64 (1:3.5.12-1.1+deb12u1) ...
#7 9.727 Selecting previously unselected package libgd3:amd64.
#7 9.728 Preparing to unpack .../108-libgd3_2.3.3-9_amd64.deb ...
#7 9.729 Unpacking libgd3:amd64 (2.3.3-9) ...
#7 9.757 Selecting previously unselected package libc-devtools.
#7 9.758 Preparing to unpack .../109-libc-devtools_2.36-9+deb12u10_amd64.deb ...
#7 9.760 Unpacking libc-devtools (2.36-9+deb12u10) ...
#7 9.788 Selecting previously unselected package libfile-fcntllock-perl.
#7 9.790 Preparing to unpack .../110-libfile-fcntllock-perl_0.22-4+b1_amd64.deb ...
#7 9.792 Unpacking libfile-fcntllock-perl (0.22-4+b1) ...
#7 9.817 Selecting previously unselected package libldap-common.
#7 9.818 Preparing to unpack .../111-libldap-common_2.5.13+dfsg-5_all.deb ...
#7 9.820 Unpacking libldap-common (2.5.13+dfsg-5) ...
#7 9.845 Selecting previously unselected package libsasl2-modules:amd64.
#7 9.846 Preparing to unpack .../112-libsasl2-modules_2.1.28+dfsg-10_amd64.deb ...
#7 9.854 Unpacking libsasl2-modules:amd64 (2.1.28+dfsg-10) ...
#7 9.888 Selecting previously unselected package manpages-dev.
#7 9.890 Preparing to unpack .../113-manpages-dev_6.03-2_all.deb ...
#7 9.891 Unpacking manpages-dev (6.03-2) ...
#7 10.03 Selecting previously unselected package publicsuffix.
#7 10.03 Preparing to unpack .../114-publicsuffix_20230209.2326-1_all.deb ...
#7 10.04 Unpacking publicsuffix (20230209.2326-1) ...
#7 10.07 Setting up libksba8:amd64 (1.6.3-2) ...
#7 10.07 Setting up libexpat1:amd64 (2.5.0-1+deb12u1) ...
#7 10.08 Setting up libaom3:amd64 (3.6.0-1+deb12u1) ...
#7 10.08 Setting up libabsl20220623:amd64 (20220623.1-1+deb12u2) ...
#7 10.08 Setting up libxau6:amd64 (1:1.0.9-1) ...
#7 10.09 Setting up libpsl5:amd64 (0.21.2-1) ...
#7 10.09 Setting up liblerc4:amd64 (4.0.0+ds-2) ...
#7 10.09 Setting up manpages (6.03-2) ...
#7 10.10 Setting up libbrotli1:amd64 (1.0.9-2+b6) ...
#7 10.10 Setting up libsasl2-modules:amd64 (2.1.28+dfsg-10) ...
#7 10.11 Setting up binutils-common:amd64 (2.40-2) ...
#7 10.11 Setting up libnghttp2-14:amd64 (1.52.0-1+deb12u2) ...
#7 10.12 Setting up libdeflate0:amd64 (1.14-1) ...
#7 10.12 Setting up linux-libc-dev:amd64 (6.1.140-1) ...
#7 10.12 Setting up libctf-nobfd0:amd64 (2.40-2) ...
#7 10.13 Setting up libnpth0:amd64 (1.6-3) ...
#7 10.13 Setting up libsvtav1enc1:amd64 (1.4.1+dfsg-1) ...
#7 10.13 Setting up libassuan0:amd64 (2.5.5-5) ...
#7 10.14 Setting up libgomp1:amd64 (12.2.0-14+deb12u1) ...
#7 10.14 Setting up bzip2 (1.0.8-5+b1) ...
#7 10.14 Setting up libldap-common (2.5.13+dfsg-5) ...
#7 10.15 Setting up libjbig0:amd64 (2.1-6.1) ...
#7 10.15 Setting up librav1e0:amd64 (0.5.1-6) ...
#7 10.15 Setting up libfakeroot:amd64 (1.31-1.2) ...
#7 10.16 Setting up libjansson4:amd64 (2.14-2) ...
#7 10.16 Setting up libsasl2-modules-db:amd64 (2.1.28+dfsg-10) ...
#7 10.16 Setting up fakeroot (1.31-1.2) ...
#7 10.17 update-alternatives: using /usr/bin/fakeroot-sysv to provide /usr/bin/fakeroot (fakeroot) in auto mode
#7 10.17 update-alternatives: warning: skip creation of /usr/share/man/man1/fakeroot.1.gz because associated file /usr/share/man/man1/fakeroot-sysv.1.gz (of link group fakeroot) doesn't exist
#7 10.17 update-alternatives: warning: skip creation of /usr/share/man/man1/faked.1.gz because associated file /usr/share/man/man1/faked-sysv.1.gz (of link group fakeroot) doesn't exist
#7 10.17 update-alternatives: warning: skip creation of /usr/share/man/es/man1/fakeroot.1.gz because associated file /usr/share/man/es/man1/fakeroot-sysv.1.gz (of link group fakeroot) doesn't exist
#7 10.17 update-alternatives: warning: skip creation of /usr/share/man/es/man1/faked.1.gz because associated file /usr/share/man/es/man1/faked-sysv.1.gz (of link group fakeroot) doesn't exist
#7 10.17 update-alternatives: warning: skip creation of /usr/share/man/fr/man1/fakeroot.1.gz because associated file /usr/share/man/fr/man1/fakeroot-sysv.1.gz (of link group fakeroot) doesn't exist
#7 10.17 update-alternatives: warning: skip creation of /usr/share/man/fr/man1/faked.1.gz because associated file /usr/share/man/fr/man1/faked-sysv.1.gz (of link group fakeroot) doesn't exist
#7 10.17 update-alternatives: warning: skip creation of /usr/share/man/sv/man1/fakeroot.1.gz because associated file /usr/share/man/sv/man1/fakeroot-sysv.1.gz (of link group fakeroot) doesn't exist
#7 10.17 update-alternatives: warning: skip creation of /usr/share/man/sv/man1/faked.1.gz because associated file /usr/share/man/sv/man1/faked-sysv.1.gz (of link group fakeroot) doesn't exist
#7 10.18 Setting up perl-modules-5.36 (5.36.0-7+deb12u2) ...
#7 10.18 Setting up libtirpc-dev:amd64 (1.3.3+ds-1) ...
#7 10.18 Setting up rpcsvc-proto (1.4.3-1) ...
#7 10.19 Setting up libjpeg62-turbo:amd64 (1:2.1.5-2) ...
#7 10.19 Setting up libx11-data (2:1.8.4-2+deb12u2) ...
#7 10.19 Setting up make (4.3-4.1) ...
#7 10.20 Setting up libmpfr6:amd64 (4.2.0-1) ...
#7 10.20 Setting up gnupg-l10n (2.2.40-1.1) ...
#7 10.20 Setting up librtmp1:amd64 (2.4+20151223.gitfa8646d.1-2+b2) ...
#7 10.21 Setting up xz-utils (5.4.1-1) ...
#7 10.21 update-alternatives: using /usr/bin/xz to provide /usr/bin/lzma (lzma) in auto mode
#7 10.21 update-alternatives: warning: skip creation of /usr/share/man/man1/lzma.1.gz because associated file /usr/share/man/man1/xz.1.gz (of link group lzma) doesn't exist
#7 10.21 update-alternatives: warning: skip creation of /usr/share/man/man1/unlzma.1.gz because associated file /usr/share/man/man1/unxz.1.gz (of link group lzma) doesn't exist
#7 10.21 update-alternatives: warning: skip creation of /usr/share/man/man1/lzcat.1.gz because associated file /usr/share/man/man1/xzcat.1.gz (of link group lzma) doesn't exist
#7 10.21 update-alternatives: warning: skip creation of /usr/share/man/man1/lzmore.1.gz because associated file /usr/share/man/man1/xzmore.1.gz (of link group lzma) doesn't exist
#7 10.21 update-alternatives: warning: skip creation of /usr/share/man/man1/lzless.1.gz because associated file /usr/share/man/man1/xzless.1.gz (of link group lzma) doesn't exist
#7 10.21 update-alternatives: warning: skip creation of /usr/share/man/man1/lzdiff.1.gz because associated file /usr/share/man/man1/xzdiff.1.gz (of link group lzma) doesn't exist
#7 10.21 update-alternatives: warning: skip creation of /usr/share/man/man1/lzcmp.1.gz because associated file /usr/share/man/man1/xzcmp.1.gz (of link group lzma) doesn't exist
#7 10.21 update-alternatives: warning: skip creation of /usr/share/man/man1/lzgrep.1.gz because associated file /usr/share/man/man1/xzgrep.1.gz (of link group lzma) doesn't exist
#7 10.21 update-alternatives: warning: skip creation of /usr/share/man/man1/lzegrep.1.gz because associated file /usr/share/man/man1/xzegrep.1.gz (of link group lzma) doesn't exist
#7 10.21 update-alternatives: warning: skip creation of /usr/share/man/man1/lzfgrep.1.gz because associated file /usr/share/man/man1/xzfgrep.1.gz (of link group lzma) doesn't exist
#7 10.22 Setting up libquadmath0:amd64 (12.2.0-14+deb12u1) ...
#7 10.22 Setting up libpng16-16:amd64 (1.6.39-2) ...
#7 10.22 Setting up libmpc3:amd64 (1.3.1-1) ...
#7 10.23 Setting up libatomic1:amd64 (12.2.0-14+deb12u1) ...
#7 10.23 Setting up patch (2.7.6-7) ...
#7 10.23 Setting up fonts-dejavu-core (2.37-6) ...
#7 10.25 Setting up libgdbm-compat4:amd64 (1.23-3) ...
#7 10.25 Setting up libgav1-1:amd64 (0.18.0-1+b1) ...
#7 10.26 Setting up libdav1d6:amd64 (1.0.0-2+deb12u1) ...
#7 10.26 Setting up libsasl2-2:amd64 (2.1.28+dfsg-10) ...
#7 10.27 Setting up libwebp7:amd64 (1.2.4-0.2+deb12u1) ...
#7 10.27 Setting up libubsan1:amd64 (12.2.0-14+deb12u1) ...
#7 10.28 Setting up libnuma1:amd64 (2.0.16-1) ...
#7 10.28 Setting up libnsl-dev:amd64 (1.3.0-2) ...
#7 10.29 Setting up libcrypt-dev:amd64 (1:4.4.33-2) ...
#7 10.30 Setting up libtiff6:amd64 (4.5.0-6+deb12u2) ...
#7 10.31 Setting up libasan8:amd64 (12.2.0-14+deb12u1) ...
#7 10.33 Setting up gpgconf (2.2.40-1.1) ...
#7 10.34 Setting up libssh2-1:amd64 (1.10.0-3+b1) ...
#7 10.35 Setting up libtsan2:amd64 (12.2.0-14+deb12u1) ...
#7 10.36 Setting up libbinutils:amd64 (2.40-2) ...
#7 10.37 Setting up libisl23:amd64 (0.25-1.1) ...
#7 10.37 Setting up libde265-0:amd64 (1.0.11-1+deb12u2) ...
#7 10.37 Setting up libc-dev-bin (2.36-9+deb12u10) ...
#7 10.38 Setting up libbsd0:amd64 (0.11.7-2) ...
#7 10.38 Setting up libyuv0:amd64 (0.0~git20230123.b2528b0-1) ...
#7 10.39 Setting up publicsuffix (20230209.2326-1) ...
#7 10.39 Setting up libcc1-0:amd64 (12.2.0-14+deb12u1) ...
#7 10.39 Setting up libperl5.36:amd64 (5.36.0-7+deb12u2) ...
#7 10.40 Setting up liblocale-gettext-perl (1.07-5) ...
#7 10.40 Setting up gpg (2.2.40-1.1) ...
#7 10.40 Setting up liblsan0:amd64 (12.2.0-14+deb12u1) ...
#7 10.41 Setting up libitm1:amd64 (12.2.0-14+deb12u1) ...
#7 10.41 Setting up gnupg-utils (2.2.40-1.1) ...
#7 10.41 Setting up libctf0:amd64 (2.40-2) ...
#7 10.42 Setting up pinentry-curses (1.2.1-1) ...
#7 10.43 Setting up manpages-dev (6.03-2) ...
#7 10.43 Setting up libxdmcp6:amd64 (1:1.1.2-3) ...
#7 10.43 Setting up cpp-12 (12.2.0-14+deb12u1) ...
#7 10.44 Setting up libxcb1:amd64 (1.15-1) ...
#7 10.44 Setting up gpg-agent (2.2.40-1.1) ...
#7 10.72 Setting up libavif15:amd64 (0.11.1-1+deb12u1) ...
#7 10.72 Setting up fontconfig-config (2.14.1-4) ...
#7 10.77 debconf: unable to initialize frontend: Dialog
#7 10.77 debconf: (TERM is not set, so the dialog frontend is not usable.)
#7 10.77 debconf: falling back to frontend: Readline
#7 10.77 debconf: unable to initialize frontend: Readline
#7 10.77 debconf: (This frontend requires a controlling tty.)
#7 10.77 debconf: falling back to frontend: Teletype
#7 10.94 Setting up gpgsm (2.2.40-1.1) ...
#7 10.95 Setting up libldap-2.5-0:amd64 (2.5.13+dfsg-5) ...
#7 10.95 Setting up dirmngr (2.2.40-1.1) ...
#7 11.04 Setting up perl (5.36.0-7+deb12u2) ...
#7 11.05 Setting up libgprofng0:amd64 (2.40-2) ...
#7 11.05 Setting up libfreetype6:amd64 (2.12.1+dfsg-5+deb12u4) ...
#7 11.05 Setting up libgcc-12-dev:amd64 (12.2.0-14+deb12u1) ...
#7 11.06 Setting up libdpkg-perl (1.21.22) ...
#7 11.06 Setting up libx265-199:amd64 (3.5-2+b1) ...
#7 11.06 Setting up gpg-wks-server (2.2.40-1.1) ...
#7 11.06 Setting up cpp (4:12.2.0-3) ...
#7 11.07 Setting up libcurl4:amd64 (7.88.1-10+deb12u12) ...
#7 11.08 Setting up libc6-dev:amd64 (2.36-9+deb12u10) ...
#7 11.08 Setting up libx11-6:amd64 (2:1.8.4-2+deb12u2) ...
#7 11.08 Setting up curl (7.88.1-10+deb12u12) ...
#7 11.08 Setting up libfontconfig1:amd64 (2.14.1-4) ...
#7 11.09 Setting up binutils-x86-64-linux-gnu (2.40-2) ...
#7 11.09 Setting up libxpm4:amd64 (1:3.5.12-1.1+deb12u1) ...
#7 11.09 Setting up gpg-wks-client (2.2.40-1.1) ...
#7 11.10 Setting up libstdc++-12-dev:amd64 (12.2.0-14+deb12u1) ...
#7 11.10 Setting up libfile-fcntllock-perl (0.22-4+b1) ...
#7 11.10 Setting up libalgorithm-diff-perl (1.201-1) ...
#7 11.11 Setting up libheif1:amd64 (1.15.1-1+deb12u1) ...
#7 11.11 Setting up binutils (2.40-2) ...
#7 11.11 Setting up dpkg-dev (1.21.22) ...
#7 11.12 Setting up gcc-12 (12.2.0-14+deb12u1) ...
#7 11.12 Setting up libgd3:amd64 (2.3.3-9) ...
#7 11.12 Setting up gnupg (2.2.40-1.1) ...
#7 11.13 Setting up libalgorithm-diff-xs-perl:amd64 (0.04-8+b1) ...
#7 11.13 Setting up libc-devtools (2.36-9+deb12u10) ...
#7 11.13 Setting up libalgorithm-merge-perl (0.08-5) ...
#7 11.14 Setting up g++-12 (12.2.0-14+deb12u1) ...
#7 11.14 Setting up gcc (4:12.2.0-3) ...
#7 11.15 Setting up g++ (4:12.2.0-3) ...
#7 11.16 update-alternatives: using /usr/bin/g++ to provide /usr/bin/c++ (c++) in auto mode
#7 11.16 Setting up build-essential (12.9) ...
#7 11.16 Processing triggers for libc-bin (2.36-9+deb12u10) ...
#7 DONE 11.3s

#8 [4/7] COPY requirements.txt .
#8 DONE 0.0s

#9 [5/7] RUN pip install --no-cache-dir -r requirements.txt
#9 1.245 Collecting fastapi==0.104.1 (from -r requirements.txt (line 1))
#9 1.380   Downloading fastapi-0.104.1-py3-none-any.whl.metadata (24 kB)
#9 1.453 Collecting uvicorn==0.24.0 (from -r requirements.txt (line 2))
#9 1.485   Downloading uvicorn-0.24.0-py3-none-any.whl.metadata (6.4 kB)
#9 1.727 Collecting sqlalchemy==2.0.23 (from -r requirements.txt (line 3))
#9 1.758   Downloading SQLAlchemy-2.0.23-cp311-cp311-manylinux_2_17_x86_64.manylinux2014_x86_64.whl.metadata (9.6 kB)
#9 1.849 Collecting psycopg2-binary==2.9.9 (from -r requirements.txt (line 4))
#9 1.883   Downloading psycopg2_binary-2.9.9-cp311-cp311-manylinux_2_17_x86_64.manylinux2014_x86_64.whl.metadata (4.4 kB)
#9 1.981 Collecting pydantic==2.5.2 (from -r requirements.txt (line 5))
#9 2.012   Downloading pydantic-2.5.2-py3-none-any.whl.metadata (65 kB)
#9 2.045       65.2/65.2 kB 2.1 MB/s eta 0:00:00
#9 2.115 Collecting pydantic-settings==2.1.0 (from -r requirements.txt (line 6))
#9 2.147   Downloading pydantic_settings-2.1.0-py3-none-any.whl.metadata (2.9 kB)
#9 2.247 Collecting pandas==2.1.3 (from -r requirements.txt (line 7))
#9 2.280   Downloading pandas-2.1.3-cp311-cp311-manylinux_2_17_x86_64.manylinux2014_x86_64.whl.metadata (18 kB)
#9 2.411 Collecting numpy==1.26.2 (from -r requirements.txt (line 8))
#9 2.442   Downloading numpy-1.26.2-cp311-cp311-manylinux_2_17_x86_64.manylinux2014_x86_64.whl.metadata (61 kB)
#9 2.450       61.2/61.2 kB 10.2 MB/s eta 0:00:00
#9 2.579 Collecting scikit-learn==1.3.2 (from -r requirements.txt (line 9))
#9 2.622   Downloading scikit_learn-1.3.2-cp311-cp311-manylinux_2_17_x86_64.manylinux2014_x86_64.whl.metadata (11 kB)
#9 2.687 Collecting xgboost==2.0.2 (from -r requirements.txt (line 10))
#9 2.719   Downloading xgboost-2.0.2-py3-none-manylinux2014_x86_64.whl.metadata (2.0 kB)
#9 2.774 Collecting lightgbm==4.1.0 (from -r requirements.txt (line 11))
#9 2.809   Downloading lightgbm-4.1.0-py3-none-manylinux_2_28_x86_64.whl.metadata (19 kB)
#9 2.884 Collecting optuna==3.4.0 (from -r requirements.txt (line 12))
#9 2.921   Downloading optuna-3.4.0-py3-none-any.whl.metadata (17 kB)
#9 2.990 Collecting shap==0.43.0 (from -r requirements.txt (line 13))
#9 3.047   Downloading shap-0.43.0-cp311-cp311-manylinux_2_12_x86_64.manylinux2010_x86_64.manylinux_2_17_x86_64.manylinux2014_x86_64.whl.metadata (24 kB)
#9 3.109 Collecting joblib==1.3.2 (from -r requirements.txt (line 14))
#9 3.142   Downloading joblib-1.3.2-py3-none-any.whl.metadata (5.4 kB)
#9 3.194 Collecting python-dateutil==2.8.2 (from -r requirements.txt (line 15))
#9 3.226   Downloading python_dateutil-2.8.2-py2.py3-none-any.whl.metadata (8.2 kB)
#9 3.280 Collecting python-dotenv==1.0.0 (from -r requirements.txt (line 16))
#9 3.313   Downloading python_dotenv-1.0.0-py3-none-any.whl.metadata (21 kB)
#9 3.368 Collecting httpx==0.25.2 (from -r requirements.txt (line 17))
#9 3.402   Downloading httpx-0.25.2-py3-none-any.whl.metadata (6.9 kB)
#9 3.476 Collecting pytest==7.4.3 (from -r requirements.txt (line 18))
#9 3.509   Downloading pytest-7.4.3-py3-none-any.whl.metadata (7.9 kB)
#9 3.673 Collecting pytest-asyncio==0.21.1 (from -r requirements.txt (line 19))
#9 3.705   Downloading pytest_asyncio-0.21.1-py3-none-any.whl.metadata (4.0 kB)
#9 3.774 Collecting anyio<4.0.0,>=3.7.1 (from fastapi==0.104.1->-r requirements.txt (line 1))
#9 3.805   Downloading anyio-3.7.1-py3-none-any.whl.metadata (4.7 kB)
#9 3.876 Collecting starlette<0.28.0,>=0.27.0 (from fastapi==0.104.1->-r requirements.txt (line 1))
#9 3.909   Downloading starlette-0.27.0-py3-none-any.whl.metadata (5.8 kB)
#9 3.962 Collecting typing-extensions>=4.8.0 (from fastapi==0.104.1->-r requirements.txt (line 1))
#9 3.993   Downloading typing_extensions-4.14.0-py3-none-any.whl.metadata (3.0 kB)
#9 4.060 Collecting click>=7.0 (from uvicorn==0.24.0->-r requirements.txt (line 2))
#9 4.092   Downloading click-8.2.1-py3-none-any.whl.metadata (2.5 kB)
#9 4.138 Collecting h11>=0.8 (from uvicorn==0.24.0->-r requirements.txt (line 2))
#9 4.171   Downloading h11-0.16.0-py3-none-any.whl.metadata (8.3 kB)
#9 4.309 Collecting greenlet!=0.4.17 (from sqlalchemy==2.0.23->-r requirements.txt (line 3))
#9 4.340   Downloading greenlet-3.2.3-cp311-cp311-manylinux_2_24_x86_64.manylinux_2_28_x86_64.whl.metadata (4.1 kB)
#9 4.381 Collecting annotated-types>=0.4.0 (from pydantic==2.5.2->-r requirements.txt (line 5))
#9 4.411   Downloading annotated_types-0.7.0-py3-none-any.whl.metadata (15 kB)
#9 4.796 Collecting pydantic-core==2.14.5 (from pydantic==2.5.2->-r requirements.txt (line 5))
#9 4.829   Downloading pydantic_core-2.14.5-cp311-cp311-manylinux_2_17_x86_64.manylinux2014_x86_64.whl.metadata (6.5 kB)
#9 4.919 Collecting pytz>=2020.1 (from pandas==2.1.3->-r requirements.txt (line 7))
#9 4.953   Downloading pytz-2025.2-py2.py3-none-any.whl.metadata (22 kB)
#9 4.989 Collecting tzdata>=2022.1 (from pandas==2.1.3->-r requirements.txt (line 7))
#9 5.020   Downloading tzdata-2025.2-py2.py3-none-any.whl.metadata (1.4 kB)
#9 5.169 Collecting scipy>=1.5.0 (from scikit-learn==1.3.2->-r requirements.txt (line 9))
#9 5.202   Downloading scipy-1.16.0-cp311-cp311-manylinux2014_x86_64.manylinux_2_17_x86_64.whl.metadata (61 kB)
#9 5.209       61.9/61.9 kB 9.6 MB/s eta 0:00:00
#9 5.254 Collecting threadpoolctl>=2.0.0 (from scikit-learn==1.3.2->-r requirements.txt (line 9))
#9 5.284   Downloading threadpoolctl-3.6.0-py3-none-any.whl.metadata (13 kB)
#9 5.361 Collecting alembic>=1.5.0 (from optuna==3.4.0->-r requirements.txt (line 12))
#9 5.394   Downloading alembic-1.16.2-py3-none-any.whl.metadata (7.3 kB)
#9 5.435 Collecting colorlog (from optuna==3.4.0->-r requirements.txt (line 12))
#9 5.466   Downloading colorlog-6.9.0-py3-none-any.whl.metadata (10 kB)
#9 5.516 Collecting packaging>=20.0 (from optuna==3.4.0->-r requirements.txt (line 12))
#9 5.547   Downloading packaging-25.0-py3-none-any.whl.metadata (3.3 kB)
#9 5.605 Collecting tqdm (from optuna==3.4.0->-r requirements.txt (line 12))
#9 5.636   Downloading tqdm-4.67.1-py3-none-any.whl.metadata (57 kB)
#9 5.642       57.7/57.7 kB 9.9 MB/s eta 0:00:00
#9 5.689 Collecting PyYAML (from optuna==3.4.0->-r requirements.txt (line 12))
#9 5.722   Downloading PyYAML-6.0.2-cp311-cp311-manylinux_2_17_x86_64.manylinux2014_x86_64.whl.metadata (2.1 kB)
#9 5.781 Collecting slicer==0.0.7 (from shap==0.43.0->-r requirements.txt (line 13))
#9 5.812   Downloading slicer-0.0.7-py3-none-any.whl.metadata (3.7 kB)
#9 5.887 Collecting numba (from shap==0.43.0->-r requirements.txt (line 13))
#9 5.917   Downloading numba-0.61.2-cp311-cp311-manylinux2014_x86_64.manylinux_2_17_x86_64.whl.metadata (2.8 kB)
#9 5.957 Collecting cloudpickle (from shap==0.43.0->-r requirements.txt (line 13))
#9 5.987   Downloading cloudpickle-3.1.1-py3-none-any.whl.metadata (7.1 kB)
#9 6.027 Collecting six>=1.5 (from python-dateutil==2.8.2->-r requirements.txt (line 15))
#9 6.058   Downloading six-1.17.0-py2.py3-none-any.whl.metadata (1.7 kB)
#9 6.113 Collecting certifi (from httpx==0.25.2->-r requirements.txt (line 17))
#9 6.146   Downloading certifi-2025.6.15-py3-none-any.whl.metadata (2.4 kB)
#9 6.186 Collecting httpcore==1.* (from httpx==0.25.2->-r requirements.txt (line 17))
#9 6.218   Downloading httpcore-1.0.9-py3-none-any.whl.metadata (21 kB)
#9 6.259 Collecting idna (from httpx==0.25.2->-r requirements.txt (line 17))
#9 6.288   Downloading idna-3.10-py3-none-any.whl.metadata (10 kB)
#9 6.321 Collecting sniffio (from httpx==0.25.2->-r requirements.txt (line 17))
#9 6.352   Downloading sniffio-1.3.1-py3-none-any.whl.metadata (3.9 kB)
#9 6.393 Collecting iniconfig (from pytest==7.4.3->-r requirements.txt (line 18))
#9 6.424   Downloading iniconfig-2.1.0-py3-none-any.whl.metadata (2.7 kB)
#9 6.463 Collecting pluggy<2.0,>=0.12 (from pytest==7.4.3->-r requirements.txt (line 18))
#9 6.493   Downloading pluggy-1.6.0-py3-none-any.whl.metadata (4.8 kB)
#9 6.563 Collecting Mako (from alembic>=1.5.0->optuna==3.4.0->-r requirements.txt (line 12))
#9 6.595   Downloading mako-1.3.10-py3-none-any.whl.metadata (2.9 kB)
#9 6.773 Collecting llvmlite<0.45,>=0.44.0dev0 (from numba->shap==0.43.0->-r requirements.txt (line 13))
#9 6.806   Downloading llvmlite-0.44.0-cp311-cp311-manylinux_2_17_x86_64.manylinux2014_x86_64.whl.metadata (4.8 kB)
#9 6.880 Collecting MarkupSafe>=0.9.2 (from Mako->alembic>=1.5.0->optuna==3.4.0->-r requirements.txt (line 12))
#9 6.912   Downloading MarkupSafe-3.0.2-cp311-cp311-manylinux_2_17_x86_64.manylinux2014_x86_64.whl.metadata (4.0 kB)
#9 6.975 Downloading fastapi-0.104.1-py3-none-any.whl (92 kB)
#9 6.985     92.9/92.9 kB 9.5 MB/s eta 0:00:00
#9 7.016 Downloading uvicorn-0.24.0-py3-none-any.whl (59 kB)
#9 7.020     59.6/59.6 kB 20.5 MB/s eta 0:00:00
#9 7.051 Downloading SQLAlchemy-2.0.23-cp311-cp311-manylinux_2_17_x86_64.manylinux2014_x86_64.whl (3.2 MB)
#9 7.314     3.2/3.2 MB 12.2 MB/s eta 0:00:00
#9 7.352 Downloading psycopg2_binary-2.9.9-cp311-cp311-manylinux_2_17_x86_64.manylinux2014_x86_64.whl (3.0 MB)
#9 7.384     3.0/3.0 MB 98.4 MB/s eta 0:00:00
#9 7.417 Downloading pydantic-2.5.2-py3-none-any.whl (381 kB)
#9 7.421     381.9/381.9 kB 137.0 MB/s eta 0:00:00
#9 7.461 Downloading pydantic_settings-2.1.0-py3-none-any.whl (11 kB)
#9 7.494 Downloading pandas-2.1.3-cp311-cp311-manylinux_2_17_x86_64.manylinux2014_x86_64.whl (12.2 MB)
#9 7.620     12.2/12.2 MB 95.4 MB/s eta 0:00:00
#9 7.654 Downloading numpy-1.26.2-cp311-cp311-manylinux_2_17_x86_64.manylinux2014_x86_64.whl (18.2 MB)
#9 7.846     18.2/18.2 MB 90.7 MB/s eta 0:00:00
#9 7.881 Downloading scikit_learn-1.3.2-cp311-cp311-manylinux_2_17_x86_64.manylinux2014_x86_64.whl (10.9 MB)
#9 7.991     10.9/10.9 MB 98.4 MB/s eta 0:00:00
#9 8.026 Downloading xgboost-2.0.2-py3-none-manylinux2014_x86_64.whl (297.1 MB)
#9 11.30     297.1/297.1 MB 90.7 MB/s eta 0:00:00
#9 11.33 Downloading lightgbm-4.1.0-py3-none-manylinux_2_28_x86_64.whl (3.1 MB)
#9 11.37     3.1/3.1 MB 117.2 MB/s eta 0:00:00
#9 11.40 Downloading optuna-3.4.0-py3-none-any.whl (409 kB)
#9 11.40     409.6/409.6 kB 169.3 MB/s eta 0:00:00
#9 11.44 Downloading shap-0.43.0-cp311-cp311-manylinux_2_12_x86_64.manylinux2010_x86_64.manylinux_2_17_x86_64.manylinux2014_x86_64.whl (532 kB)
#9 11.45     532.9/532.9 kB 195.4 MB/s eta 0:00:00
#9 11.48 Downloading joblib-1.3.2-py3-none-any.whl (302 kB)
#9 11.49     302.2/302.2 kB 72.9 MB/s eta 0:00:00
#9 11.52 Downloading python_dateutil-2.8.2-py2.py3-none-any.whl (247 kB)
#9 11.52     247.7/247.7 kB 149.8 MB/s eta 0:00:00
#9 11.55 Downloading python_dotenv-1.0.0-py3-none-any.whl (19 kB)
#9 11.59 Downloading httpx-0.25.2-py3-none-any.whl (74 kB)
#9 11.59     75.0/75.0 kB 695.7 MB/s eta 0:00:00
#9 11.62 Downloading pytest-7.4.3-py3-none-any.whl (325 kB)
#9 11.62     325.1/325.1 kB 192.3 MB/s eta 0:00:00
#9 11.65 Downloading pytest_asyncio-0.21.1-py3-none-any.whl (13 kB)
#9 11.69 Downloading httpcore-1.0.9-py3-none-any.whl (78 kB)
#9 11.69     78.8/78.8 kB 685.3 MB/s eta 0:00:00
#9 11.72 Downloading pydantic_core-2.14.5-cp311-cp311-manylinux_2_17_x86_64.manylinux2014_x86_64.whl (2.1 MB)
#9 11.74     2.1/2.1 MB 104.3 MB/s eta 0:00:00
#9 11.77 Downloading slicer-0.0.7-py3-none-any.whl (14 kB)
#9 11.82 Downloading alembic-1.16.2-py3-none-any.whl (242 kB)
#9 11.82     242.7/242.7 kB 227.3 MB/s eta 0:00:00
#9 11.85 Downloading annotated_types-0.7.0-py3-none-any.whl (13 kB)
#9 11.89 Downloading anyio-3.7.1-py3-none-any.whl (80 kB)
#9 11.89     80.9/80.9 kB 209.3 MB/s eta 0:00:00
#9 11.92 Downloading click-8.2.1-py3-none-any.whl (102 kB)
#9 11.93     102.2/102.2 kB 199.6 MB/s eta 0:00:00
#9 11.97 Downloading greenlet-3.2.3-cp311-cp311-manylinux_2_24_x86_64.manylinux_2_28_x86_64.whl (585 kB)
#9 11.98     585.5/585.5 kB 110.5 MB/s eta 0:00:00
#9 12.01 Downloading h11-0.16.0-py3-none-any.whl (37 kB)
#9 12.05 Downloading idna-3.10-py3-none-any.whl (70 kB)
#9 12.05     70.4/70.4 kB 206.1 MB/s eta 0:00:00
#9 12.08 Downloading packaging-25.0-py3-none-any.whl (66 kB)
#9 12.09     66.5/66.5 kB 189.8 MB/s eta 0:00:00
#9 12.12 Downloading pluggy-1.6.0-py3-none-any.whl (20 kB)
#9 12.15 Downloading pytz-2025.2-py2.py3-none-any.whl (509 kB)
#9 12.16     509.2/509.2 kB 214.4 MB/s eta 0:00:00
#9 12.19 Downloading scipy-1.16.0-cp311-cp311-manylinux2014_x86_64.manylinux_2_17_x86_64.whl (35.3 MB)
#9 12.57     35.3/35.3 MB 91.1 MB/s eta 0:00:00
#9 12.60 Downloading six-1.17.0-py2.py3-none-any.whl (11 kB)
#9 12.63 Downloading sniffio-1.3.1-py3-none-any.whl (10 kB)
#9 12.66 Downloading starlette-0.27.0-py3-none-any.whl (66 kB)
#9 12.66     67.0/67.0 kB 364.0 MB/s eta 0:00:00
#9 12.69 Downloading threadpoolctl-3.6.0-py3-none-any.whl (18 kB)
#9 12.73 Downloading tqdm-4.67.1-py3-none-any.whl (78 kB)
#9 12.73     78.5/78.5 kB 616.8 MB/s eta 0:00:00
#9 12.76 Downloading typing_extensions-4.14.0-py3-none-any.whl (43 kB)
#9 12.76     43.8/43.8 kB 150.0 MB/s eta 0:00:00
#9 12.80 Downloading tzdata-2025.2-py2.py3-none-any.whl (347 kB)
#9 12.80     347.8/347.8 kB 204.9 MB/s eta 0:00:00
#9 12.84 Downloading certifi-2025.6.15-py3-none-any.whl (157 kB)
#9 12.84     157.7/157.7 kB 79.0 MB/s eta 0:00:00
#9 12.87 Downloading cloudpickle-3.1.1-py3-none-any.whl (20 kB)
#9 12.90 Downloading colorlog-6.9.0-py3-none-any.whl (11 kB)
#9 12.94 Downloading iniconfig-2.1.0-py3-none-any.whl (6.0 kB)
#9 12.97 Downloading numba-0.61.2-cp311-cp311-manylinux2014_x86_64.manylinux_2_17_x86_64.whl (3.8 MB)
#9 13.01     3.8/3.8 MB 100.6 MB/s eta 0:00:00
#9 13.05 Downloading PyYAML-6.0.2-cp311-cp311-manylinux_2_17_x86_64.manylinux2014_x86_64.whl (762 kB)
#9 13.05     763.0/763.0 kB 130.1 MB/s eta 0:00:00
#9 13.09 Downloading llvmlite-0.44.0-cp311-cp311-manylinux_2_17_x86_64.manylinux2014_x86_64.whl (42.4 MB)
#9 13.55     42.4/42.4 MB 90.7 MB/s eta 0:00:00
#9 13.58 Downloading mako-1.3.10-py3-none-any.whl (78 kB)
#9 13.58     78.5/78.5 kB 671.3 MB/s eta 0:00:00
#9 13.61 Downloading MarkupSafe-3.0.2-cp311-cp311-manylinux_2_17_x86_64.manylinux2014_x86_64.whl (23 kB)
#9 14.11 Installing collected packages: pytz, tzdata, typing-extensions, tqdm, threadpoolctl, sniffio, slicer, six, PyYAML, python-dotenv, psycopg2-binary, pluggy, packaging, numpy, MarkupSafe, llvmlite, joblib, iniconfig, idna, h11, greenlet, colorlog, cloudpickle, click, certifi, annotated-types, uvicorn, sqlalchemy, scipy, python-dateutil, pytest, pydantic-core, numba, Mako, httpcore, anyio, xgboost, starlette, scikit-learn, pytest-asyncio, pydantic, pandas, lightgbm, httpx, alembic, shap, pydantic-settings, optuna, fastapi
#9 25.53 Successfully installed Mako-1.3.10 MarkupSafe-3.0.2 PyYAML-6.0.2 alembic-1.16.2 annotated-types-0.7.0 anyio-3.7.1 certifi-2025.6.15 click-8.2.1 cloudpickle-3.1.1 colorlog-6.9.0 fastapi-0.104.1 greenlet-3.2.3 h11-0.16.0 httpcore-1.0.9 httpx-0.25.2 idna-3.10 iniconfig-2.1.0 joblib-1.3.2 lightgbm-4.1.0 llvmlite-0.44.0 numba-0.61.2 numpy-1.26.2 optuna-3.4.0 packaging-25.0 pandas-2.1.3 pluggy-1.6.0 psycopg2-binary-2.9.9 pydantic-2.5.2 pydantic-core-2.14.5 pydantic-settings-2.1.0 pytest-7.4.3 pytest-asyncio-0.21.1 python-dateutil-2.8.2 python-dotenv-1.0.0 pytz-2025.2 scikit-learn-1.3.2 scipy-1.16.0 shap-0.43.0 six-1.17.0 slicer-0.0.7 sniffio-1.3.1 sqlalchemy-2.0.23 starlette-0.27.0 threadpoolctl-3.6.0 tqdm-4.67.1 typing-extensions-4.14.0 tzdata-2025.2 uvicorn-0.24.0 xgboost-2.0.2
#9 25.53 WARNING: Running pip as the 'root' user can result in broken permissions and conflicting behaviour with the system package manager. It is recommended to use a virtual environment instead: https://pip.pypa.io/warnings/venv
#9 25.72 
#9 25.72 [notice] A new release of pip is available: 24.0 -> 25.1.1
#9 25.72 [notice] To update, run: pip install --upgrade pip
#9 DONE 26.1s

#10 [6/7] COPY . .
#10 DONE 0.0s

#11 [7/7] RUN mkdir -p /app/models
#11 DONE 0.3s

#12 exporting to image
#12 exporting layers
#12 exporting layers 3.9s done
#12 writing image sha256:b98a24bdc4221b57d6d0097eae6bfc04fe6ec8a3e6887cefbfbd22ce18787563 done
#12 naming to docker.io/library/biuai_model-server done
#12 DONE 3.9s
Building backend
#0 building with "default" instance using docker driver

#1 [internal] load build definition from Dockerfile
#1 transferring dockerfile: 458B done
#1 DONE 0.0s

#2 [internal] load metadata for docker.io/library/python:3.11-slim
#2 DONE 0.0s

#3 [internal] load .dockerignore
#3 transferring context: 2B done
#3 DONE 0.0s

#4 [1/6] FROM docker.io/library/python:3.11-slim
#4 DONE 0.0s

#5 [2/6] WORKDIR /app
#5 CACHED

#6 [internal] load build context
#6 transferring context: 30.88kB 0.0s done
#6 DONE 0.0s

#7 [3/6] RUN apt-get update && apt-get install -y     build-essential     curl     && rm -rf /var/lib/apt/lists/*
#7 0.296 Get:1 http://deb.debian.org/debian bookworm InRelease [151 kB]
#7 0.366 Get:2 http://deb.debian.org/debian bookworm-updates InRelease [55.4 kB]
#7 0.389 Get:3 http://deb.debian.org/debian-security bookworm-security InRelease [48.0 kB]
#7 0.414 Get:4 http://deb.debian.org/debian bookworm/main amd64 Packages [8793 kB]
#7 0.606 Get:5 http://deb.debian.org/debian bookworm-updates/main amd64 Packages [756 B]
#7 0.629 Get:6 http://deb.debian.org/debian-security bookworm-security/main amd64 Packages [269 kB]
#7 1.089 Fetched 9317 kB in 1s (10.7 MB/s)
#7 1.089 Reading package lists...
#7 1.346 Reading package lists...
#7 1.587 Building dependency tree...
#7 1.636 Reading state information...
#7 1.711 The following additional packages will be installed:
#7 1.711   binutils binutils-common binutils-x86-64-linux-gnu bzip2 cpp cpp-12 dirmngr
#7 1.711   dpkg-dev fakeroot fontconfig-config fonts-dejavu-core g++ g++-12 gcc gcc-12
#7 1.711   gnupg gnupg-l10n gnupg-utils gpg gpg-agent gpg-wks-client gpg-wks-server
#7 1.711   gpgconf gpgsm libabsl20220623 libalgorithm-diff-perl
#7 1.711   libalgorithm-diff-xs-perl libalgorithm-merge-perl libaom3 libasan8
#7 1.711   libassuan0 libatomic1 libavif15 libbinutils libbrotli1 libbsd0 libc-dev-bin
#7 1.711   libc-devtools libc6-dev libcc1-0 libcrypt-dev libctf-nobfd0 libctf0 libcurl4
#7 1.711   libdav1d6 libde265-0 libdeflate0 libdpkg-perl libexpat1 libfakeroot
#7 1.711   libfile-fcntllock-perl libfontconfig1 libfreetype6 libgav1-1 libgcc-12-dev
#7 1.711   libgd3 libgdbm-compat4 libgomp1 libgprofng0 libheif1 libisl23 libitm1
#7 1.711   libjansson4 libjbig0 libjpeg62-turbo libksba8 libldap-2.5-0 libldap-common
#7 1.711   liblerc4 liblocale-gettext-perl liblsan0 libmpc3 libmpfr6 libnghttp2-14
#7 1.711   libnpth0 libnsl-dev libnuma1 libperl5.36 libpng16-16 libpsl5 libquadmath0
#7 1.711   librav1e0 librtmp1 libsasl2-2 libsasl2-modules libsasl2-modules-db libssh2-1
#7 1.711   libstdc++-12-dev libsvtav1enc1 libtiff6 libtirpc-dev libtsan2 libubsan1
#7 1.711   libwebp7 libx11-6 libx11-data libx265-199 libxau6 libxcb1 libxdmcp6 libxpm4
#7 1.711   libyuv0 linux-libc-dev make manpages manpages-dev patch perl
#7 1.711   perl-modules-5.36 pinentry-curses publicsuffix rpcsvc-proto xz-utils
#7 1.711 Suggested packages:
#7 1.711   binutils-doc bzip2-doc cpp-doc gcc-12-locales cpp-12-doc dbus-user-session
#7 1.711   libpam-systemd pinentry-gnome3 tor debian-keyring g++-multilib
#7 1.711   g++-12-multilib gcc-12-doc gcc-multilib autoconf automake libtool flex bison
#7 1.711   gdb gcc-doc gcc-12-multilib parcimonie xloadimage scdaemon glibc-doc
#7 1.711   sensible-utils git bzr libgd-tools libsasl2-modules-gssapi-mit
#7 1.711   | libsasl2-modules-gssapi-heimdal libsasl2-modules-ldap libsasl2-modules-otp
#7 1.711   libsasl2-modules-sql libstdc++-12-doc make-doc man-browser ed diffutils-doc
#7 1.711   perl-doc libterm-readline-gnu-perl | libterm-readline-perl-perl
#7 1.711   libtap-harness-archive-perl pinentry-doc
#7 2.031 The following NEW packages will be installed:
#7 2.031   binutils binutils-common binutils-x86-64-linux-gnu build-essential bzip2 cpp
#7 2.031   cpp-12 curl dirmngr dpkg-dev fakeroot fontconfig-config fonts-dejavu-core
#7 2.031   g++ g++-12 gcc gcc-12 gnupg gnupg-l10n gnupg-utils gpg gpg-agent
#7 2.031   gpg-wks-client gpg-wks-server gpgconf gpgsm libabsl20220623
#7 2.031   libalgorithm-diff-perl libalgorithm-diff-xs-perl libalgorithm-merge-perl
#7 2.031   libaom3 libasan8 libassuan0 libatomic1 libavif15 libbinutils libbrotli1
#7 2.031   libbsd0 libc-dev-bin libc-devtools libc6-dev libcc1-0 libcrypt-dev
#7 2.031   libctf-nobfd0 libctf0 libcurl4 libdav1d6 libde265-0 libdeflate0 libdpkg-perl
#7 2.031   libexpat1 libfakeroot libfile-fcntllock-perl libfontconfig1 libfreetype6
#7 2.031   libgav1-1 libgcc-12-dev libgd3 libgdbm-compat4 libgomp1 libgprofng0 libheif1
#7 2.031   libisl23 libitm1 libjansson4 libjbig0 libjpeg62-turbo libksba8 libldap-2.5-0
#7 2.031   libldap-common liblerc4 liblocale-gettext-perl liblsan0 libmpc3 libmpfr6
#7 2.031   libnghttp2-14 libnpth0 libnsl-dev libnuma1 libperl5.36 libpng16-16 libpsl5
#7 2.031   libquadmath0 librav1e0 librtmp1 libsasl2-2 libsasl2-modules
#7 2.031   libsasl2-modules-db libssh2-1 libstdc++-12-dev libsvtav1enc1 libtiff6
#7 2.031   libtirpc-dev libtsan2 libubsan1 libwebp7 libx11-6 libx11-data libx265-199
#7 2.031   libxau6 libxcb1 libxdmcp6 libxpm4 libyuv0 linux-libc-dev make manpages
#7 2.031   manpages-dev patch perl perl-modules-5.36 pinentry-curses publicsuffix
#7 2.031   rpcsvc-proto xz-utils
#7 2.135 0 upgraded, 115 newly installed, 0 to remove and 1 not upgraded.
#7 2.135 Need to get 99.8 MB of archives.
#7 2.135 After this operation, 392 MB of additional disk space will be used.
#7 2.135 Get:1 http://deb.debian.org/debian bookworm/main amd64 perl-modules-5.36 all 5.36.0-7+deb12u2 [2815 kB]
#7 2.371 Get:2 http://deb.debian.org/debian bookworm/main amd64 libgdbm-compat4 amd64 1.23-3 [48.2 kB]
#7 2.374 Get:3 http://deb.debian.org/debian bookworm/main amd64 libperl5.36 amd64 5.36.0-7+deb12u2 [4207 kB]
#7 2.419 Get:4 http://deb.debian.org/debian bookworm/main amd64 perl amd64 5.36.0-7+deb12u2 [239 kB]
#7 2.420 Get:5 http://deb.debian.org/debian bookworm/main amd64 liblocale-gettext-perl amd64 1.07-5 [15.4 kB]
#7 2.420 Get:6 http://deb.debian.org/debian bookworm/main amd64 bzip2 amd64 1.0.8-5+b1 [49.8 kB]
#7 2.458 Get:7 http://deb.debian.org/debian bookworm/main amd64 manpages all 6.03-2 [1332 kB]
#7 2.469 Get:8 http://deb.debian.org/debian bookworm/main amd64 xz-utils amd64 5.4.1-1 [471 kB]
#7 2.473 Get:9 http://deb.debian.org/debian bookworm/main amd64 binutils-common amd64 2.40-2 [2487 kB]
#7 2.536 Get:10 http://deb.debian.org/debian bookworm/main amd64 libbinutils amd64 2.40-2 [572 kB]
#7 2.541 Get:11 http://deb.debian.org/debian bookworm/main amd64 libctf-nobfd0 amd64 2.40-2 [153 kB]
#7 2.542 Get:12 http://deb.debian.org/debian bookworm/main amd64 libctf0 amd64 2.40-2 [89.8 kB]
#7 2.542 Get:13 http://deb.debian.org/debian bookworm/main amd64 libgprofng0 amd64 2.40-2 [812 kB]
#7 2.565 Get:14 http://deb.debian.org/debian bookworm/main amd64 libjansson4 amd64 2.14-2 [40.8 kB]
#7 2.596 Get:15 http://deb.debian.org/debian bookworm/main amd64 binutils-x86-64-linux-gnu amd64 2.40-2 [2246 kB]
#7 2.616 Get:16 http://deb.debian.org/debian bookworm/main amd64 binutils amd64 2.40-2 [65.0 kB]
#7 2.616 Get:17 http://deb.debian.org/debian bookworm/main amd64 libc-dev-bin amd64 2.36-9+deb12u10 [47.1 kB]
#7 2.616 Get:18 http://deb.debian.org/debian-security bookworm-security/main amd64 linux-libc-dev amd64 6.1.140-1 [2145 kB]
#7 2.642 Get:19 http://deb.debian.org/debian bookworm/main amd64 libcrypt-dev amd64 1:4.4.33-2 [118 kB]
#7 2.643 Get:20 http://deb.debian.org/debian bookworm/main amd64 libtirpc-dev amd64 1.3.3+ds-1 [191 kB]
#7 2.644 Get:21 http://deb.debian.org/debian bookworm/main amd64 libnsl-dev amd64 1.3.0-2 [66.4 kB]
#7 2.645 Get:22 http://deb.debian.org/debian bookworm/main amd64 rpcsvc-proto amd64 1.4.3-1 [63.3 kB]
#7 2.646 Get:23 http://deb.debian.org/debian bookworm/main amd64 libc6-dev amd64 2.36-9+deb12u10 [1903 kB]
#7 2.667 Get:24 http://deb.debian.org/debian bookworm/main amd64 libisl23 amd64 0.25-1.1 [683 kB]
#7 2.673 Get:25 http://deb.debian.org/debian bookworm/main amd64 libmpfr6 amd64 4.2.0-1 [701 kB]
#7 2.680 Get:26 http://deb.debian.org/debian bookworm/main amd64 libmpc3 amd64 1.3.1-1 [51.5 kB]
#7 2.680 Get:27 http://deb.debian.org/debian bookworm/main amd64 cpp-12 amd64 12.2.0-14+deb12u1 [9768 kB]
#7 2.789 Get:28 http://deb.debian.org/debian bookworm/main amd64 cpp amd64 4:12.2.0-3 [6836 B]
#7 2.789 Get:29 http://deb.debian.org/debian bookworm/main amd64 libcc1-0 amd64 12.2.0-14+deb12u1 [41.7 kB]
#7 2.789 Get:30 http://deb.debian.org/debian bookworm/main amd64 libgomp1 amd64 12.2.0-14+deb12u1 [116 kB]
#7 2.790 Get:31 http://deb.debian.org/debian bookworm/main amd64 libitm1 amd64 12.2.0-14+deb12u1 [26.1 kB]
#7 2.790 Get:32 http://deb.debian.org/debian bookworm/main amd64 libatomic1 amd64 12.2.0-14+deb12u1 [9376 B]
#7 2.791 Get:33 http://deb.debian.org/debian bookworm/main amd64 libasan8 amd64 12.2.0-14+deb12u1 [2193 kB]
#7 2.811 Get:34 http://deb.debian.org/debian bookworm/main amd64 liblsan0 amd64 12.2.0-14+deb12u1 [969 kB]
#7 2.866 Get:35 http://deb.debian.org/debian bookworm/main amd64 libtsan2 amd64 12.2.0-14+deb12u1 [2197 kB]
#7 2.948 Get:36 http://deb.debian.org/debian bookworm/main amd64 libubsan1 amd64 12.2.0-14+deb12u1 [883 kB]
#7 2.956 Get:37 http://deb.debian.org/debian bookworm/main amd64 libquadmath0 amd64 12.2.0-14+deb12u1 [145 kB]
#7 2.958 Get:38 http://deb.debian.org/debian bookworm/main amd64 libgcc-12-dev amd64 12.2.0-14+deb12u1 [2437 kB]
#7 2.985 Get:39 http://deb.debian.org/debian bookworm/main amd64 gcc-12 amd64 12.2.0-14+deb12u1 [19.3 MB]
#7 3.191 Get:40 http://deb.debian.org/debian bookworm/main amd64 gcc amd64 4:12.2.0-3 [5216 B]
#7 3.191 Get:41 http://deb.debian.org/debian bookworm/main amd64 libstdc++-12-dev amd64 12.2.0-14+deb12u1 [2047 kB]
#7 3.211 Get:42 http://deb.debian.org/debian bookworm/main amd64 g++-12 amd64 12.2.0-14+deb12u1 [10.7 MB]
#7 3.333 Get:43 http://deb.debian.org/debian bookworm/main amd64 g++ amd64 4:12.2.0-3 [1356 B]
#7 3.333 Get:44 http://deb.debian.org/debian bookworm/main amd64 make amd64 4.3-4.1 [396 kB]
#7 3.335 Get:45 http://deb.debian.org/debian bookworm/main amd64 libdpkg-perl all 1.21.22 [603 kB]
#7 3.339 Get:46 http://deb.debian.org/debian bookworm/main amd64 patch amd64 2.7.6-7 [128 kB]
#7 3.340 Get:47 http://deb.debian.org/debian bookworm/main amd64 dpkg-dev all 1.21.22 [1353 kB]
#7 3.356 Get:48 http://deb.debian.org/debian bookworm/main amd64 build-essential amd64 12.9 [7704 B]
#7 3.356 Get:49 http://deb.debian.org/debian bookworm/main amd64 libbrotli1 amd64 1.0.9-2+b6 [275 kB]
#7 3.358 Get:50 http://deb.debian.org/debian bookworm/main amd64 libsasl2-modules-db amd64 2.1.28+dfsg-10 [20.3 kB]
#7 3.359 Get:51 http://deb.debian.org/debian bookworm/main amd64 libsasl2-2 amd64 2.1.28+dfsg-10 [59.7 kB]
#7 3.367 Get:52 http://deb.debian.org/debian bookworm/main amd64 libldap-2.5-0 amd64 2.5.13+dfsg-5 [183 kB]
#7 3.398 Get:53 http://deb.debian.org/debian bookworm/main amd64 libnghttp2-14 amd64 1.52.0-1+deb12u2 [73.0 kB]
#7 3.398 Get:54 http://deb.debian.org/debian bookworm/main amd64 libpsl5 amd64 0.21.2-1 [58.7 kB]
#7 3.399 Get:55 http://deb.debian.org/debian bookworm/main amd64 librtmp1 amd64 2.4+20151223.gitfa8646d.1-2+b2 [60.8 kB]
#7 3.400 Get:56 http://deb.debian.org/debian bookworm/main amd64 libssh2-1 amd64 1.10.0-3+b1 [179 kB]
#7 3.401 Get:57 http://deb.debian.org/debian bookworm/main amd64 libcurl4 amd64 7.88.1-10+deb12u12 [391 kB]
#7 3.405 Get:58 http://deb.debian.org/debian bookworm/main amd64 curl amd64 7.88.1-10+deb12u12 [315 kB]
#7 3.408 Get:59 http://deb.debian.org/debian bookworm/main amd64 libassuan0 amd64 2.5.5-5 [48.5 kB]
#7 3.408 Get:60 http://deb.debian.org/debian bookworm/main amd64 gpgconf amd64 2.2.40-1.1 [564 kB]
#7 3.412 Get:61 http://deb.debian.org/debian bookworm/main amd64 libksba8 amd64 1.6.3-2 [128 kB]
#7 3.430 Get:62 http://deb.debian.org/debian bookworm/main amd64 libnpth0 amd64 1.6-3 [19.0 kB]
#7 3.461 Get:63 http://deb.debian.org/debian bookworm/main amd64 dirmngr amd64 2.2.40-1.1 [792 kB]
#7 3.469 Get:64 http://deb.debian.org/debian bookworm/main amd64 libfakeroot amd64 1.31-1.2 [28.3 kB]
#7 3.469 Get:65 http://deb.debian.org/debian bookworm/main amd64 fakeroot amd64 1.31-1.2 [66.9 kB]
#7 3.562 Get:66 http://deb.debian.org/debian bookworm/main amd64 fonts-dejavu-core all 2.37-6 [1068 kB]
#7 3.571 Get:67 http://deb.debian.org/debian bookworm/main amd64 fontconfig-config amd64 2.14.1-4 [315 kB]
#7 3.574 Get:68 http://deb.debian.org/debian bookworm/main amd64 gnupg-l10n all 2.2.40-1.1 [1093 kB]
#7 3.583 Get:69 http://deb.debian.org/debian bookworm/main amd64 gnupg-utils amd64 2.2.40-1.1 [927 kB]
#7 3.598 Get:70 http://deb.debian.org/debian bookworm/main amd64 gpg amd64 2.2.40-1.1 [949 kB]
#7 3.606 Get:71 http://deb.debian.org/debian bookworm/main amd64 pinentry-curses amd64 1.2.1-1 [77.4 kB]
#7 3.606 Get:72 http://deb.debian.org/debian bookworm/main amd64 gpg-agent amd64 2.2.40-1.1 [695 kB]
#7 3.613 Get:73 http://deb.debian.org/debian bookworm/main amd64 gpg-wks-client amd64 2.2.40-1.1 [541 kB]
#7 3.619 Get:74 http://deb.debian.org/debian bookworm/main amd64 gpg-wks-server amd64 2.2.40-1.1 [531 kB]
#7 3.625 Get:75 http://deb.debian.org/debian bookworm/main amd64 gpgsm amd64 2.2.40-1.1 [671 kB]
#7 3.633 Get:76 http://deb.debian.org/debian bookworm/main amd64 gnupg all 2.2.40-1.1 [846 kB]
#7 3.641 Get:77 http://deb.debian.org/debian bookworm/main amd64 libabsl20220623 amd64 20220623.1-1+deb12u2 [391 kB]
#7 3.644 Get:78 http://deb.debian.org/debian bookworm/main amd64 libalgorithm-diff-perl all 1.201-1 [43.3 kB]
#7 3.645 Get:79 http://deb.debian.org/debian bookworm/main amd64 libalgorithm-diff-xs-perl amd64 0.04-8+b1 [11.4 kB]
#7 3.668 Get:80 http://deb.debian.org/debian bookworm/main amd64 libalgorithm-merge-perl all 0.08-5 [11.8 kB]
#7 3.701 Get:81 http://deb.debian.org/debian bookworm/main amd64 libaom3 amd64 3.6.0-1+deb12u1 [1851 kB]
#7 3.717 Get:82 http://deb.debian.org/debian bookworm/main amd64 libdav1d6 amd64 1.0.0-2+deb12u1 [513 kB]
#7 3.721 Get:83 http://deb.debian.org/debian bookworm/main amd64 libgav1-1 amd64 0.18.0-1+b1 [332 kB]
#7 3.724 Get:84 http://deb.debian.org/debian bookworm/main amd64 librav1e0 amd64 0.5.1-6 [763 kB]
#7 3.737 Get:85 http://deb.debian.org/debian bookworm/main amd64 libsvtav1enc1 amd64 1.4.1+dfsg-1 [2121 kB]
#7 3.757 Get:86 http://deb.debian.org/debian bookworm/main amd64 libjpeg62-turbo amd64 1:2.1.5-2 [166 kB]
#7 3.759 Get:87 http://deb.debian.org/debian bookworm/main amd64 libyuv0 amd64 0.0~git20230123.b2528b0-1 [168 kB]
#7 3.761 Get:88 http://deb.debian.org/debian-security bookworm-security/main amd64 libavif15 amd64 0.11.1-1+deb12u1 [94.4 kB]
#7 3.762 Get:89 http://deb.debian.org/debian bookworm/main amd64 libbsd0 amd64 0.11.7-2 [117 kB]
#7 3.763 Get:90 http://deb.debian.org/debian bookworm/main amd64 libexpat1 amd64 2.5.0-1+deb12u1 [98.9 kB]
#7 3.765 Get:91 http://deb.debian.org/debian bookworm/main amd64 libpng16-16 amd64 1.6.39-2 [276 kB]
#7 3.768 Get:92 http://deb.debian.org/debian bookworm/main amd64 libfreetype6 amd64 2.12.1+dfsg-5+deb12u4 [398 kB]
#7 3.772 Get:93 http://deb.debian.org/debian bookworm/main amd64 libfontconfig1 amd64 2.14.1-4 [386 kB]
#7 3.797 Get:94 http://deb.debian.org/debian bookworm/main amd64 libde265-0 amd64 1.0.11-1+deb12u2 [185 kB]
#7 3.799 Get:95 http://deb.debian.org/debian bookworm/main amd64 libnuma1 amd64 2.0.16-1 [21.0 kB]
#7 3.800 Get:96 http://deb.debian.org/debian bookworm/main amd64 libx265-199 amd64 3.5-2+b1 [1150 kB]
#7 3.810 Get:97 http://deb.debian.org/debian bookworm/main amd64 libheif1 amd64 1.15.1-1+deb12u1 [215 kB]
#7 3.812 Get:98 http://deb.debian.org/debian bookworm/main amd64 libdeflate0 amd64 1.14-1 [61.4 kB]
#7 3.813 Get:99 http://deb.debian.org/debian bookworm/main amd64 libjbig0 amd64 2.1-6.1 [31.7 kB]
#7 3.827 Get:100 http://deb.debian.org/debian bookworm/main amd64 liblerc4 amd64 4.0.0+ds-2 [170 kB]
#7 3.829 Get:101 http://deb.debian.org/debian bookworm/main amd64 libwebp7 amd64 1.2.4-0.2+deb12u1 [286 kB]
#7 3.832 Get:102 http://deb.debian.org/debian bookworm/main amd64 libtiff6 amd64 4.5.0-6+deb12u2 [316 kB]
#7 3.834 Get:103 http://deb.debian.org/debian bookworm/main amd64 libxau6 amd64 1:1.0.9-1 [19.7 kB]
#7 3.860 Get:104 http://deb.debian.org/debian bookworm/main amd64 libxdmcp6 amd64 1:1.1.2-3 [26.3 kB]
#7 3.862 Get:105 http://deb.debian.org/debian bookworm/main amd64 libxcb1 amd64 1.15-1 [144 kB]
#7 3.863 Get:106 http://deb.debian.org/debian bookworm/main amd64 libx11-data all 2:1.8.4-2+deb12u2 [292 kB]
#7 3.866 Get:107 http://deb.debian.org/debian bookworm/main amd64 libx11-6 amd64 2:1.8.4-2+deb12u2 [760 kB]
#7 3.871 Get:108 http://deb.debian.org/debian bookworm/main amd64 libxpm4 amd64 1:3.5.12-1.1+deb12u1 [48.6 kB]
#7 3.872 Get:109 http://deb.debian.org/debian bookworm/main amd64 libgd3 amd64 2.3.3-9 [124 kB]
#7 3.891 Get:110 http://deb.debian.org/debian bookworm/main amd64 libc-devtools amd64 2.36-9+deb12u10 [54.7 kB]
#7 3.892 Get:111 http://deb.debian.org/debian bookworm/main amd64 libfile-fcntllock-perl amd64 0.22-4+b1 [34.8 kB]
#7 3.893 Get:112 http://deb.debian.org/debian bookworm/main amd64 libldap-common all 2.5.13+dfsg-5 [29.3 kB]
#7 3.893 Get:113 http://deb.debian.org/debian bookworm/main amd64 libsasl2-modules amd64 2.1.28+dfsg-10 [66.6 kB]
#7 3.925 Get:114 http://deb.debian.org/debian bookworm/main amd64 manpages-dev all 6.03-2 [2030 kB]
#7 3.944 Get:115 http://deb.debian.org/debian bookworm/main amd64 publicsuffix all 20230209.2326-1 [126 kB]
#7 4.008 debconf: delaying package configuration, since apt-utils is not installed
#7 4.022 Fetched 99.8 MB in 2s (52.3 MB/s)
#7 4.032 Selecting previously unselected package perl-modules-5.36.
#7 4.032 (Reading database ... (Reading database ... 5%(Reading database ... 10%(Reading database ... 15%(Reading database ... 20%(Reading database ... 25%(Reading database ... 30%(Reading database ... 35%(Reading database ... 40%(Reading database ... 45%(Reading database ... 50%(Reading database ... 55%(Reading database ... 60%(Reading database ... 65%(Reading database ... 70%(Reading database ... 75%(Reading database ... 80%(Reading database ... 85%(Reading database ... 90%(Reading database ... 95%(Reading database ... 100%(Reading database ... 6686 files and directories currently installed.)
#7 4.042 Preparing to unpack .../000-perl-modules-5.36_5.36.0-7+deb12u2_all.deb ...
#7 4.043 Unpacking perl-modules-5.36 (5.36.0-7+deb12u2) ...
#7 4.194 Selecting previously unselected package libgdbm-compat4:amd64.
#7 4.195 Preparing to unpack .../001-libgdbm-compat4_1.23-3_amd64.deb ...
#7 4.197 Unpacking libgdbm-compat4:amd64 (1.23-3) ...
#7 4.212 Selecting previously unselected package libperl5.36:amd64.
#7 4.213 Preparing to unpack .../002-libperl5.36_5.36.0-7+deb12u2_amd64.deb ...
#7 4.214 Unpacking libperl5.36:amd64 (5.36.0-7+deb12u2) ...
#7 4.399 Selecting previously unselected package perl.
#7 4.401 Preparing to unpack .../003-perl_5.36.0-7+deb12u2_amd64.deb ...
#7 4.409 Unpacking perl (5.36.0-7+deb12u2) ...
#7 4.441 Selecting previously unselected package liblocale-gettext-perl.
#7 4.442 Preparing to unpack .../004-liblocale-gettext-perl_1.07-5_amd64.deb ...
#7 4.442 Unpacking liblocale-gettext-perl (1.07-5) ...
#7 4.459 Selecting previously unselected package bzip2.
#7 4.460 Preparing to unpack .../005-bzip2_1.0.8-5+b1_amd64.deb ...
#7 4.462 Unpacking bzip2 (1.0.8-5+b1) ...
#7 4.490 Selecting previously unselected package manpages.
#7 4.491 Preparing to unpack .../006-manpages_6.03-2_all.deb ...
#7 4.492 Unpacking manpages (6.03-2) ...
#7 4.556 Selecting previously unselected package xz-utils.
#7 4.557 Preparing to unpack .../007-xz-utils_5.4.1-1_amd64.deb ...
#7 4.558 Unpacking xz-utils (5.4.1-1) ...
#7 4.590 Selecting previously unselected package binutils-common:amd64.
#7 4.590 Preparing to unpack .../008-binutils-common_2.40-2_amd64.deb ...
#7 4.591 Unpacking binutils-common:amd64 (2.40-2) ...
#7 4.712 Selecting previously unselected package libbinutils:amd64.
#7 4.712 Preparing to unpack .../009-libbinutils_2.40-2_amd64.deb ...
#7 4.713 Unpacking libbinutils:amd64 (2.40-2) ...
#7 4.746 Selecting previously unselected package libctf-nobfd0:amd64.
#7 4.747 Preparing to unpack .../010-libctf-nobfd0_2.40-2_amd64.deb ...
#7 4.748 Unpacking libctf-nobfd0:amd64 (2.40-2) ...
#7 4.764 Selecting previously unselected package libctf0:amd64.
#7 4.764 Preparing to unpack .../011-libctf0_2.40-2_amd64.deb ...
#7 4.765 Unpacking libctf0:amd64 (2.40-2) ...
#7 4.790 Selecting previously unselected package libgprofng0:amd64.
#7 4.791 Preparing to unpack .../012-libgprofng0_2.40-2_amd64.deb ...
#7 4.792 Unpacking libgprofng0:amd64 (2.40-2) ...
#7 4.849 Selecting previously unselected package libjansson4:amd64.
#7 4.850 Preparing to unpack .../013-libjansson4_2.14-2_amd64.deb ...
#7 4.850 Unpacking libjansson4:amd64 (2.14-2) ...
#7 4.860 Selecting previously unselected package binutils-x86-64-linux-gnu.
#7 4.861 Preparing to unpack .../014-binutils-x86-64-linux-gnu_2.40-2_amd64.deb ...
#7 4.862 Unpacking binutils-x86-64-linux-gnu (2.40-2) ...
#7 4.975 Selecting previously unselected package binutils.
#7 4.976 Preparing to unpack .../015-binutils_2.40-2_amd64.deb ...
#7 4.976 Unpacking binutils (2.40-2) ...
#7 4.988 Selecting previously unselected package libc-dev-bin.
#7 4.989 Preparing to unpack .../016-libc-dev-bin_2.36-9+deb12u10_amd64.deb ...
#7 4.989 Unpacking libc-dev-bin (2.36-9+deb12u10) ...
#7 5.006 Selecting previously unselected package linux-libc-dev:amd64.
#7 5.007 Preparing to unpack .../017-linux-libc-dev_6.1.140-1_amd64.deb ...
#7 5.008 Unpacking linux-libc-dev:amd64 (6.1.140-1) ...
#7 5.085 Selecting previously unselected package libcrypt-dev:amd64.
#7 5.085 Preparing to unpack .../018-libcrypt-dev_1%3a4.4.33-2_amd64.deb ...
#7 5.089 Unpacking libcrypt-dev:amd64 (1:4.4.33-2) ...
#7 5.105 Selecting previously unselected package libtirpc-dev:amd64.
#7 5.106 Preparing to unpack .../019-libtirpc-dev_1.3.3+ds-1_amd64.deb ...
#7 5.106 Unpacking libtirpc-dev:amd64 (1.3.3+ds-1) ...
#7 5.134 Selecting previously unselected package libnsl-dev:amd64.
#7 5.135 Preparing to unpack .../020-libnsl-dev_1.3.0-2_amd64.deb ...
#7 5.136 Unpacking libnsl-dev:amd64 (1.3.0-2) ...
#7 5.164 Selecting previously unselected package rpcsvc-proto.
#7 5.166 Preparing to unpack .../021-rpcsvc-proto_1.4.3-1_amd64.deb ...
#7 5.167 Unpacking rpcsvc-proto (1.4.3-1) ...
#7 5.199 Selecting previously unselected package libc6-dev:amd64.
#7 5.201 Preparing to unpack .../022-libc6-dev_2.36-9+deb12u10_amd64.deb ...
#7 5.203 Unpacking libc6-dev:amd64 (2.36-9+deb12u10) ...
#7 5.307 Selecting previously unselected package libisl23:amd64.
#7 5.308 Preparing to unpack .../023-libisl23_0.25-1.1_amd64.deb ...
#7 5.309 Unpacking libisl23:amd64 (0.25-1.1) ...
#7 5.346 Selecting previously unselected package libmpfr6:amd64.
#7 5.347 Preparing to unpack .../024-libmpfr6_4.2.0-1_amd64.deb ...
#7 5.348 Unpacking libmpfr6:amd64 (4.2.0-1) ...
#7 5.375 Selecting previously unselected package libmpc3:amd64.
#7 5.375 Preparing to unpack .../025-libmpc3_1.3.1-1_amd64.deb ...
#7 5.376 Unpacking libmpc3:amd64 (1.3.1-1) ...
#7 5.389 Selecting previously unselected package cpp-12.
#7 5.390 Preparing to unpack .../026-cpp-12_12.2.0-14+deb12u1_amd64.deb ...
#7 5.391 Unpacking cpp-12 (12.2.0-14+deb12u1) ...
#7 5.740 Selecting previously unselected package cpp.
#7 5.741 Preparing to unpack .../027-cpp_4%3a12.2.0-3_amd64.deb ...
#7 5.742 Unpacking cpp (4:12.2.0-3) ...
#7 5.762 Selecting previously unselected package libcc1-0:amd64.
#7 5.763 Preparing to unpack .../028-libcc1-0_12.2.0-14+deb12u1_amd64.deb ...
#7 5.765 Unpacking libcc1-0:amd64 (12.2.0-14+deb12u1) ...
#7 5.792 Selecting previously unselected package libgomp1:amd64.
#7 5.794 Preparing to unpack .../029-libgomp1_12.2.0-14+deb12u1_amd64.deb ...
#7 5.795 Unpacking libgomp1:amd64 (12.2.0-14+deb12u1) ...
#7 5.833 Selecting previously unselected package libitm1:amd64.
#7 5.835 Preparing to unpack .../030-libitm1_12.2.0-14+deb12u1_amd64.deb ...
#7 5.837 Unpacking libitm1:amd64 (12.2.0-14+deb12u1) ...
#7 5.861 Selecting previously unselected package libatomic1:amd64.
#7 5.863 Preparing to unpack .../031-libatomic1_12.2.0-14+deb12u1_amd64.deb ...
#7 5.865 Unpacking libatomic1:amd64 (12.2.0-14+deb12u1) ...
#7 5.886 Selecting previously unselected package libasan8:amd64.
#7 5.888 Preparing to unpack .../032-libasan8_12.2.0-14+deb12u1_amd64.deb ...
#7 5.891 Unpacking libasan8:amd64 (12.2.0-14+deb12u1) ...
#7 6.022 Selecting previously unselected package liblsan0:amd64.
#7 6.023 Preparing to unpack .../033-liblsan0_12.2.0-14+deb12u1_amd64.deb ...
#7 6.024 Unpacking liblsan0:amd64 (12.2.0-14+deb12u1) ...
#7 6.076 Selecting previously unselected package libtsan2:amd64.
#7 6.076 Preparing to unpack .../034-libtsan2_12.2.0-14+deb12u1_amd64.deb ...
#7 6.077 Unpacking libtsan2:amd64 (12.2.0-14+deb12u1) ...
#7 6.187 Selecting previously unselected package libubsan1:amd64.
#7 6.188 Preparing to unpack .../035-libubsan1_12.2.0-14+deb12u1_amd64.deb ...
#7 6.189 Unpacking libubsan1:amd64 (12.2.0-14+deb12u1) ...
#7 6.237 Selecting previously unselected package libquadmath0:amd64.
#7 6.238 Preparing to unpack .../036-libquadmath0_12.2.0-14+deb12u1_amd64.deb ...
#7 6.239 Unpacking libquadmath0:amd64 (12.2.0-14+deb12u1) ...
#7 6.268 Selecting previously unselected package libgcc-12-dev:amd64.
#7 6.269 Preparing to unpack .../037-libgcc-12-dev_12.2.0-14+deb12u1_amd64.deb ...
#7 6.271 Unpacking libgcc-12-dev:amd64 (12.2.0-14+deb12u1) ...
#7 6.394 Selecting previously unselected package gcc-12.
#7 6.396 Preparing to unpack .../038-gcc-12_12.2.0-14+deb12u1_amd64.deb ...
#7 6.396 Unpacking gcc-12 (12.2.0-14+deb12u1) ...
#7 6.769 Selecting previously unselected package gcc.
#7 6.769 Preparing to unpack .../039-gcc_4%3a12.2.0-3_amd64.deb ...
#7 6.770 Unpacking gcc (4:12.2.0-3) ...
#7 6.782 Selecting previously unselected package libstdc++-12-dev:amd64.
#7 6.783 Preparing to unpack .../040-libstdc++-12-dev_12.2.0-14+deb12u1_amd64.deb ...
#7 6.784 Unpacking libstdc++-12-dev:amd64 (12.2.0-14+deb12u1) ...
#7 6.896 Selecting previously unselected package g++-12.
#7 6.897 Preparing to unpack .../041-g++-12_12.2.0-14+deb12u1_amd64.deb ...
#7 6.898 Unpacking g++-12 (12.2.0-14+deb12u1) ...
#7 7.257 Selecting previously unselected package g++.
#7 7.258 Preparing to unpack .../042-g++_4%3a12.2.0-3_amd64.deb ...
#7 7.259 Unpacking g++ (4:12.2.0-3) ...
#7 7.269 Selecting previously unselected package make.
#7 7.269 Preparing to unpack .../043-make_4.3-4.1_amd64.deb ...
#7 7.270 Unpacking make (4.3-4.1) ...
#7 7.310 Selecting previously unselected package libdpkg-perl.
#7 7.311 Preparing to unpack .../044-libdpkg-perl_1.21.22_all.deb ...
#7 7.312 Unpacking libdpkg-perl (1.21.22) ...
#7 7.354 Selecting previously unselected package patch.
#7 7.356 Preparing to unpack .../045-patch_2.7.6-7_amd64.deb ...
#7 7.357 Unpacking patch (2.7.6-7) ...
#7 7.387 Selecting previously unselected package dpkg-dev.
#7 7.388 Preparing to unpack .../046-dpkg-dev_1.21.22_all.deb ...
#7 7.390 Unpacking dpkg-dev (1.21.22) ...
#7 7.463 Selecting previously unselected package build-essential.
#7 7.464 Preparing to unpack .../047-build-essential_12.9_amd64.deb ...
#7 7.465 Unpacking build-essential (12.9) ...
#7 7.474 Selecting previously unselected package libbrotli1:amd64.
#7 7.475 Preparing to unpack .../048-libbrotli1_1.0.9-2+b6_amd64.deb ...
#7 7.475 Unpacking libbrotli1:amd64 (1.0.9-2+b6) ...
#7 7.507 Selecting previously unselected package libsasl2-modules-db:amd64.
#7 7.508 Preparing to unpack .../049-libsasl2-modules-db_2.1.28+dfsg-10_amd64.deb ...
#7 7.510 Unpacking libsasl2-modules-db:amd64 (2.1.28+dfsg-10) ...
#7 7.534 Selecting previously unselected package libsasl2-2:amd64.
#7 7.535 Preparing to unpack .../050-libsasl2-2_2.1.28+dfsg-10_amd64.deb ...
#7 7.537 Unpacking libsasl2-2:amd64 (2.1.28+dfsg-10) ...
#7 7.567 Selecting previously unselected package libldap-2.5-0:amd64.
#7 7.569 Preparing to unpack .../051-libldap-2.5-0_2.5.13+dfsg-5_amd64.deb ...
#7 7.571 Unpacking libldap-2.5-0:amd64 (2.5.13+dfsg-5) ...
#7 7.608 Selecting previously unselected package libnghttp2-14:amd64.
#7 7.609 Preparing to unpack .../052-libnghttp2-14_1.52.0-1+deb12u2_amd64.deb ...
#7 7.610 Unpacking libnghttp2-14:amd64 (1.52.0-1+deb12u2) ...
#7 7.639 Selecting previously unselected package libpsl5:amd64.
#7 7.641 Preparing to unpack .../053-libpsl5_0.21.2-1_amd64.deb ...
#7 7.643 Unpacking libpsl5:amd64 (0.21.2-1) ...
#7 7.671 Selecting previously unselected package librtmp1:amd64.
#7 7.673 Preparing to unpack .../054-librtmp1_2.4+20151223.gitfa8646d.1-2+b2_amd64.deb ...
#7 7.674 Unpacking librtmp1:amd64 (2.4+20151223.gitfa8646d.1-2+b2) ...
#7 7.703 Selecting previously unselected package libssh2-1:amd64.
#7 7.704 Preparing to unpack .../055-libssh2-1_1.10.0-3+b1_amd64.deb ...
#7 7.706 Unpacking libssh2-1:amd64 (1.10.0-3+b1) ...
#7 7.739 Selecting previously unselected package libcurl4:amd64.
#7 7.740 Preparing to unpack .../056-libcurl4_7.88.1-10+deb12u12_amd64.deb ...
#7 7.741 Unpacking libcurl4:amd64 (7.88.1-10+deb12u12) ...
#7 7.769 Selecting previously unselected package curl.
#7 7.770 Preparing to unpack .../057-curl_7.88.1-10+deb12u12_amd64.deb ...
#7 7.770 Unpacking curl (7.88.1-10+deb12u12) ...
#7 7.800 Selecting previously unselected package libassuan0:amd64.
#7 7.801 Preparing to unpack .../058-libassuan0_2.5.5-5_amd64.deb ...
#7 7.802 Unpacking libassuan0:amd64 (2.5.5-5) ...
#7 7.824 Selecting previously unselected package gpgconf.
#7 7.825 Preparing to unpack .../059-gpgconf_2.2.40-1.1_amd64.deb ...
#7 7.827 Unpacking gpgconf (2.2.40-1.1) ...
#7 7.862 Selecting previously unselected package libksba8:amd64.
#7 7.864 Preparing to unpack .../060-libksba8_1.6.3-2_amd64.deb ...
#7 7.865 Unpacking libksba8:amd64 (1.6.3-2) ...
#7 7.906 Selecting previously unselected package libnpth0:amd64.
#7 7.908 Preparing to unpack .../061-libnpth0_1.6-3_amd64.deb ...
#7 7.910 Unpacking libnpth0:amd64 (1.6-3) ...
#7 7.936 Selecting previously unselected package dirmngr.
#7 7.938 Preparing to unpack .../062-dirmngr_2.2.40-1.1_amd64.deb ...
#7 7.958 Unpacking dirmngr (2.2.40-1.1) ...
#7 7.999 Selecting previously unselected package libfakeroot:amd64.
#7 8.000 Preparing to unpack .../063-libfakeroot_1.31-1.2_amd64.deb ...
#7 8.001 Unpacking libfakeroot:amd64 (1.31-1.2) ...
#7 8.015 Selecting previously unselected package fakeroot.
#7 8.017 Preparing to unpack .../064-fakeroot_1.31-1.2_amd64.deb ...
#7 8.019 Unpacking fakeroot (1.31-1.2) ...
#7 8.049 Selecting previously unselected package fonts-dejavu-core.
#7 8.051 Preparing to unpack .../065-fonts-dejavu-core_2.37-6_all.deb ...
#7 8.053 Unpacking fonts-dejavu-core (2.37-6) ...
#7 8.128 Selecting previously unselected package fontconfig-config.
#7 8.129 Preparing to unpack .../066-fontconfig-config_2.14.1-4_amd64.deb ...
#7 8.256 Unpacking fontconfig-config (2.14.1-4) ...
#7 8.290 Selecting previously unselected package gnupg-l10n.
#7 8.292 Preparing to unpack .../067-gnupg-l10n_2.2.40-1.1_all.deb ...
#7 8.294 Unpacking gnupg-l10n (2.2.40-1.1) ...
#7 8.356 Selecting previously unselected package gnupg-utils.
#7 8.357 Preparing to unpack .../068-gnupg-utils_2.2.40-1.1_amd64.deb ...
#7 8.358 Unpacking gnupg-utils (2.2.40-1.1) ...
#7 8.389 Selecting previously unselected package gpg.
#7 8.390 Preparing to unpack .../069-gpg_2.2.40-1.1_amd64.deb ...
#7 8.390 Unpacking gpg (2.2.40-1.1) ...
#7 8.425 Selecting previously unselected package pinentry-curses.
#7 8.426 Preparing to unpack .../070-pinentry-curses_1.2.1-1_amd64.deb ...
#7 8.426 Unpacking pinentry-curses (1.2.1-1) ...
#7 8.442 Selecting previously unselected package gpg-agent.
#7 8.444 Preparing to unpack .../071-gpg-agent_2.2.40-1.1_amd64.deb ...
#7 8.445 Unpacking gpg-agent (2.2.40-1.1) ...
#7 8.482 Selecting previously unselected package gpg-wks-client.
#7 8.483 Preparing to unpack .../072-gpg-wks-client_2.2.40-1.1_amd64.deb ...
#7 8.484 Unpacking gpg-wks-client (2.2.40-1.1) ...
#7 8.521 Selecting previously unselected package gpg-wks-server.
#7 8.523 Preparing to unpack .../073-gpg-wks-server_2.2.40-1.1_amd64.deb ...
#7 8.525 Unpacking gpg-wks-server (2.2.40-1.1) ...
#7 8.557 Selecting previously unselected package gpgsm.
#7 8.559 Preparing to unpack .../074-gpgsm_2.2.40-1.1_amd64.deb ...
#7 8.560 Unpacking gpgsm (2.2.40-1.1) ...
#7 8.602 Selecting previously unselected package gnupg.
#7 8.603 Preparing to unpack .../075-gnupg_2.2.40-1.1_all.deb ...
#7 8.603 Unpacking gnupg (2.2.40-1.1) ...
#7 8.634 Selecting previously unselected package libabsl20220623:amd64.
#7 8.634 Preparing to unpack .../076-libabsl20220623_20220623.1-1+deb12u2_amd64.deb ...
#7 8.635 Unpacking libabsl20220623:amd64 (20220623.1-1+deb12u2) ...
#7 8.673 Selecting previously unselected package libalgorithm-diff-perl.
#7 8.674 Preparing to unpack .../077-libalgorithm-diff-perl_1.201-1_all.deb ...
#7 8.675 Unpacking libalgorithm-diff-perl (1.201-1) ...
#7 8.686 Selecting previously unselected package libalgorithm-diff-xs-perl:amd64.
#7 8.686 Preparing to unpack .../078-libalgorithm-diff-xs-perl_0.04-8+b1_amd64.deb ...
#7 8.687 Unpacking libalgorithm-diff-xs-perl:amd64 (0.04-8+b1) ...
#7 8.705 Selecting previously unselected package libalgorithm-merge-perl.
#7 8.707 Preparing to unpack .../079-libalgorithm-merge-perl_0.08-5_all.deb ...
#7 8.709 Unpacking libalgorithm-merge-perl (0.08-5) ...
#7 8.731 Selecting previously unselected package libaom3:amd64.
#7 8.733 Preparing to unpack .../080-libaom3_3.6.0-1+deb12u1_amd64.deb ...
#7 8.735 Unpacking libaom3:amd64 (3.6.0-1+deb12u1) ...
#7 8.836 Selecting previously unselected package libdav1d6:amd64.
#7 8.837 Preparing to unpack .../081-libdav1d6_1.0.0-2+deb12u1_amd64.deb ...
#7 8.838 Unpacking libdav1d6:amd64 (1.0.0-2+deb12u1) ...
#7 8.869 Selecting previously unselected package libgav1-1:amd64.
#7 8.870 Preparing to unpack .../082-libgav1-1_0.18.0-1+b1_amd64.deb ...
#7 8.871 Unpacking libgav1-1:amd64 (0.18.0-1+b1) ...
#7 8.899 Selecting previously unselected package librav1e0:amd64.
#7 8.900 Preparing to unpack .../083-librav1e0_0.5.1-6_amd64.deb ...
#7 8.908 Unpacking librav1e0:amd64 (0.5.1-6) ...
#7 8.971 Selecting previously unselected package libsvtav1enc1:amd64.
#7 8.972 Preparing to unpack .../084-libsvtav1enc1_1.4.1+dfsg-1_amd64.deb ...
#7 8.974 Unpacking libsvtav1enc1:amd64 (1.4.1+dfsg-1) ...
#7 9.071 Selecting previously unselected package libjpeg62-turbo:amd64.
#7 9.072 Preparing to unpack .../085-libjpeg62-turbo_1%3a2.1.5-2_amd64.deb ...
#7 9.073 Unpacking libjpeg62-turbo:amd64 (1:2.1.5-2) ...
#7 9.090 Selecting previously unselected package libyuv0:amd64.
#7 9.091 Preparing to unpack .../086-libyuv0_0.0~git20230123.b2528b0-1_amd64.deb ...
#7 9.092 Unpacking libyuv0:amd64 (0.0~git20230123.b2528b0-1) ...
#7 9.125 Selecting previously unselected package libavif15:amd64.
#7 9.126 Preparing to unpack .../087-libavif15_0.11.1-1+deb12u1_amd64.deb ...
#7 9.128 Unpacking libavif15:amd64 (0.11.1-1+deb12u1) ...
#7 9.160 Selecting previously unselected package libbsd0:amd64.
#7 9.162 Preparing to unpack .../088-libbsd0_0.11.7-2_amd64.deb ...
#7 9.164 Unpacking libbsd0:amd64 (0.11.7-2) ...
#7 9.199 Selecting previously unselected package libexpat1:amd64.
#7 9.200 Preparing to unpack .../089-libexpat1_2.5.0-1+deb12u1_amd64.deb ...
#7 9.202 Unpacking libexpat1:amd64 (2.5.0-1+deb12u1) ...
#7 9.237 Selecting previously unselected package libpng16-16:amd64.
#7 9.239 Preparing to unpack .../090-libpng16-16_1.6.39-2_amd64.deb ...
#7 9.241 Unpacking libpng16-16:amd64 (1.6.39-2) ...
#7 9.270 Selecting previously unselected package libfreetype6:amd64.
#7 9.271 Preparing to unpack .../091-libfreetype6_2.12.1+dfsg-5+deb12u4_amd64.deb ...
#7 9.272 Unpacking libfreetype6:amd64 (2.12.1+dfsg-5+deb12u4) ...
#7 9.314 Selecting previously unselected package libfontconfig1:amd64.
#7 9.315 Preparing to unpack .../092-libfontconfig1_2.14.1-4_amd64.deb ...
#7 9.316 Unpacking libfontconfig1:amd64 (2.14.1-4) ...
#7 9.332 Selecting previously unselected package libde265-0:amd64.
#7 9.333 Preparing to unpack .../093-libde265-0_1.0.11-1+deb12u2_amd64.deb ...
#7 9.334 Unpacking libde265-0:amd64 (1.0.11-1+deb12u2) ...
#7 9.350 Selecting previously unselected package libnuma1:amd64.
#7 9.351 Preparing to unpack .../094-libnuma1_2.0.16-1_amd64.deb ...
#7 9.352 Unpacking libnuma1:amd64 (2.0.16-1) ...
#7 9.365 Selecting previously unselected package libx265-199:amd64.
#7 9.367 Preparing to unpack .../095-libx265-199_3.5-2+b1_amd64.deb ...
#7 9.368 Unpacking libx265-199:amd64 (3.5-2+b1) ...
#7 9.449 Selecting previously unselected package libheif1:amd64.
#7 9.450 Preparing to unpack .../096-libheif1_1.15.1-1+deb12u1_amd64.deb ...
#7 9.451 Unpacking libheif1:amd64 (1.15.1-1+deb12u1) ...
#7 9.469 Selecting previously unselected package libdeflate0:amd64.
#7 9.470 Preparing to unpack .../097-libdeflate0_1.14-1_amd64.deb ...
#7 9.471 Unpacking libdeflate0:amd64 (1.14-1) ...
#7 9.494 Selecting previously unselected package libjbig0:amd64.
#7 9.496 Preparing to unpack .../098-libjbig0_2.1-6.1_amd64.deb ...
#7 9.498 Unpacking libjbig0:amd64 (2.1-6.1) ...
#7 9.523 Selecting previously unselected package liblerc4:amd64.
#7 9.525 Preparing to unpack .../099-liblerc4_4.0.0+ds-2_amd64.deb ...
#7 9.527 Unpacking liblerc4:amd64 (4.0.0+ds-2) ...
#7 9.562 Selecting previously unselected package libwebp7:amd64.
#7 9.564 Preparing to unpack .../100-libwebp7_1.2.4-0.2+deb12u1_amd64.deb ...
#7 9.566 Unpacking libwebp7:amd64 (1.2.4-0.2+deb12u1) ...
#7 9.595 Selecting previously unselected package libtiff6:amd64.
#7 9.596 Preparing to unpack .../101-libtiff6_4.5.0-6+deb12u2_amd64.deb ...
#7 9.597 Unpacking libtiff6:amd64 (4.5.0-6+deb12u2) ...
#7 9.629 Selecting previously unselected package libxau6:amd64.
#7 9.631 Preparing to unpack .../102-libxau6_1%3a1.0.9-1_amd64.deb ...
#7 9.633 Unpacking libxau6:amd64 (1:1.0.9-1) ...
#7 9.658 Selecting previously unselected package libxdmcp6:amd64.
#7 9.660 Preparing to unpack .../103-libxdmcp6_1%3a1.1.2-3_amd64.deb ...
#7 9.661 Unpacking libxdmcp6:amd64 (1:1.1.2-3) ...
#7 9.688 Selecting previously unselected package libxcb1:amd64.
#7 9.690 Preparing to unpack .../104-libxcb1_1.15-1_amd64.deb ...
#7 9.692 Unpacking libxcb1:amd64 (1.15-1) ...
#7 9.724 Selecting previously unselected package libx11-data.
#7 9.726 Preparing to unpack .../105-libx11-data_2%3a1.8.4-2+deb12u2_all.deb ...
#7 9.727 Unpacking libx11-data (2:1.8.4-2+deb12u2) ...
#7 9.775 Selecting previously unselected package libx11-6:amd64.
#7 9.776 Preparing to unpack .../106-libx11-6_2%3a1.8.4-2+deb12u2_amd64.deb ...
#7 9.778 Unpacking libx11-6:amd64 (2:1.8.4-2+deb12u2) ...
#7 9.827 Selecting previously unselected package libxpm4:amd64.
#7 9.828 Preparing to unpack .../107-libxpm4_1%3a3.5.12-1.1+deb12u1_amd64.deb ...
#7 9.829 Unpacking libxpm4:amd64 (1:3.5.12-1.1+deb12u1) ...
#7 9.846 Selecting previously unselected package libgd3:amd64.
#7 9.847 Preparing to unpack .../108-libgd3_2.3.3-9_amd64.deb ...
#7 9.849 Unpacking libgd3:amd64 (2.3.3-9) ...
#7 9.879 Selecting previously unselected package libc-devtools.
#7 9.881 Preparing to unpack .../109-libc-devtools_2.36-9+deb12u10_amd64.deb ...
#7 9.882 Unpacking libc-devtools (2.36-9+deb12u10) ...
#7 9.910 Selecting previously unselected package libfile-fcntllock-perl.
#7 9.912 Preparing to unpack .../110-libfile-fcntllock-perl_0.22-4+b1_amd64.deb ...
#7 9.914 Unpacking libfile-fcntllock-perl (0.22-4+b1) ...
#7 9.939 Selecting previously unselected package libldap-common.
#7 9.941 Preparing to unpack .../111-libldap-common_2.5.13+dfsg-5_all.deb ...
#7 9.943 Unpacking libldap-common (2.5.13+dfsg-5) ...
#7 9.970 Selecting previously unselected package libsasl2-modules:amd64.
#7 9.972 Preparing to unpack .../112-libsasl2-modules_2.1.28+dfsg-10_amd64.deb ...
#7 9.981 Unpacking libsasl2-modules:amd64 (2.1.28+dfsg-10) ...
#7 10.02 Selecting previously unselected package manpages-dev.
#7 10.02 Preparing to unpack .../113-manpages-dev_6.03-2_all.deb ...
#7 10.02 Unpacking manpages-dev (6.03-2) ...
#7 10.15 Selecting previously unselected package publicsuffix.
#7 10.16 Preparing to unpack .../114-publicsuffix_20230209.2326-1_all.deb ...
#7 10.16 Unpacking publicsuffix (20230209.2326-1) ...
#7 10.19 Setting up libksba8:amd64 (1.6.3-2) ...
#7 10.20 Setting up libexpat1:amd64 (2.5.0-1+deb12u1) ...
#7 10.20 Setting up libaom3:amd64 (3.6.0-1+deb12u1) ...
#7 10.20 Setting up libabsl20220623:amd64 (20220623.1-1+deb12u2) ...
#7 10.21 Setting up libxau6:amd64 (1:1.0.9-1) ...
#7 10.21 Setting up libpsl5:amd64 (0.21.2-1) ...
#7 10.21 Setting up liblerc4:amd64 (4.0.0+ds-2) ...
#7 10.22 Setting up manpages (6.03-2) ...
#7 10.22 Setting up libbrotli1:amd64 (1.0.9-2+b6) ...
#7 10.22 Setting up libsasl2-modules:amd64 (2.1.28+dfsg-10) ...
#7 10.23 Setting up binutils-common:amd64 (2.40-2) ...
#7 10.24 Setting up libnghttp2-14:amd64 (1.52.0-1+deb12u2) ...
#7 10.24 Setting up libdeflate0:amd64 (1.14-1) ...
#7 10.24 Setting up linux-libc-dev:amd64 (6.1.140-1) ...
#7 10.25 Setting up libctf-nobfd0:amd64 (2.40-2) ...
#7 10.25 Setting up libnpth0:amd64 (1.6-3) ...
#7 10.25 Setting up libsvtav1enc1:amd64 (1.4.1+dfsg-1) ...
#7 10.26 Setting up libassuan0:amd64 (2.5.5-5) ...
#7 10.26 Setting up libgomp1:amd64 (12.2.0-14+deb12u1) ...
#7 10.26 Setting up bzip2 (1.0.8-5+b1) ...
#7 10.27 Setting up libldap-common (2.5.13+dfsg-5) ...
#7 10.27 Setting up libjbig0:amd64 (2.1-6.1) ...
#7 10.27 Setting up librav1e0:amd64 (0.5.1-6) ...
#7 10.28 Setting up libfakeroot:amd64 (1.31-1.2) ...
#7 10.28 Setting up libjansson4:amd64 (2.14-2) ...
#7 10.28 Setting up libsasl2-modules-db:amd64 (2.1.28+dfsg-10) ...
#7 10.29 Setting up fakeroot (1.31-1.2) ...
#7 10.29 update-alternatives: using /usr/bin/fakeroot-sysv to provide /usr/bin/fakeroot (fakeroot) in auto mode
#7 10.29 update-alternatives: warning: skip creation of /usr/share/man/man1/fakeroot.1.gz because associated file /usr/share/man/man1/fakeroot-sysv.1.gz (of link group fakeroot) doesn't exist
#7 10.29 update-alternatives: warning: skip creation of /usr/share/man/man1/faked.1.gz because associated file /usr/share/man/man1/faked-sysv.1.gz (of link group fakeroot) doesn't exist
#7 10.29 update-alternatives: warning: skip creation of /usr/share/man/es/man1/fakeroot.1.gz because associated file /usr/share/man/es/man1/fakeroot-sysv.1.gz (of link group fakeroot) doesn't exist
#7 10.29 update-alternatives: warning: skip creation of /usr/share/man/es/man1/faked.1.gz because associated file /usr/share/man/es/man1/faked-sysv.1.gz (of link group fakeroot) doesn't exist
#7 10.29 update-alternatives: warning: skip creation of /usr/share/man/fr/man1/fakeroot.1.gz because associated file /usr/share/man/fr/man1/fakeroot-sysv.1.gz (of link group fakeroot) doesn't exist
#7 10.29 update-alternatives: warning: skip creation of /usr/share/man/fr/man1/faked.1.gz because associated file /usr/share/man/fr/man1/faked-sysv.1.gz (of link group fakeroot) doesn't exist
#7 10.29 update-alternatives: warning: skip creation of /usr/share/man/sv/man1/fakeroot.1.gz because associated file /usr/share/man/sv/man1/fakeroot-sysv.1.gz (of link group fakeroot) doesn't exist
#7 10.29 update-alternatives: warning: skip creation of /usr/share/man/sv/man1/faked.1.gz because associated file /usr/share/man/sv/man1/faked-sysv.1.gz (of link group fakeroot) doesn't exist
#7 10.30 Setting up perl-modules-5.36 (5.36.0-7+deb12u2) ...
#7 10.30 Setting up libtirpc-dev:amd64 (1.3.3+ds-1) ...
#7 10.31 Setting up rpcsvc-proto (1.4.3-1) ...
#7 10.31 Setting up libjpeg62-turbo:amd64 (1:2.1.5-2) ...
#7 10.31 Setting up libx11-data (2:1.8.4-2+deb12u2) ...
#7 10.32 Setting up make (4.3-4.1) ...
#7 10.32 Setting up libmpfr6:amd64 (4.2.0-1) ...
#7 10.32 Setting up gnupg-l10n (2.2.40-1.1) ...
#7 10.33 Setting up librtmp1:amd64 (2.4+20151223.gitfa8646d.1-2+b2) ...
#7 10.33 Setting up xz-utils (5.4.1-1) ...
#7 10.33 update-alternatives: using /usr/bin/xz to provide /usr/bin/lzma (lzma) in auto mode
#7 10.34 update-alternatives: warning: skip creation of /usr/share/man/man1/lzma.1.gz because associated file /usr/share/man/man1/xz.1.gz (of link group lzma) doesn't exist
#7 10.34 update-alternatives: warning: skip creation of /usr/share/man/man1/unlzma.1.gz because associated file /usr/share/man/man1/unxz.1.gz (of link group lzma) doesn't exist
#7 10.34 update-alternatives: warning: skip creation of /usr/share/man/man1/lzcat.1.gz because associated file /usr/share/man/man1/xzcat.1.gz (of link group lzma) doesn't exist
#7 10.34 update-alternatives: warning: skip creation of /usr/share/man/man1/lzmore.1.gz because associated file /usr/share/man/man1/xzmore.1.gz (of link group lzma) doesn't exist
#7 10.34 update-alternatives: warning: skip creation of /usr/share/man/man1/lzless.1.gz because associated file /usr/share/man/man1/xzless.1.gz (of link group lzma) doesn't exist
#7 10.34 update-alternatives: warning: skip creation of /usr/share/man/man1/lzdiff.1.gz because associated file /usr/share/man/man1/xzdiff.1.gz (of link group lzma) doesn't exist
#7 10.34 update-alternatives: warning: skip creation of /usr/share/man/man1/lzcmp.1.gz because associated file /usr/share/man/man1/xzcmp.1.gz (of link group lzma) doesn't exist
#7 10.34 update-alternatives: warning: skip creation of /usr/share/man/man1/lzgrep.1.gz because associated file /usr/share/man/man1/xzgrep.1.gz (of link group lzma) doesn't exist
#7 10.34 update-alternatives: warning: skip creation of /usr/share/man/man1/lzegrep.1.gz because associated file /usr/share/man/man1/xzegrep.1.gz (of link group lzma) doesn't exist
#7 10.34 update-alternatives: warning: skip creation of /usr/share/man/man1/lzfgrep.1.gz because associated file /usr/share/man/man1/xzfgrep.1.gz (of link group lzma) doesn't exist
#7 10.34 Setting up libquadmath0:amd64 (12.2.0-14+deb12u1) ...
#7 10.34 Setting up libpng16-16:amd64 (1.6.39-2) ...
#7 10.35 Setting up libmpc3:amd64 (1.3.1-1) ...
#7 10.35 Setting up libatomic1:amd64 (12.2.0-14+deb12u1) ...
#7 10.35 Setting up patch (2.7.6-7) ...
#7 10.36 Setting up fonts-dejavu-core (2.37-6) ...
#7 10.37 Setting up libgdbm-compat4:amd64 (1.23-3) ...
#7 10.38 Setting up libgav1-1:amd64 (0.18.0-1+b1) ...
#7 10.38 Setting up libdav1d6:amd64 (1.0.0-2+deb12u1) ...
#7 10.38 Setting up libsasl2-2:amd64 (2.1.28+dfsg-10) ...
#7 10.39 Setting up libwebp7:amd64 (1.2.4-0.2+deb12u1) ...
#7 10.39 Setting up libubsan1:amd64 (12.2.0-14+deb12u1) ...
#7 10.39 Setting up libnuma1:amd64 (2.0.16-1) ...
#7 10.40 Setting up libnsl-dev:amd64 (1.3.0-2) ...
#7 10.40 Setting up libcrypt-dev:amd64 (1:4.4.33-2) ...
#7 10.41 Setting up libtiff6:amd64 (4.5.0-6+deb12u2) ...
#7 10.41 Setting up libasan8:amd64 (12.2.0-14+deb12u1) ...
#7 10.42 Setting up gpgconf (2.2.40-1.1) ...
#7 10.42 Setting up libssh2-1:amd64 (1.10.0-3+b1) ...
#7 10.42 Setting up libtsan2:amd64 (12.2.0-14+deb12u1) ...
#7 10.43 Setting up libbinutils:amd64 (2.40-2) ...
#7 10.43 Setting up libisl23:amd64 (0.25-1.1) ...
#7 10.43 Setting up libde265-0:amd64 (1.0.11-1+deb12u2) ...
#7 10.44 Setting up libc-dev-bin (2.36-9+deb12u10) ...
#7 10.44 Setting up libbsd0:amd64 (0.11.7-2) ...
#7 10.44 Setting up libyuv0:amd64 (0.0~git20230123.b2528b0-1) ...
#7 10.45 Setting up publicsuffix (20230209.2326-1) ...
#7 10.45 Setting up libcc1-0:amd64 (12.2.0-14+deb12u1) ...
#7 10.45 Setting up libperl5.36:amd64 (5.36.0-7+deb12u2) ...
#7 10.46 Setting up liblocale-gettext-perl (1.07-5) ...
#7 10.46 Setting up gpg (2.2.40-1.1) ...
#7 10.46 Setting up liblsan0:amd64 (12.2.0-14+deb12u1) ...
#7 10.47 Setting up libitm1:amd64 (12.2.0-14+deb12u1) ...
#7 10.47 Setting up gnupg-utils (2.2.40-1.1) ...
#7 10.47 Setting up libctf0:amd64 (2.40-2) ...
#7 10.48 Setting up pinentry-curses (1.2.1-1) ...
#7 10.48 Setting up manpages-dev (6.03-2) ...
#7 10.49 Setting up libxdmcp6:amd64 (1:1.1.2-3) ...
#7 10.49 Setting up cpp-12 (12.2.0-14+deb12u1) ...
#7 10.49 Setting up libxcb1:amd64 (1.15-1) ...
#7 10.50 Setting up gpg-agent (2.2.40-1.1) ...
#7 10.76 Setting up libavif15:amd64 (0.11.1-1+deb12u1) ...
#7 10.76 Setting up fontconfig-config (2.14.1-4) ...
#7 10.82 debconf: unable to initialize frontend: Dialog
#7 10.82 debconf: (TERM is not set, so the dialog frontend is not usable.)
#7 10.82 debconf: falling back to frontend: Readline
#7 10.82 debconf: unable to initialize frontend: Readline
#7 10.82 debconf: (This frontend requires a controlling tty.)
#7 10.82 debconf: falling back to frontend: Teletype
#7 10.96 Setting up gpgsm (2.2.40-1.1) ...
#7 10.96 Setting up libldap-2.5-0:amd64 (2.5.13+dfsg-5) ...
#7 10.96 Setting up dirmngr (2.2.40-1.1) ...
#7 11.05 Setting up perl (5.36.0-7+deb12u2) ...
#7 11.06 Setting up libgprofng0:amd64 (2.40-2) ...
#7 11.06 Setting up libfreetype6:amd64 (2.12.1+dfsg-5+deb12u4) ...
#7 11.06 Setting up libgcc-12-dev:amd64 (12.2.0-14+deb12u1) ...
#7 11.06 Setting up libdpkg-perl (1.21.22) ...
#7 11.07 Setting up libx265-199:amd64 (3.5-2+b1) ...
#7 11.07 Setting up gpg-wks-server (2.2.40-1.1) ...
#7 11.07 Setting up cpp (4:12.2.0-3) ...
#7 11.08 Setting up libcurl4:amd64 (7.88.1-10+deb12u12) ...
#7 11.08 Setting up libc6-dev:amd64 (2.36-9+deb12u10) ...
#7 11.09 Setting up libx11-6:amd64 (2:1.8.4-2+deb12u2) ...
#7 11.09 Setting up curl (7.88.1-10+deb12u12) ...
#7 11.09 Setting up libfontconfig1:amd64 (2.14.1-4) ...
#7 11.10 Setting up binutils-x86-64-linux-gnu (2.40-2) ...
#7 11.10 Setting up libxpm4:amd64 (1:3.5.12-1.1+deb12u1) ...
#7 11.10 Setting up gpg-wks-client (2.2.40-1.1) ...
#7 11.11 Setting up libstdc++-12-dev:amd64 (12.2.0-14+deb12u1) ...
#7 11.11 Setting up libfile-fcntllock-perl (0.22-4+b1) ...
#7 11.11 Setting up libalgorithm-diff-perl (1.201-1) ...
#7 11.12 Setting up libheif1:amd64 (1.15.1-1+deb12u1) ...
#7 11.12 Setting up binutils (2.40-2) ...
#7 11.12 Setting up dpkg-dev (1.21.22) ...
#7 11.13 Setting up gcc-12 (12.2.0-14+deb12u1) ...
#7 11.13 Setting up libgd3:amd64 (2.3.3-9) ...
#7 11.14 Setting up gnupg (2.2.40-1.1) ...
#7 11.14 Setting up libalgorithm-diff-xs-perl:amd64 (0.04-8+b1) ...
#7 11.14 Setting up libc-devtools (2.36-9+deb12u10) ...
#7 11.15 Setting up libalgorithm-merge-perl (0.08-5) ...
#7 11.15 Setting up g++-12 (12.2.0-14+deb12u1) ...
#7 11.15 Setting up gcc (4:12.2.0-3) ...
#7 11.17 Setting up g++ (4:12.2.0-3) ...
#7 11.17 update-alternatives: using /usr/bin/g++ to provide /usr/bin/c++ (c++) in auto mode
#7 11.18 Setting up build-essential (12.9) ...
#7 11.18 Processing triggers for libc-bin (2.36-9+deb12u10) ...
#7 DONE 11.3s

#8 [4/6] COPY requirements.txt .
#8 DONE 0.0s

#9 [5/6] RUN pip install --no-cache-dir -r requirements.txt
#9 1.215 Collecting fastapi==0.104.1 (from -r requirements.txt (line 1))
#9 1.326   Downloading fastapi-0.104.1-py3-none-any.whl.metadata (24 kB)
#9 1.382 Collecting uvicorn==0.24.0 (from -r requirements.txt (line 2))
#9 1.413   Downloading uvicorn-0.24.0-py3-none-any.whl.metadata (6.4 kB)
#9 1.660 Collecting sqlalchemy==2.0.23 (from -r requirements.txt (line 3))
#9 1.690   Downloading SQLAlchemy-2.0.23-cp311-cp311-manylinux_2_17_x86_64.manylinux2014_x86_64.whl.metadata (9.6 kB)
#9 1.777 Collecting psycopg2-binary==2.9.9 (from -r requirements.txt (line 4))
#9 1.807   Downloading psycopg2_binary-2.9.9-cp311-cp311-manylinux_2_17_x86_64.manylinux2014_x86_64.whl.metadata (4.4 kB)
#9 1.914 Collecting pydantic==2.5.2 (from -r requirements.txt (line 5))
#9 1.943   Downloading pydantic-2.5.2-py3-none-any.whl.metadata (65 kB)
#9 1.973       65.2/65.2 kB 2.1 MB/s eta 0:00:00
#9 2.028 Collecting pydantic-settings==2.1.0 (from -r requirements.txt (line 6))
#9 2.057   Downloading pydantic_settings-2.1.0-py3-none-any.whl.metadata (2.9 kB)
#9 2.107 Collecting python-jose==3.3.0 (from python-jose[cryptography]==3.3.0->-r requirements.txt (line 7))
#9 2.138   Downloading python_jose-3.3.0-py2.py3-none-any.whl.metadata (5.4 kB)
#9 2.186 Collecting passlib==1.7.4 (from passlib[bcrypt]==1.7.4->-r requirements.txt (line 8))
#9 2.219   Downloading passlib-1.7.4-py2.py3-none-any.whl.metadata (1.7 kB)
#9 2.272 Collecting python-multipart==0.0.6 (from -r requirements.txt (line 9))
#9 2.302   Downloading python_multipart-0.0.6-py3-none-any.whl.metadata (2.5 kB)
#9 2.370 Collecting alembic==1.12.1 (from -r requirements.txt (line 10))
#9 2.399   Downloading alembic-1.12.1-py3-none-any.whl.metadata (7.3 kB)
#9 2.499 Collecting pandas==2.1.3 (from -r requirements.txt (line 11))
#9 2.529   Downloading pandas-2.1.3-cp311-cp311-manylinux_2_17_x86_64.manylinux2014_x86_64.whl.metadata (18 kB)
#9 2.706 Collecting numpy==1.26.2 (from -r requirements.txt (line 12))
#9 2.742   Downloading numpy-1.26.2-cp311-cp311-manylinux_2_17_x86_64.manylinux2014_x86_64.whl.metadata (61 kB)
#9 2.749       61.2/61.2 kB 12.1 MB/s eta 0:00:00
#9 2.844 Collecting scikit-learn==1.3.2 (from -r requirements.txt (line 13))
#9 2.879   Downloading scikit_learn-1.3.2-cp311-cp311-manylinux_2_17_x86_64.manylinux2014_x86_64.whl.metadata (11 kB)
#9 2.931 Collecting python-dateutil==2.8.2 (from -r requirements.txt (line 14))
#9 2.961   Downloading python_dateutil-2.8.2-py2.py3-none-any.whl.metadata (8.2 kB)
#9 3.026 Collecting redis==5.0.1 (from -r requirements.txt (line 15))
#9 3.057   Downloading redis-5.0.1-py3-none-any.whl.metadata (8.9 kB)
#9 3.110 Collecting httpx==0.25.2 (from -r requirements.txt (line 16))
#9 3.143   Downloading httpx-0.25.2-py3-none-any.whl.metadata (6.9 kB)
#9 3.219 Collecting pytest==7.4.3 (from -r requirements.txt (line 17))
#9 3.248   Downloading pytest-7.4.3-py3-none-any.whl.metadata (7.9 kB)
#9 3.303 Collecting pytest-asyncio==0.21.1 (from -r requirements.txt (line 18))
#9 3.334   Downloading pytest_asyncio-0.21.1-py3-none-any.whl.metadata (4.0 kB)
#9 3.659 Collecting aiohttp==3.9.1 (from -r requirements.txt (line 19))
#9 3.689   Downloading aiohttp-3.9.1-cp311-cp311-manylinux_2_17_x86_64.manylinux2014_x86_64.whl.metadata (7.4 kB)
#9 3.752 Collecting asyncpg==0.29.0 (from -r requirements.txt (line 20))
#9 3.783   Downloading asyncpg-0.29.0-cp311-cp311-manylinux_2_17_x86_64.manylinux2014_x86_64.whl.metadata (4.4 kB)
#9 3.832 Collecting python-dotenv==1.0.0 (from -r requirements.txt (line 21))
#9 3.862   Downloading python_dotenv-1.0.0-py3-none-any.whl.metadata (21 kB)
#9 3.933 Collecting anyio<4.0.0,>=3.7.1 (from fastapi==0.104.1->-r requirements.txt (line 1))
#9 3.962   Downloading anyio-3.7.1-py3-none-any.whl.metadata (4.7 kB)
#9 4.033 Collecting starlette<0.28.0,>=0.27.0 (from fastapi==0.104.1->-r requirements.txt (line 1))
#9 4.063   Downloading starlette-0.27.0-py3-none-any.whl.metadata (5.8 kB)
#9 4.119 Collecting typing-extensions>=4.8.0 (from fastapi==0.104.1->-r requirements.txt (line 1))
#9 4.147   Downloading typing_extensions-4.14.0-py3-none-any.whl.metadata (3.0 kB)
#9 4.218 Collecting click>=7.0 (from uvicorn==0.24.0->-r requirements.txt (line 2))
#9 4.248   Downloading click-8.2.1-py3-none-any.whl.metadata (2.5 kB)
#9 4.299 Collecting h11>=0.8 (from uvicorn==0.24.0->-r requirements.txt (line 2))
#9 4.327   Downloading h11-0.16.0-py3-none-any.whl.metadata (8.3 kB)
#9 4.490 Collecting greenlet!=0.4.17 (from sqlalchemy==2.0.23->-r requirements.txt (line 3))
#9 4.521   Downloading greenlet-3.2.3-cp311-cp311-manylinux_2_24_x86_64.manylinux_2_28_x86_64.whl.metadata (4.1 kB)
#9 4.566 Collecting annotated-types>=0.4.0 (from pydantic==2.5.2->-r requirements.txt (line 5))
#9 4.597   Downloading annotated_types-0.7.0-py3-none-any.whl.metadata (15 kB)
#9 4.985 Collecting pydantic-core==2.14.5 (from pydantic==2.5.2->-r requirements.txt (line 5))
#9 5.020   Downloading pydantic_core-2.14.5-cp311-cp311-manylinux_2_17_x86_64.manylinux2014_x86_64.whl.metadata (6.5 kB)
#9 5.086 Collecting ecdsa!=0.15 (from python-jose==3.3.0->python-jose[cryptography]==3.3.0->-r requirements.txt (line 7))
#9 5.114   Downloading ecdsa-0.19.1-py2.py3-none-any.whl.metadata (29 kB)
#9 5.166 Collecting rsa (from python-jose==3.3.0->python-jose[cryptography]==3.3.0->-r requirements.txt (line 7))
#9 5.201   Downloading rsa-4.9.1-py3-none-any.whl.metadata (5.6 kB)
#9 5.264 Collecting pyasn1 (from python-jose==3.3.0->python-jose[cryptography]==3.3.0->-r requirements.txt (line 7))
#9 5.293   Downloading pyasn1-0.6.1-py3-none-any.whl.metadata (8.4 kB)
#9 5.373 Collecting Mako (from alembic==1.12.1->-r requirements.txt (line 10))
#9 5.404   Downloading mako-1.3.10-py3-none-any.whl.metadata (2.9 kB)
#9 5.503 Collecting pytz>=2020.1 (from pandas==2.1.3->-r requirements.txt (line 11))
#9 5.534   Downloading pytz-2025.2-py2.py3-none-any.whl.metadata (22 kB)
#9 5.615 Collecting tzdata>=2022.1 (from pandas==2.1.3->-r requirements.txt (line 11))
#9 5.645   Downloading tzdata-2025.2-py2.py3-none-any.whl.metadata (1.4 kB)
#9 5.771 Collecting scipy>=1.5.0 (from scikit-learn==1.3.2->-r requirements.txt (line 13))
#9 5.803   Downloading scipy-1.16.0-cp311-cp311-manylinux2014_x86_64.manylinux_2_17_x86_64.whl.metadata (61 kB)
#9 5.810       61.9/61.9 kB 14.7 MB/s eta 0:00:00
#9 5.877 Collecting joblib>=1.1.1 (from scikit-learn==1.3.2->-r requirements.txt (line 13))
#9 5.909   Downloading joblib-1.5.1-py3-none-any.whl.metadata (5.6 kB)
#9 5.959 Collecting threadpoolctl>=2.0.0 (from scikit-learn==1.3.2->-r requirements.txt (line 13))
#9 5.990   Downloading threadpoolctl-3.6.0-py3-none-any.whl.metadata (13 kB)
#9 6.048 Collecting six>=1.5 (from python-dateutil==2.8.2->-r requirements.txt (line 14))
#9 6.079   Downloading six-1.17.0-py2.py3-none-any.whl.metadata (1.7 kB)
#9 6.147 Collecting certifi (from httpx==0.25.2->-r requirements.txt (line 16))
#9 6.177   Downloading certifi-2025.6.15-py3-none-any.whl.metadata (2.4 kB)
#9 6.237 Collecting httpcore==1.* (from httpx==0.25.2->-r requirements.txt (line 16))
#9 6.266   Downloading httpcore-1.0.9-py3-none-any.whl.metadata (21 kB)
#9 6.319 Collecting idna (from httpx==0.25.2->-r requirements.txt (line 16))
#9 6.348   Downloading idna-3.10-py3-none-any.whl.metadata (10 kB)
#9 6.395 Collecting sniffio (from httpx==0.25.2->-r requirements.txt (line 16))
#9 6.426   Downloading sniffio-1.3.1-py3-none-any.whl.metadata (3.9 kB)
#9 6.486 Collecting iniconfig (from pytest==7.4.3->-r requirements.txt (line 17))
#9 6.516   Downloading iniconfig-2.1.0-py3-none-any.whl.metadata (2.7 kB)
#9 6.574 Collecting packaging (from pytest==7.4.3->-r requirements.txt (line 17))
#9 6.602   Downloading packaging-25.0-py3-none-any.whl.metadata (3.3 kB)
#9 6.658 Collecting pluggy<2.0,>=0.12 (from pytest==7.4.3->-r requirements.txt (line 17))
#9 6.689   Downloading pluggy-1.6.0-py3-none-any.whl.metadata (4.8 kB)
#9 6.752 Collecting attrs>=17.3.0 (from aiohttp==3.9.1->-r requirements.txt (line 19))
#9 6.782   Downloading attrs-25.3.0-py3-none-any.whl.metadata (10 kB)
#9 6.991 Collecting multidict<7.0,>=4.5 (from aiohttp==3.9.1->-r requirements.txt (line 19))
#9 7.022   Downloading multidict-6.6.2-cp311-cp311-manylinux2014_x86_64.manylinux_2_17_x86_64.manylinux_2_28_x86_64.whl.metadata (5.3 kB)
#9 7.190 Collecting yarl<2.0,>=1.0 (from aiohttp==3.9.1->-r requirements.txt (line 19))
#9 7.219   Downloading yarl-1.20.1-cp311-cp311-manylinux_2_17_x86_64.manylinux2014_x86_64.whl.metadata (73 kB)
#9 7.227       73.9/73.9 kB 12.0 MB/s eta 0:00:00
#9 7.306 Collecting frozenlist>=1.1.1 (from aiohttp==3.9.1->-r requirements.txt (line 19))
#9 7.336   Downloading frozenlist-1.7.0-cp311-cp311-manylinux_2_5_x86_64.manylinux1_x86_64.manylinux_2_17_x86_64.manylinux2014_x86_64.whl.metadata (18 kB)
#9 7.386 Collecting aiosignal>=1.1.2 (from aiohttp==3.9.1->-r requirements.txt (line 19))
#9 7.415   Downloading aiosignal-1.3.2-py2.py3-none-any.whl.metadata (3.8 kB)
#9 7.478 Collecting async-timeout>=4.0.3 (from asyncpg==0.29.0->-r requirements.txt (line 20))
#9 7.511   Downloading async_timeout-5.0.1-py3-none-any.whl.metadata (5.1 kB)
#9 7.588 Collecting bcrypt>=3.1.0 (from passlib[bcrypt]==1.7.4->-r requirements.txt (line 8))
#9 7.618   Downloading bcrypt-4.3.0-cp39-abi3-manylinux_2_34_x86_64.whl.metadata (10 kB)
#9 7.829 Collecting cryptography>=3.4.0 (from python-jose[cryptography]==3.3.0->-r requirements.txt (line 7))
#9 7.857   Downloading cryptography-45.0.4-cp311-abi3-manylinux_2_34_x86_64.whl.metadata (5.7 kB)
#9 7.999 Collecting cffi>=1.14 (from cryptography>=3.4.0->python-jose[cryptography]==3.3.0->-r requirements.txt (line 7))
#9 8.026   Downloading cffi-1.17.1-cp311-cp311-manylinux_2_17_x86_64.manylinux2014_x86_64.whl.metadata (1.5 kB)
#9 8.157 Collecting propcache>=0.2.1 (from yarl<2.0,>=1.0->aiohttp==3.9.1->-r requirements.txt (line 19))
#9 8.188   Downloading propcache-0.3.2-cp311-cp311-manylinux_2_17_x86_64.manylinux2014_x86_64.whl.metadata (12 kB)
#9 8.272 Collecting MarkupSafe>=0.9.2 (from Mako->alembic==1.12.1->-r requirements.txt (line 10))
#9 8.302   Downloading MarkupSafe-3.0.2-cp311-cp311-manylinux_2_17_x86_64.manylinux2014_x86_64.whl.metadata (4.0 kB)
#9 8.368 Collecting pycparser (from cffi>=1.14->cryptography>=3.4.0->python-jose[cryptography]==3.3.0->-r requirements.txt (line 7))
#9 8.397   Downloading pycparser-2.22-py3-none-any.whl.metadata (943 bytes)
#9 8.454 Downloading fastapi-0.104.1-py3-none-any.whl (92 kB)
#9 8.463     92.9/92.9 kB 15.0 MB/s eta 0:00:00
#9 8.492 Downloading uvicorn-0.24.0-py3-none-any.whl (59 kB)
#9 8.497     59.6/59.6 kB 30.1 MB/s eta 0:00:00
#9 8.534 Downloading SQLAlchemy-2.0.23-cp311-cp311-manylinux_2_17_x86_64.manylinux2014_x86_64.whl (3.2 MB)
#9 8.646     3.2/3.2 MB 28.9 MB/s eta 0:00:00
#9 8.680 Downloading psycopg2_binary-2.9.9-cp311-cp311-manylinux_2_17_x86_64.manylinux2014_x86_64.whl (3.0 MB)
#9 8.713     3.0/3.0 MB 101.3 MB/s eta 0:00:00
#9 8.745 Downloading pydantic-2.5.2-py3-none-any.whl (381 kB)
#9 8.750     381.9/381.9 kB 216.9 MB/s eta 0:00:00
#9 8.788 Downloading pydantic_settings-2.1.0-py3-none-any.whl (11 kB)
#9 8.818 Downloading python_jose-3.3.0-py2.py3-none-any.whl (33 kB)
#9 8.847 Downloading passlib-1.7.4-py2.py3-none-any.whl (525 kB)
#9 8.853     525.6/525.6 kB 209.9 MB/s eta 0:00:00
#9 8.882 Downloading python_multipart-0.0.6-py3-none-any.whl (45 kB)
#9 8.885     45.7/45.7 kB 169.6 MB/s eta 0:00:00
#9 8.919 Downloading alembic-1.12.1-py3-none-any.whl (226 kB)
#9 8.923     226.8/226.8 kB 178.2 MB/s eta 0:00:00
#9 8.956 Downloading pandas-2.1.3-cp311-cp311-manylinux_2_17_x86_64.manylinux2014_x86_64.whl (12.2 MB)
#9 9.081     12.2/12.2 MB 95.2 MB/s eta 0:00:00
#9 9.115 Downloading numpy-1.26.2-cp311-cp311-manylinux_2_17_x86_64.manylinux2014_x86_64.whl (18.2 MB)
#9 9.327     18.2/18.2 MB 90.9 MB/s eta 0:00:00
#9 9.360 Downloading scikit_learn-1.3.2-cp311-cp311-manylinux_2_17_x86_64.manylinux2014_x86_64.whl (10.9 MB)
#9 9.471     10.9/10.9 MB 98.2 MB/s eta 0:00:00
#9 9.505 Downloading python_dateutil-2.8.2-py2.py3-none-any.whl (247 kB)
#9 9.510     247.7/247.7 kB 199.9 MB/s eta 0:00:00
#9 9.542 Downloading redis-5.0.1-py3-none-any.whl (250 kB)
#9 9.547     250.3/250.3 kB 197.1 MB/s eta 0:00:00
#9 9.577 Downloading httpx-0.25.2-py3-none-any.whl (74 kB)
#9 9.581     75.0/75.0 kB 202.3 MB/s eta 0:00:00
#9 9.612 Downloading pytest-7.4.3-py3-none-any.whl (325 kB)
#9 9.616     325.1/325.1 kB 209.9 MB/s eta 0:00:00
#9 9.651 Downloading pytest_asyncio-0.21.1-py3-none-any.whl (13 kB)
#9 9.681 Downloading aiohttp-3.9.1-cp311-cp311-manylinux_2_17_x86_64.manylinux2014_x86_64.whl (1.3 MB)
#9 9.695     1.3/1.3 MB 117.1 MB/s eta 0:00:00
#9 9.728 Downloading asyncpg-0.29.0-cp311-cp311-manylinux_2_17_x86_64.manylinux2014_x86_64.whl (2.8 MB)
#9 9.753     2.8/2.8 MB 127.9 MB/s eta 0:00:00
#9 9.782 Downloading python_dotenv-1.0.0-py3-none-any.whl (19 kB)
#9 9.812 Downloading httpcore-1.0.9-py3-none-any.whl (78 kB)
#9 9.815     78.8/78.8 kB 201.2 MB/s eta 0:00:00
#9 9.847 Downloading pydantic_core-2.14.5-cp311-cp311-manylinux_2_17_x86_64.manylinux2014_x86_64.whl (2.1 MB)
#9 9.868     2.1/2.1 MB 117.2 MB/s eta 0:00:00
#9 9.896 Downloading aiosignal-1.3.2-py2.py3-none-any.whl (7.6 kB)
#9 9.925 Downloading annotated_types-0.7.0-py3-none-any.whl (13 kB)
#9 9.954 Downloading anyio-3.7.1-py3-none-any.whl (80 kB)
#9 9.959     80.9/80.9 kB 213.0 MB/s eta 0:00:00
#9 9.993 Downloading async_timeout-5.0.1-py3-none-any.whl (6.2 kB)
#9 10.02 Downloading attrs-25.3.0-py3-none-any.whl (63 kB)
#9 10.02     63.8/63.8 kB 205.6 MB/s eta 0:00:00
#9 10.05 Downloading bcrypt-4.3.0-cp39-abi3-manylinux_2_34_x86_64.whl (284 kB)
#9 10.06     284.2/284.2 kB 199.3 MB/s eta 0:00:00
#9 10.09 Downloading click-8.2.1-py3-none-any.whl (102 kB)
#9 10.09     102.2/102.2 kB 212.8 MB/s eta 0:00:00
#9 10.13 Downloading cryptography-45.0.4-cp311-abi3-manylinux_2_34_x86_64.whl (4.5 MB)
#9 10.17     4.5/4.5 MB 116.7 MB/s eta 0:00:00
#9 10.21 Downloading ecdsa-0.19.1-py2.py3-none-any.whl (150 kB)
#9 10.21     150.6/150.6 kB 222.7 MB/s eta 0:00:00
#9 10.24 Downloading frozenlist-1.7.0-cp311-cp311-manylinux_2_5_x86_64.manylinux1_x86_64.manylinux_2_17_x86_64.manylinux2014_x86_64.whl (235 kB)
#9 10.24     235.3/235.3 kB 232.7 MB/s eta 0:00:00
#9 10.28 Downloading greenlet-3.2.3-cp311-cp311-manylinux_2_24_x86_64.manylinux_2_28_x86_64.whl (585 kB)
#9 10.28     585.5/585.5 kB 155.0 MB/s eta 0:00:00
#9 10.31 Downloading h11-0.16.0-py3-none-any.whl (37 kB)
#9 10.34 Downloading idna-3.10-py3-none-any.whl (70 kB)
#9 10.35     70.4/70.4 kB 118.0 MB/s eta 0:00:00
#9 10.38 Downloading joblib-1.5.1-py3-none-any.whl (307 kB)
#9 10.38     307.7/307.7 kB 231.5 MB/s eta 0:00:00
#9 10.41 Downloading multidict-6.6.2-cp311-cp311-manylinux2014_x86_64.manylinux_2_17_x86_64.manylinux_2_28_x86_64.whl (246 kB)
#9 10.42     246.8/246.8 kB 204.6 MB/s eta 0:00:00
#9 10.45 Downloading pluggy-1.6.0-py3-none-any.whl (20 kB)
#9 10.48 Downloading pytz-2025.2-py2.py3-none-any.whl (509 kB)
#9 10.48     509.2/509.2 kB 219.2 MB/s eta 0:00:00
#9 10.52 Downloading scipy-1.16.0-cp311-cp311-manylinux2014_x86_64.manylinux_2_17_x86_64.whl (35.3 MB)
#9 10.90     35.3/35.3 MB 90.2 MB/s eta 0:00:00
#9 10.93 Downloading six-1.17.0-py2.py3-none-any.whl (11 kB)
#9 10.96 Downloading sniffio-1.3.1-py3-none-any.whl (10 kB)
#9 10.99 Downloading starlette-0.27.0-py3-none-any.whl (66 kB)
#9 10.99     67.0/67.0 kB 583.5 MB/s eta 0:00:00
#9 11.02 Downloading threadpoolctl-3.6.0-py3-none-any.whl (18 kB)
#9 11.05 Downloading typing_extensions-4.14.0-py3-none-any.whl (43 kB)
#9 11.05     43.8/43.8 kB 189.2 MB/s eta 0:00:00
#9 11.08 Downloading tzdata-2025.2-py2.py3-none-any.whl (347 kB)
#9 11.08     347.8/347.8 kB 192.5 MB/s eta 0:00:00
#9 11.12 Downloading yarl-1.20.1-cp311-cp311-manylinux_2_17_x86_64.manylinux2014_x86_64.whl (348 kB)
#9 11.12     349.0/349.0 kB 203.2 MB/s eta 0:00:00
#9 11.15 Downloading certifi-2025.6.15-py3-none-any.whl (157 kB)
#9 11.15     157.7/157.7 kB 191.8 MB/s eta 0:00:00
#9 11.18 Downloading iniconfig-2.1.0-py3-none-any.whl (6.0 kB)
#9 11.21 Downloading mako-1.3.10-py3-none-any.whl (78 kB)
#9 11.22     78.5/78.5 kB 199.8 MB/s eta 0:00:00
#9 11.25 Downloading packaging-25.0-py3-none-any.whl (66 kB)
#9 11.25     66.5/66.5 kB 179.7 MB/s eta 0:00:00
#9 11.28 Downloading pyasn1-0.6.1-py3-none-any.whl (83 kB)
#9 11.28     83.1/83.1 kB 192.1 MB/s eta 0:00:00
#9 11.31 Downloading rsa-4.9.1-py3-none-any.whl (34 kB)
#9 11.34 Downloading cffi-1.17.1-cp311-cp311-manylinux_2_17_x86_64.manylinux2014_x86_64.whl (467 kB)
#9 11.35     467.2/467.2 kB 180.7 MB/s eta 0:00:00
#9 11.38 Downloading MarkupSafe-3.0.2-cp311-cp311-manylinux_2_17_x86_64.manylinux2014_x86_64.whl (23 kB)
#9 11.41 Downloading propcache-0.3.2-cp311-cp311-manylinux_2_17_x86_64.manylinux2014_x86_64.whl (213 kB)
#9 11.42     213.5/213.5 kB 235.1 MB/s eta 0:00:00
#9 11.45 Downloading pycparser-2.22-py3-none-any.whl (117 kB)
#9 11.45     117.6/117.6 kB 224.1 MB/s eta 0:00:00
#9 11.74 Installing collected packages: pytz, passlib, tzdata, typing-extensions, threadpoolctl, sniffio, six, redis, python-multipart, python-dotenv, pycparser, pyasn1, psycopg2-binary, propcache, pluggy, packaging, numpy, multidict, MarkupSafe, joblib, iniconfig, idna, h11, greenlet, frozenlist, click, certifi, bcrypt, attrs, async-timeout, annotated-types, yarl, uvicorn, sqlalchemy, scipy, rsa, python-dateutil, pytest, pydantic-core, Mako, httpcore, ecdsa, cffi, asyncpg, anyio, aiosignal, starlette, scikit-learn, python-jose, pytest-asyncio, pydantic, pandas, httpx, cryptography, alembic, aiohttp, pydantic-settings, fastapi
#9 19.24 Successfully installed Mako-1.3.10 MarkupSafe-3.0.2 aiohttp-3.9.1 aiosignal-1.3.2 alembic-1.12.1 annotated-types-0.7.0 anyio-3.7.1 async-timeout-5.0.1 asyncpg-0.29.0 attrs-25.3.0 bcrypt-4.3.0 certifi-2025.6.15 cffi-1.17.1 click-8.2.1 cryptography-45.0.4 ecdsa-0.19.1 fastapi-0.104.1 frozenlist-1.7.0 greenlet-3.2.3 h11-0.16.0 httpcore-1.0.9 httpx-0.25.2 idna-3.10 iniconfig-2.1.0 joblib-1.5.1 multidict-6.6.2 numpy-1.26.2 packaging-25.0 pandas-2.1.3 passlib-1.7.4 pluggy-1.6.0 propcache-0.3.2 psycopg2-binary-2.9.9 pyasn1-0.6.1 pycparser-2.22 pydantic-2.5.2 pydantic-core-2.14.5 pydantic-settings-2.1.0 pytest-7.4.3 pytest-asyncio-0.21.1 python-dateutil-2.8.2 python-dotenv-1.0.0 python-jose-3.3.0 python-multipart-0.0.6 pytz-2025.2 redis-5.0.1 rsa-4.9.1 scikit-learn-1.3.2 scipy-1.16.0 six-1.17.0 sniffio-1.3.1 sqlalchemy-2.0.23 starlette-0.27.0 threadpoolctl-3.6.0 typing-extensions-4.14.0 tzdata-2025.2 uvicorn-0.24.0 yarl-1.20.1
#9 19.24 WARNING: Running pip as the 'root' user can result in broken permissions and conflicting behaviour with the system package manager. It is recommended to use a virtual environment instead: https://pip.pypa.io/warnings/venv
#9 19.42 
#9 19.42 [notice] A new release of pip is available: 24.0 -> 25.1.1
#9 19.42 [notice] To update, run: pip install --upgrade pip
#9 DONE 20.1s

#10 [6/6] COPY . .
#10 DONE 0.0s

#11 exporting to image
#11 exporting layers
#11 exporting layers 2.5s done
#11 writing image sha256:9d8bc7ebd67cb769434d74fdcf365754ef6bfd17f470732d748f308a877e823b done
#11 naming to docker.io/library/biuai_backend done
#11 DONE 2.5s
Building frontend
#0 building with "default" instance using docker driver

#1 [internal] load build definition from Dockerfile
#1 transferring dockerfile: 388B done
#1 WARN: FromAsCasing: 'as' and 'FROM' keywords' casing do not match (line 2)
#1 WARN: FromAsCasing: 'as' and 'FROM' keywords' casing do not match (line 15)
#1 DONE 0.0s

#2 [internal] load metadata for docker.io/library/node:18-alpine
#2 ...

#3 [internal] load metadata for docker.io/library/nginx:stable-alpine
#3 DONE 1.3s

#2 [internal] load metadata for docker.io/library/node:18-alpine
#2 DONE 1.3s

#4 [internal] load .dockerignore
#4 transferring context: 2B done
#4 DONE 0.0s

#5 [build-stage 1/6] FROM docker.io/library/node:18-alpine@sha256:8d6421d663b4c28fd3ebc498332f249011d118945588d0a35cb9bc4b8ca09d9e
#5 DONE 0.0s

#6 [build-stage 2/6] WORKDIR /app
#6 CACHED

#7 [production-stage 1/3] FROM docker.io/library/nginx:stable-alpine@sha256:aed99734248e851764f1f2146835ecad42b5f994081fa6631cc5d79240891ec9
#7 CACHED

#8 [internal] load build context
#8 transferring context: 185.05MB 1.1s done
#8 DONE 1.1s

#9 [build-stage 3/6] COPY package*.json ./
#9 DONE 0.1s

#10 [build-stage 4/6] RUN npm install
#10 1.099 npm warn deprecated rimraf@3.0.2: Rimraf versions prior to v4 are no longer supported
#10 1.662 npm warn deprecated inflight@1.0.6: This module is not supported, and leaks memory. Do not use it. Check out lru-cache if you want a good and tested way to coalesce async requests by a key value, which is much more comprehensive and powerful.
#10 1.891 npm warn deprecated glob@7.2.3: Glob versions prior to v9 are no longer supported
#10 4.507 npm warn deprecated eslint@8.57.1: This version is no longer supported. Please see https://eslint.org/version-support for other options.
#10 4.749 npm warn deprecated @humanwhocodes/object-schema@2.0.3: Use @eslint/object-schema instead
#10 4.777 npm warn deprecated @humanwhocodes/config-array@0.13.0: Use @eslint/config-array instead
#10 12.87 
#10 12.87 added 199 packages, and audited 200 packages in 13s
#10 12.87 
#10 12.87 53 packages are looking for funding
#10 12.87   run `npm fund` for details
#10 12.88 
#10 12.88 3 moderate severity vulnerabilities
#10 12.88 
#10 12.88 To address all issues (including breaking changes), run:
#10 12.88   npm audit fix --force
#10 12.88 
#10 12.88 Run `npm audit` for details.
#10 12.88 npm notice
#10 12.88 npm notice New major version of npm available! 10.8.2 -> 11.4.2
#10 12.88 npm notice Changelog: https://github.com/npm/cli/releases/tag/v11.4.2
#10 12.88 npm notice To update run: npm install -g npm@11.4.2
#10 12.88 npm notice
#10 DONE 13.0s

#11 [build-stage 5/6] COPY . .
#11 DONE 0.7s

#12 [build-stage 6/6] RUN npm run build
#12 0.291 
#12 0.291 > frontend@0.0.1 build
#12 0.291 > vite build
#12 0.291 
#12 0.388 [33mThe CJS build of Vite's Node API is deprecated. See https://vite.dev/guide/troubleshooting.html#vite-cjs-node-api-deprecated for more details.[39m
#12 0.440 vite v5.4.19 building for production...
#12 0.495 transforming...
#12 2.318  218 modules transformed.
#12 2.393 rendering chunks...
#12 2.476 computing gzip size...
#12 2.499 dist/index.html                                                  0.44 kB  gzip:  0.29 kB
#12 2.499 dist/assets/flUhRq6tzZclQEJ-Vdg-IuiaDsNcIhQ8tQ-D-x-0Q06.woff2  128.62 kB
#12 2.499 dist/assets/flUhRq6tzZclQEJ-Vdg-IuiaDsNa-Dr0goTwe.woff         164.91 kB
#12 2.499 dist/assets/Lancamentos-DLGepIkV.css                             0.05 kB  gzip:  0.07 kB
#12 2.499 dist/assets/Login-BFRwH5KJ.css                                   0.06 kB  gzip:  0.08 kB
#12 2.499 dist/assets/Registro-CVj75A2f.css                                0.06 kB  gzip:  0.08 kB
#12 2.499 dist/assets/Dashboard-DffjvcS_.css                               0.10 kB  gzip:  0.10 kB
#12 2.499 dist/assets/MainLayout-BHeCBYNd.css                              0.14 kB  gzip:  0.12 kB
#12 2.499 dist/assets/AuthLayout-CFZ7EF1J.css                              0.27 kB  gzip:  0.20 kB
#12 2.499 dist/assets/index-d1L_I7Tg.css                                 203.81 kB  gzip: 36.14 kB
#12 2.499 dist/assets/use-quasar-njZu-UXE.js                               0.08 kB  gzip:  0.10 kB
#12 2.499 dist/assets/AuthLayout-sNKxGt-L.js                               0.80 kB  gzip:  0.50 kB
#12 2.499 dist/assets/ClosePopup-Cd0varCc.js                               1.09 kB  gzip:  0.60 kB
#12 2.499 dist/assets/dom-CtUt5cP-.js                                      1.18 kB  gzip:  0.63 kB
#12 2.499 dist/assets/Login-U13Oz9aK.js                                    1.50 kB  gzip:  0.84 kB
#12 2.499 dist/assets/scroll-De1H4qZ-.js                                   1.90 kB  gzip:  0.89 kB
#12 2.499 dist/assets/Registro-BaDQNZm0.js                                 2.05 kB  gzip:  0.98 kB
#12 2.499 dist/assets/Dashboard-6WVbUWl8.js                                2.80 kB  gzip:  1.10 kB
#12 2.499 dist/assets/QLayout-Bxj8dMQL.js                                  6.57 kB  gzip:  2.73 kB
#12 2.499 dist/assets/Lancamentos-BJtEDawr.js                              6.61 kB  gzip:  2.56 kB
#12 2.499 dist/assets/use-key-composition-mddoXbLa.js                     13.38 kB  gzip:  4.78 kB
#12 2.499 dist/assets/QForm-B1u8ftbH.js                                   14.25 kB  gzip:  5.41 kB
#12 2.499 dist/assets/QBtn-Ck66zu4C.js                                    17.66 kB  gzip:  6.91 kB
#12 2.499 dist/assets/MainLayout-D7Y1dofu.js                              22.27 kB  gzip:  7.83 kB
#12 2.499 dist/assets/QDialog-CCqpuc-2.js                                 27.72 kB  gzip:  9.54 kB
#12 2.499 dist/assets/lancamentos-C8cwLjgH.js                             65.37 kB  gzip: 21.06 kB
#12 2.500 dist/assets/index-D93vN0zz.js                                  157.68 kB  gzip: 61.22 kB
#12 2.500  built in 2.04s
#12 DONE 2.5s

#13 [production-stage 2/3] COPY --from=build-stage /app/dist /usr/share/nginx/html
#13 DONE 0.0s

#14 [production-stage 3/3] COPY nginx.conf /etc/nginx/conf.d/default.conf
#14 DONE 0.0s

#15 exporting to image
#15 exporting layers 0.0s done
#15 writing image sha256:d4b48e3136628977ef207400f5a561030370077b240161df0bfa654c6212d076 done
#15 naming to docker.io/library/biuai_frontend done
#15 DONE 0.0s

 [33m2 warnings found (use docker --debug to expand):
[0m - FromAsCasing: 'as' and 'FROM' keywords' casing do not match (line 2)
 - FromAsCasing: 'as' and 'FROM' keywords' casing do not match (line 15)
Building jupyter
#0 building with "default" instance using docker driver

#1 [internal] load build definition from Dockerfile
#1 transferring dockerfile: 670B done
#1 DONE 0.0s

#2 [internal] load metadata for docker.io/jupyter/scipy-notebook:latest
#2 DONE 2.0s

#3 [internal] load .dockerignore
#3 transferring context: 2B done
#3 DONE 0.0s

#4 [internal] load build context
#4 transferring context: 5.55kB done
#4 DONE 0.0s

#5 [1/6] FROM docker.io/jupyter/scipy-notebook:latest@sha256:fca4bcc9cbd49d9a15e0e4df6c666adf17776c950da9fa94a4f0a045d5c4ad33
#5 resolve docker.io/jupyter/scipy-notebook:latest@sha256:fca4bcc9cbd49d9a15e0e4df6c666adf17776c950da9fa94a4f0a045d5c4ad33 done
#5 sha256:fca4bcc9cbd49d9a15e0e4df6c666adf17776c950da9fa94a4f0a045d5c4ad33 772B / 772B done
#5 sha256:ad65fcfebde3d9d6590bca3f709f1e386a4e56bd63654c0babd5ebf41e9edd9e 18.57kB / 18.57kB done
#5 sha256:fd92c719666cac5862b8ea1e034eeb038c7191d52d0ff468c0a90ed68c0420a4 0B / 8.82MB 0.1s
#5 sha256:088f11eb1e74ae07b0c0cfefb7906e1821c0b84f00524cc8e4011c276fe7d2d7 0B / 679B 0.1s
#5 sha256:aece8493d3972efa43bfd4ee3cdba659c0f787f8f59c82fb3e48c87cbb22a12e 0B / 29.54MB 0.1s
#5 sha256:bf4de44b0fa8a422ebc325e695d572d304bd290c055e028a6507921a294213bc 6.78kB / 6.78kB done
#5 sha256:aece8493d3972efa43bfd4ee3cdba659c0f787f8f59c82fb3e48c87cbb22a12e 8.39MB / 29.54MB 0.5s
#5 sha256:fd92c719666cac5862b8ea1e034eeb038c7191d52d0ff468c0a90ed68c0420a4 4.19MB / 8.82MB 0.7s
#5 sha256:088f11eb1e74ae07b0c0cfefb7906e1821c0b84f00524cc8e4011c276fe7d2d7 679B / 679B 0.6s done
#5 sha256:aece8493d3972efa43bfd4ee3cdba659c0f787f8f59c82fb3e48c87cbb22a12e 18.87MB / 29.54MB 0.7s
#5 sha256:4f4fb700ef54461cfa02571ae0db9a0dc1e0cdb5577484a6d75e68dc38e8acc1 0B / 32B 0.7s
#5 sha256:fd92c719666cac5862b8ea1e034eeb038c7191d52d0ff468c0a90ed68c0420a4 8.82MB / 8.82MB 0.8s done
#5 sha256:aece8493d3972efa43bfd4ee3cdba659c0f787f8f59c82fb3e48c87cbb22a12e 29.54MB / 29.54MB 0.9s done
#5 sha256:4f4fb700ef54461cfa02571ae0db9a0dc1e0cdb5577484a6d75e68dc38e8acc1 32B / 32B 0.9s done
#5 sha256:77e45ee945dc8a1ce57be013482750833e7721903814e42510a3db2a05940aee 0B / 4.92kB 0.9s
#5 sha256:ef8373d600b0ac4a916da50b72cb116efc56800836a264d1dd8ea8e07e76256d 0B / 1.92kB 0.9s
#5 sha256:a30f89a0af6c7f64872ff93f4a9445b9d25f1206982670a911b2c83b672f443a 0B / 151B 0.9s
#5 extracting sha256:aece8493d3972efa43bfd4ee3cdba659c0f787f8f59c82fb3e48c87cbb22a12e 0.1s
#5 sha256:77e45ee945dc8a1ce57be013482750833e7721903814e42510a3db2a05940aee 4.92kB / 4.92kB 1.1s done
#5 sha256:ef8373d600b0ac4a916da50b72cb116efc56800836a264d1dd8ea8e07e76256d 1.92kB / 1.92kB 1.0s done
#5 sha256:dc42adc7eb7398a8589bad907643f9b08467de588b3c2719c78302d5ec480446 0B / 276B 1.1s
#5 sha256:abaa8376a6502612b92e1750cee7aa450ef045e23a418077439a392b0c224f2e 0B / 104.82MB 1.1s
#5 sha256:a30f89a0af6c7f64872ff93f4a9445b9d25f1206982670a911b2c83b672f443a 151B / 151B 1.2s done
#5 sha256:aa099bb9e49a60e4a86d1015fa7be3ea1dc1dc87153a0c0767dac5c3df94babb 0B / 4.40kB 1.2s
#5 extracting sha256:aece8493d3972efa43bfd4ee3cdba659c0f787f8f59c82fb3e48c87cbb22a12e 0.3s done
#5 sha256:dc42adc7eb7398a8589bad907643f9b08467de588b3c2719c78302d5ec480446 276B / 276B 1.2s done
#5 extracting sha256:fd92c719666cac5862b8ea1e034eeb038c7191d52d0ff468c0a90ed68c0420a4 0.1s
#5 sha256:822c4cbcf6a6b7660f90516cd166125d55de917a2f18c086eee2abe52c1b7e9a 0B / 181B 1.3s
#5 sha256:abaa8376a6502612b92e1750cee7aa450ef045e23a418077439a392b0c224f2e 7.34MB / 104.82MB 1.4s
#5 extracting sha256:fd92c719666cac5862b8ea1e034eeb038c7191d52d0ff468c0a90ed68c0420a4 0.1s done
#5 extracting sha256:088f11eb1e74ae07b0c0cfefb7906e1821c0b84f00524cc8e4011c276fe7d2d7 done
#5 extracting sha256:4f4fb700ef54461cfa02571ae0db9a0dc1e0cdb5577484a6d75e68dc38e8acc1 done
#5 extracting sha256:ef8373d600b0ac4a916da50b72cb116efc56800836a264d1dd8ea8e07e76256d done
#5 extracting sha256:77e45ee945dc8a1ce57be013482750833e7721903814e42510a3db2a05940aee done
#5 extracting sha256:a30f89a0af6c7f64872ff93f4a9445b9d25f1206982670a911b2c83b672f443a done
#5 extracting sha256:dc42adc7eb7398a8589bad907643f9b08467de588b3c2719c78302d5ec480446
#5 sha256:abaa8376a6502612b92e1750cee7aa450ef045e23a418077439a392b0c224f2e 24.12MB / 104.82MB 1.6s
#5 sha256:aa099bb9e49a60e4a86d1015fa7be3ea1dc1dc87153a0c0767dac5c3df94babb 4.40kB / 4.40kB 1.4s done
#5 sha256:822c4cbcf6a6b7660f90516cd166125d55de917a2f18c086eee2abe52c1b7e9a 181B / 181B 1.5s done
#5 extracting sha256:dc42adc7eb7398a8589bad907643f9b08467de588b3c2719c78302d5ec480446 done
#5 sha256:d25166dcdc7b4776765e67e9b3548b023fb7bf2a9bd1d14746fa3d1d902279a0 0B / 30.50MB 1.6s
#5 sha256:964fc3e4ff9f3bb80c77f28ca6318e4e121dc657731158efb42f322dd7f521c3 0B / 137.74MB 1.6s
#5 sha256:abaa8376a6502612b92e1750cee7aa450ef045e23a418077439a392b0c224f2e 35.65MB / 104.82MB 1.8s
#5 sha256:abaa8376a6502612b92e1750cee7aa450ef045e23a418077439a392b0c224f2e 41.94MB / 104.82MB 1.9s
#5 sha256:d25166dcdc7b4776765e67e9b3548b023fb7bf2a9bd1d14746fa3d1d902279a0 2.10MB / 30.50MB 1.9s
#5 sha256:abaa8376a6502612b92e1750cee7aa450ef045e23a418077439a392b0c224f2e 47.19MB / 104.82MB 2.0s
#5 sha256:d25166dcdc7b4776765e67e9b3548b023fb7bf2a9bd1d14746fa3d1d902279a0 6.29MB / 30.50MB 2.0s
#5 sha256:d25166dcdc7b4776765e67e9b3548b023fb7bf2a9bd1d14746fa3d1d902279a0 10.49MB / 30.50MB 2.1s
#5 sha256:abaa8376a6502612b92e1750cee7aa450ef045e23a418077439a392b0c224f2e 60.82MB / 104.82MB 2.3s
#5 sha256:d25166dcdc7b4776765e67e9b3548b023fb7bf2a9bd1d14746fa3d1d902279a0 17.83MB / 30.50MB 2.3s
#5 sha256:d25166dcdc7b4776765e67e9b3548b023fb7bf2a9bd1d14746fa3d1d902279a0 22.02MB / 30.50MB 2.4s
#5 sha256:abaa8376a6502612b92e1750cee7aa450ef045e23a418077439a392b0c224f2e 73.40MB / 104.82MB 2.6s
#5 sha256:d25166dcdc7b4776765e67e9b3548b023fb7bf2a9bd1d14746fa3d1d902279a0 28.31MB / 30.50MB 2.6s
#5 sha256:d25166dcdc7b4776765e67e9b3548b023fb7bf2a9bd1d14746fa3d1d902279a0 30.50MB / 30.50MB 2.7s done
#5 sha256:964fc3e4ff9f3bb80c77f28ca6318e4e121dc657731158efb42f322dd7f521c3 7.34MB / 137.74MB 2.7s
#5 sha256:2c4c69587ee486a6d786449a71621bdcbc4ad1653c5f7f5848e0eb5a7deaa786 0B / 1.15kB 2.7s
#5 sha256:abaa8376a6502612b92e1750cee7aa450ef045e23a418077439a392b0c224f2e 82.84MB / 104.82MB 2.8s
#5 sha256:964fc3e4ff9f3bb80c77f28ca6318e4e121dc657731158efb42f322dd7f521c3 16.78MB / 137.74MB 2.9s
#5 sha256:abaa8376a6502612b92e1750cee7aa450ef045e23a418077439a392b0c224f2e 92.27MB / 104.82MB 3.0s
#5 sha256:2c4c69587ee486a6d786449a71621bdcbc4ad1653c5f7f5848e0eb5a7deaa786 1.15kB / 1.15kB 3.0s done
#5 sha256:de2cdd875fa8d3fe6e191d8b1c0dd0bfb677cba16a0fe1a67dd66bef00da6dac 0B / 1.42kB 3.0s
#5 sha256:abaa8376a6502612b92e1750cee7aa450ef045e23a418077439a392b0c224f2e 100.66MB / 104.82MB 3.2s
#5 sha256:964fc3e4ff9f3bb80c77f28ca6318e4e121dc657731158efb42f322dd7f521c3 29.36MB / 137.74MB 3.2s
#5 sha256:de2cdd875fa8d3fe6e191d8b1c0dd0bfb677cba16a0fe1a67dd66bef00da6dac 1.42kB / 1.42kB 3.3s done
#5 extracting sha256:abaa8376a6502612b92e1750cee7aa450ef045e23a418077439a392b0c224f2e
#5 sha256:abaa8376a6502612b92e1750cee7aa450ef045e23a418077439a392b0c224f2e 104.82MB / 104.82MB 3.3s done
#5 sha256:964fc3e4ff9f3bb80c77f28ca6318e4e121dc657731158efb42f322dd7f521c3 42.99MB / 137.74MB 3.4s
#5 sha256:75d33599f5f251fdff33b1556b84d51b4bfef6781fe41672deea7a5fae31b57e 0B / 1.43kB 3.4s
#5 sha256:31973ea8247081810aedfbad471cb29e8cad519f6e0cd488b6692b04e61ada5d 0B / 178.43MB 3.4s
#5 sha256:964fc3e4ff9f3bb80c77f28ca6318e4e121dc657731158efb42f322dd7f521c3 55.57MB / 137.74MB 3.6s
#5 sha256:75d33599f5f251fdff33b1556b84d51b4bfef6781fe41672deea7a5fae31b57e 1.43kB / 1.43kB 3.5s done
#5 sha256:96ee7e4439c77a57032d37c61ee62749216ebdd514e813e96123a92076ccc967 0B / 1.47kB 3.6s
#5 sha256:964fc3e4ff9f3bb80c77f28ca6318e4e121dc657731158efb42f322dd7f521c3 63.96MB / 137.74MB 3.8s
#5 sha256:31973ea8247081810aedfbad471cb29e8cad519f6e0cd488b6692b04e61ada5d 11.53MB / 178.43MB 3.8s
#5 sha256:96ee7e4439c77a57032d37c61ee62749216ebdd514e813e96123a92076ccc967 1.47kB / 1.47kB 3.9s done
#5 sha256:1f9ad23c07ac8f228ec821f2095f22735c64308e16073c52722cd5d113f7f880 0B / 437B 3.9s
#5 sha256:964fc3e4ff9f3bb80c77f28ca6318e4e121dc657731158efb42f322dd7f521c3 73.40MB / 137.74MB 4.0s
#5 sha256:31973ea8247081810aedfbad471cb29e8cad519f6e0cd488b6692b04e61ada5d 20.97MB / 178.43MB 4.0s
#5 sha256:964fc3e4ff9f3bb80c77f28ca6318e4e121dc657731158efb42f322dd7f521c3 81.79MB / 137.74MB 4.2s
#5 sha256:31973ea8247081810aedfbad471cb29e8cad519f6e0cd488b6692b04e61ada5d 30.41MB / 178.43MB 4.2s
#5 sha256:1f9ad23c07ac8f228ec821f2095f22735c64308e16073c52722cd5d113f7f880 437B / 437B 4.2s done
#5 sha256:d19266e0cb17753722408d50ece152f5c2cd764246d9ce4cbf6c20a82d4ccb4c 0B / 1.26kB 4.2s
#5 sha256:964fc3e4ff9f3bb80c77f28ca6318e4e121dc657731158efb42f322dd7f521c3 90.18MB / 137.74MB 4.4s
#5 sha256:31973ea8247081810aedfbad471cb29e8cad519f6e0cd488b6692b04e61ada5d 39.85MB / 178.43MB 4.4s
#5 sha256:d19266e0cb17753722408d50ece152f5c2cd764246d9ce4cbf6c20a82d4ccb4c 1.26kB / 1.26kB 4.4s done
#5 sha256:9a165b6e9dc7f764933ed13711e8d3d2866e635d3c5740cfc3a1d303b0c1968d 0B / 279.53MB 4.5s
#5 sha256:964fc3e4ff9f3bb80c77f28ca6318e4e121dc657731158efb42f322dd7f521c3 99.61MB / 137.74MB 4.6s
#5 sha256:964fc3e4ff9f3bb80c77f28ca6318e4e121dc657731158efb42f322dd7f521c3 106.95MB / 137.74MB 4.8s
#5 sha256:31973ea8247081810aedfbad471cb29e8cad519f6e0cd488b6692b04e61ada5d 56.62MB / 178.43MB 4.8s
#5 sha256:964fc3e4ff9f3bb80c77f28ca6318e4e121dc657731158efb42f322dd7f521c3 117.44MB / 137.74MB 5.1s
#5 sha256:31973ea8247081810aedfbad471cb29e8cad519f6e0cd488b6692b04e61ada5d 66.06MB / 178.43MB 5.1s
#5 extracting sha256:abaa8376a6502612b92e1750cee7aa450ef045e23a418077439a392b0c224f2e 1.8s done
#5 extracting sha256:aa099bb9e49a60e4a86d1015fa7be3ea1dc1dc87153a0c0767dac5c3df94babb done
#5 extracting sha256:822c4cbcf6a6b7660f90516cd166125d55de917a2f18c086eee2abe52c1b7e9a done
#5 extracting sha256:d25166dcdc7b4776765e67e9b3548b023fb7bf2a9bd1d14746fa3d1d902279a0
#5 sha256:964fc3e4ff9f3bb80c77f28ca6318e4e121dc657731158efb42f322dd7f521c3 126.88MB / 137.74MB 5.4s
#5 sha256:31973ea8247081810aedfbad471cb29e8cad519f6e0cd488b6692b04e61ada5d 75.50MB / 178.43MB 5.4s
#5 sha256:9a165b6e9dc7f764933ed13711e8d3d2866e635d3c5740cfc3a1d303b0c1968d 15.73MB / 279.53MB 5.4s
#5 sha256:964fc3e4ff9f3bb80c77f28ca6318e4e121dc657731158efb42f322dd7f521c3 137.58MB / 137.74MB 5.7s
#5 extracting sha256:d25166dcdc7b4776765e67e9b3548b023fb7bf2a9bd1d14746fa3d1d902279a0 0.3s done
#5 sha256:964fc3e4ff9f3bb80c77f28ca6318e4e121dc657731158efb42f322dd7f521c3 137.74MB / 137.74MB 5.7s done
#5 sha256:31973ea8247081810aedfbad471cb29e8cad519f6e0cd488b6692b04e61ada5d 89.13MB / 178.43MB 5.8s
#5 extracting sha256:964fc3e4ff9f3bb80c77f28ca6318e4e121dc657731158efb42f322dd7f521c3 0.1s
#5 sha256:5689442fd4e1eb2168a70199d7321f5dde66f5dcecc207e57836a6baac48260d 0B / 236B 5.8s
#5 sha256:9a165b6e9dc7f764933ed13711e8d3d2866e635d3c5740cfc3a1d303b0c1968d 30.41MB / 279.53MB 5.9s
#5 sha256:5689442fd4e1eb2168a70199d7321f5dde66f5dcecc207e57836a6baac48260d 236B / 236B 5.9s done
#5 sha256:9a6a202f62a6599a1ebad61a11e5d953f35736256aa11509a8f369883cdcd4e3 0B / 546.28MB 6.0s
#5 sha256:31973ea8247081810aedfbad471cb29e8cad519f6e0cd488b6692b04e61ada5d 101.71MB / 178.43MB 6.1s
#5 sha256:31973ea8247081810aedfbad471cb29e8cad519f6e0cd488b6692b04e61ada5d 111.15MB / 178.43MB 6.3s
#5 sha256:9a165b6e9dc7f764933ed13711e8d3d2866e635d3c5740cfc3a1d303b0c1968d 45.09MB / 279.53MB 6.3s
#5 sha256:31973ea8247081810aedfbad471cb29e8cad519f6e0cd488b6692b04e61ada5d 123.73MB / 178.43MB 6.7s
#5 sha256:9a165b6e9dc7f764933ed13711e8d3d2866e635d3c5740cfc3a1d303b0c1968d 59.77MB / 279.53MB 6.8s
#5 sha256:31973ea8247081810aedfbad471cb29e8cad519f6e0cd488b6692b04e61ada5d 134.22MB / 178.43MB 7.0s
#5 sha256:31973ea8247081810aedfbad471cb29e8cad519f6e0cd488b6692b04e61ada5d 144.70MB / 178.43MB 7.3s
#5 sha256:9a165b6e9dc7f764933ed13711e8d3d2866e635d3c5740cfc3a1d303b0c1968d 75.50MB / 279.53MB 7.3s
#5 sha256:9a6a202f62a6599a1ebad61a11e5d953f35736256aa11509a8f369883cdcd4e3 29.36MB / 546.28MB 7.4s
#5 sha256:31973ea8247081810aedfbad471cb29e8cad519f6e0cd488b6692b04e61ada5d 156.24MB / 178.43MB 7.7s
#5 sha256:9a165b6e9dc7f764933ed13711e8d3d2866e635d3c5740cfc3a1d303b0c1968d 91.23MB / 279.53MB 7.8s
#5 sha256:31973ea8247081810aedfbad471cb29e8cad519f6e0cd488b6692b04e61ada5d 165.68MB / 178.43MB 8.0s
#5 extracting sha256:964fc3e4ff9f3bb80c77f28ca6318e4e121dc657731158efb42f322dd7f521c3 2.4s done
#5 extracting sha256:2c4c69587ee486a6d786449a71621bdcbc4ad1653c5f7f5848e0eb5a7deaa786
#5 sha256:9a165b6e9dc7f764933ed13711e8d3d2866e635d3c5740cfc3a1d303b0c1968d 106.95MB / 279.53MB 8.3s
#5 extracting sha256:2c4c69587ee486a6d786449a71621bdcbc4ad1653c5f7f5848e0eb5a7deaa786 done
#5 extracting sha256:de2cdd875fa8d3fe6e191d8b1c0dd0bfb677cba16a0fe1a67dd66bef00da6dac done
#5 extracting sha256:75d33599f5f251fdff33b1556b84d51b4bfef6781fe41672deea7a5fae31b57e done
#5 sha256:31973ea8247081810aedfbad471cb29e8cad519f6e0cd488b6692b04e61ada5d 177.21MB / 178.43MB 8.4s
#5 sha256:9a6a202f62a6599a1ebad61a11e5d953f35736256aa11509a8f369883cdcd4e3 57.67MB / 546.28MB 8.4s
#5 sha256:31973ea8247081810aedfbad471cb29e8cad519f6e0cd488b6692b04e61ada5d 178.43MB / 178.43MB 8.4s done
#5 extracting sha256:31973ea8247081810aedfbad471cb29e8cad519f6e0cd488b6692b04e61ada5d 0.1s
#5 sha256:734ea0c3d94e1cb3af924749a5493983109f80abdadf70e919717767c04ed676 0B / 597.22kB 8.5s
#5 sha256:734ea0c3d94e1cb3af924749a5493983109f80abdadf70e919717767c04ed676 597.22kB / 597.22kB 8.7s done
#5 sha256:a21a167f71274a2618b5ffb4187cbd6dafa5ac63d7179a54fc097e0e7b742f63 0B / 7.12kB 8.7s
#5 sha256:9a165b6e9dc7f764933ed13711e8d3d2866e635d3c5740cfc3a1d303b0c1968d 124.78MB / 279.53MB 8.8s
#5 sha256:a21a167f71274a2618b5ffb4187cbd6dafa5ac63d7179a54fc097e0e7b742f63 7.12kB / 7.12kB 8.9s done
#5 sha256:9a165b6e9dc7f764933ed13711e8d3d2866e635d3c5740cfc3a1d303b0c1968d 143.65MB / 279.53MB 9.2s
#5 sha256:9a6a202f62a6599a1ebad61a11e5d953f35736256aa11509a8f369883cdcd4e3 92.27MB / 546.28MB 9.4s
#5 sha256:9a165b6e9dc7f764933ed13711e8d3d2866e635d3c5740cfc3a1d303b0c1968d 161.48MB / 279.53MB 9.6s
#5 sha256:9a165b6e9dc7f764933ed13711e8d3d2866e635d3c5740cfc3a1d303b0c1968d 179.31MB / 279.53MB 10.0s
#5 sha256:9a6a202f62a6599a1ebad61a11e5d953f35736256aa11509a8f369883cdcd4e3 120.59MB / 546.28MB 10.1s
#5 sha256:9a165b6e9dc7f764933ed13711e8d3d2866e635d3c5740cfc3a1d303b0c1968d 201.33MB / 279.53MB 10.5s
#5 sha256:9a6a202f62a6599a1ebad61a11e5d953f35736256aa11509a8f369883cdcd4e3 148.90MB / 546.28MB 10.8s
#5 sha256:9a165b6e9dc7f764933ed13711e8d3d2866e635d3c5740cfc3a1d303b0c1968d 221.25MB / 279.53MB 10.9s
#5 sha256:9a165b6e9dc7f764933ed13711e8d3d2866e635d3c5740cfc3a1d303b0c1968d 239.14MB / 279.53MB 11.3s
#5 sha256:9a6a202f62a6599a1ebad61a11e5d953f35736256aa11509a8f369883cdcd4e3 177.21MB / 546.28MB 11.5s
#5 sha256:9a165b6e9dc7f764933ed13711e8d3d2866e635d3c5740cfc3a1d303b0c1968d 257.95MB / 279.53MB 11.7s
#5 sha256:9a165b6e9dc7f764933ed13711e8d3d2866e635d3c5740cfc3a1d303b0c1968d 279.53MB / 279.53MB 12.2s
#5 sha256:9a6a202f62a6599a1ebad61a11e5d953f35736256aa11509a8f369883cdcd4e3 208.67MB / 546.28MB 12.2s
#5 sha256:9a165b6e9dc7f764933ed13711e8d3d2866e635d3c5740cfc3a1d303b0c1968d 279.53MB / 279.53MB 12.2s done
#5 extracting sha256:31973ea8247081810aedfbad471cb29e8cad519f6e0cd488b6692b04e61ada5d 4.1s done
#5 extracting sha256:96ee7e4439c77a57032d37c61ee62749216ebdd514e813e96123a92076ccc967 done
#5 extracting sha256:1f9ad23c07ac8f228ec821f2095f22735c64308e16073c52722cd5d113f7f880 done
#5 extracting sha256:d19266e0cb17753722408d50ece152f5c2cd764246d9ce4cbf6c20a82d4ccb4c
#5 sha256:9a6a202f62a6599a1ebad61a11e5d953f35736256aa11509a8f369883cdcd4e3 238.03MB / 546.28MB 12.7s
#5 extracting sha256:d19266e0cb17753722408d50ece152f5c2cd764246d9ce4cbf6c20a82d4ccb4c done
#5 extracting sha256:9a165b6e9dc7f764933ed13711e8d3d2866e635d3c5740cfc3a1d303b0c1968d 0.1s
#5 sha256:9a6a202f62a6599a1ebad61a11e5d953f35736256aa11509a8f369883cdcd4e3 267.39MB / 546.28MB 13.1s
#5 sha256:9a6a202f62a6599a1ebad61a11e5d953f35736256aa11509a8f369883cdcd4e3 296.75MB / 546.28MB 13.9s
#5 sha256:9a6a202f62a6599a1ebad61a11e5d953f35736256aa11509a8f369883cdcd4e3 328.20MB / 546.28MB 14.8s
#5 extracting sha256:9a165b6e9dc7f764933ed13711e8d3d2866e635d3c5740cfc3a1d303b0c1968d 2.2s done
#5 extracting sha256:5689442fd4e1eb2168a70199d7321f5dde66f5dcecc207e57836a6baac48260d
#5 extracting sha256:5689442fd4e1eb2168a70199d7321f5dde66f5dcecc207e57836a6baac48260d done
#5 sha256:9a6a202f62a6599a1ebad61a11e5d953f35736256aa11509a8f369883cdcd4e3 360.71MB / 546.28MB 15.3s
#5 sha256:9a6a202f62a6599a1ebad61a11e5d953f35736256aa11509a8f369883cdcd4e3 395.31MB / 546.28MB 15.8s
#5 sha256:9a6a202f62a6599a1ebad61a11e5d953f35736256aa11509a8f369883cdcd4e3 433.06MB / 546.28MB 16.3s
#5 sha256:9a6a202f62a6599a1ebad61a11e5d953f35736256aa11509a8f369883cdcd4e3 465.57MB / 546.28MB 16.7s
#5 sha256:9a6a202f62a6599a1ebad61a11e5d953f35736256aa11509a8f369883cdcd4e3 500.17MB / 546.28MB 17.4s
#5 sha256:9a6a202f62a6599a1ebad61a11e5d953f35736256aa11509a8f369883cdcd4e3 535.82MB / 546.28MB 17.9s
#5 sha256:9a6a202f62a6599a1ebad61a11e5d953f35736256aa11509a8f369883cdcd4e3 546.28MB / 546.28MB 18.1s done
#5 extracting sha256:9a6a202f62a6599a1ebad61a11e5d953f35736256aa11509a8f369883cdcd4e3 0.1s
#5 extracting sha256:9a6a202f62a6599a1ebad61a11e5d953f35736256aa11509a8f369883cdcd4e3 5.1s
#5 extracting sha256:9a6a202f62a6599a1ebad61a11e5d953f35736256aa11509a8f369883cdcd4e3 6.4s done
#5 extracting sha256:734ea0c3d94e1cb3af924749a5493983109f80abdadf70e919717767c04ed676
#5 extracting sha256:734ea0c3d94e1cb3af924749a5493983109f80abdadf70e919717767c04ed676 0.0s done
#5 extracting sha256:a21a167f71274a2618b5ffb4187cbd6dafa5ac63d7179a54fc097e0e7b742f63 done
#5 DONE 24.8s

#6 [2/6] RUN apt-get update && apt-get install -y     build-essential     curl     && rm -rf /var/lib/apt/lists/*
#6 0.774 Get:1 http://security.ubuntu.com/ubuntu jammy-security InRelease [129 kB]
#6 1.002 Get:2 http://archive.ubuntu.com/ubuntu jammy InRelease [270 kB]
#6 1.839 Get:3 http://security.ubuntu.com/ubuntu jammy-security/restricted amd64 Packages [4,587 kB]
#6 2.305 Get:4 http://archive.ubuntu.com/ubuntu jammy-updates InRelease [128 kB]
#6 2.833 Get:5 http://archive.ubuntu.com/ubuntu jammy-backports InRelease [127 kB]
#6 3.250 Get:6 http://security.ubuntu.com/ubuntu jammy-security/main amd64 Packages [3,040 kB]
#6 3.348 Get:7 http://security.ubuntu.com/ubuntu jammy-security/multiverse amd64 Packages [47.7 kB]
#6 3.349 Get:8 http://security.ubuntu.com/ubuntu jammy-security/universe amd64 Packages [1,254 kB]
#6 3.801 Get:9 http://archive.ubuntu.com/ubuntu jammy/main amd64 Packages [1,792 kB]
#6 4.924 Get:10 http://archive.ubuntu.com/ubuntu jammy/restricted amd64 Packages [164 kB]
#6 5.152 Get:11 http://archive.ubuntu.com/ubuntu jammy/multiverse amd64 Packages [266 kB]
#6 5.389 Get:12 http://archive.ubuntu.com/ubuntu jammy/universe amd64 Packages [17.5 MB]
#6 6.893 Get:13 http://archive.ubuntu.com/ubuntu jammy-updates/universe amd64 Packages [1,561 kB]
#6 7.213 Get:14 http://archive.ubuntu.com/ubuntu jammy-updates/multiverse amd64 Packages [55.7 kB]
#6 7.433 Get:15 http://archive.ubuntu.com/ubuntu jammy-updates/main amd64 Packages [3,350 kB]
#6 7.879 Get:16 http://archive.ubuntu.com/ubuntu jammy-updates/restricted amd64 Packages [4,741 kB]
#6 8.422 Get:17 http://archive.ubuntu.com/ubuntu jammy-backports/universe amd64 Packages [35.2 kB]
#6 8.639 Get:18 http://archive.ubuntu.com/ubuntu jammy-backports/main amd64 Packages [83.2 kB]
#6 8.665 Fetched 39.1 MB in 8s (4,685 kB/s)
#6 8.665 Reading package lists...
#6 9.190 Reading package lists...
#6 9.646 Building dependency tree...
#6 9.729 Reading state information...
#6 9.818 build-essential is already the newest version (12.9ubuntu3).
#6 9.818 The following packages will be upgraded:
#6 9.818   curl libcurl4
#6 10.18 2 upgraded, 0 newly installed, 0 to remove and 118 not upgraded.
#6 10.18 Need to get 483 kB of archives.
#6 10.18 After this operation, 2,048 B of additional disk space will be used.
#6 10.18 Get:1 http://archive.ubuntu.com/ubuntu jammy-updates/main amd64 curl amd64 7.81.0-1ubuntu1.20 [194 kB]
#6 11.08 Get:2 http://archive.ubuntu.com/ubuntu jammy-updates/main amd64 libcurl4 amd64 7.81.0-1ubuntu1.20 [289 kB]
#6 11.39 debconf: delaying package configuration, since apt-utils is not installed
#6 11.41 Fetched 483 kB in 1s (326 kB/s)
#6 11.41 (Reading database ... (Reading database ... 5%(Reading database ... 10%(Reading database ... 15%(Reading database ... 20%(Reading database ... 25%(Reading database ... 30%(Reading database ... 35%(Reading database ... 40%(Reading database ... 45%(Reading database ... 50%(Reading database ... 55%(Reading database ... 60%(Reading database ... 65%(Reading database ... 70%(Reading database ... 75%(Reading database ... 80%(Reading database ... 85%(Reading database ... 90%(Reading database ... 95%(Reading database ... 100%(Reading database ... 49715 files and directories currently installed.)
#6 11.47 Preparing to unpack .../curl_7.81.0-1ubuntu1.20_amd64.deb ...
#6 11.48 Unpacking curl (7.81.0-1ubuntu1.20) over (7.81.0-1ubuntu1.14) ...
#6 11.50 Preparing to unpack .../libcurl4_7.81.0-1ubuntu1.20_amd64.deb ...
#6 11.51 Unpacking libcurl4:amd64 (7.81.0-1ubuntu1.20) over (7.81.0-1ubuntu1.14) ...
#6 11.54 Setting up libcurl4:amd64 (7.81.0-1ubuntu1.20) ...
#6 11.55 Setting up curl (7.81.0-1ubuntu1.20) ...
#6 11.55 Processing triggers for libc-bin (2.35-0ubuntu3.4) ...
#6 DONE 11.8s

#7 [3/6] COPY requirements.txt /tmp/
#7 DONE 0.0s

#8 [4/6] RUN pip install --no-cache-dir -r /tmp/requirements.txt
#8 0.806 Collecting pandas==2.1.3 (from -r /tmp/requirements.txt (line 1))
#8 0.933   Downloading pandas-2.1.3-cp311-cp311-manylinux_2_17_x86_64.manylinux2014_x86_64.whl.metadata (18 kB)
#8 1.082 Collecting numpy==1.26.2 (from -r /tmp/requirements.txt (line 2))
#8 1.119   Downloading numpy-1.26.2-cp311-cp311-manylinux_2_17_x86_64.manylinux2014_x86_64.whl.metadata (61 kB)
#8 1.160       61.2/61.2 kB 1.5 MB/s eta 0:00:00
#8 1.290 Collecting matplotlib==3.8.2 (from -r /tmp/requirements.txt (line 3))
#8 1.328   Downloading matplotlib-3.8.2-cp311-cp311-manylinux_2_17_x86_64.manylinux2014_x86_64.whl.metadata (5.8 kB)
#8 1.329 Requirement already satisfied: seaborn==0.13.0 in /opt/conda/lib/python3.11/site-packages (from -r /tmp/requirements.txt (line 4)) (0.13.0)
#8 1.383 Collecting plotly==5.18.0 (from -r /tmp/requirements.txt (line 5))
#8 1.420   Downloading plotly-5.18.0-py3-none-any.whl.metadata (7.0 kB)
#8 1.504 Collecting scikit-learn==1.3.2 (from -r /tmp/requirements.txt (line 6))
#8 1.539   Downloading scikit_learn-1.3.2-cp311-cp311-manylinux_2_17_x86_64.manylinux2014_x86_64.whl.metadata (11 kB)
#8 1.599 Collecting xgboost==2.0.2 (from -r /tmp/requirements.txt (line 7))
#8 1.635   Downloading xgboost-2.0.2-py3-none-manylinux2014_x86_64.whl.metadata (2.0 kB)
#8 1.690 Collecting lightgbm==4.1.0 (from -r /tmp/requirements.txt (line 8))
#8 1.724   Downloading lightgbm-4.1.0-py3-none-manylinux_2_28_x86_64.whl.metadata (19 kB)
#8 1.784 Collecting shap==0.43.0 (from -r /tmp/requirements.txt (line 9))
#8 1.821   Downloading shap-0.43.0-cp311-cp311-manylinux_2_12_x86_64.manylinux2010_x86_64.manylinux_2_17_x86_64.manylinux2014_x86_64.whl.metadata (24 kB)
#8 1.874 Collecting optuna==3.4.0 (from -r /tmp/requirements.txt (line 10))
#8 1.910   Downloading optuna-3.4.0-py3-none-any.whl.metadata (17 kB)
#8 2.111 Collecting sqlalchemy==2.0.23 (from -r /tmp/requirements.txt (line 11))
#8 2.147   Downloading SQLAlchemy-2.0.23-cp311-cp311-manylinux_2_17_x86_64.manylinux2014_x86_64.whl.metadata (9.6 kB)
#8 2.219 Collecting psycopg2-binary==2.9.9 (from -r /tmp/requirements.txt (line 12))
#8 2.257   Downloading psycopg2_binary-2.9.9-cp311-cp311-manylinux_2_17_x86_64.manylinux2014_x86_64.whl.metadata (4.4 kB)
#8 2.307 Collecting python-dotenv==1.0.0 (from -r /tmp/requirements.txt (line 13))
#8 2.343   Downloading python_dotenv-1.0.0-py3-none-any.whl.metadata (21 kB)
#8 2.350 Requirement already satisfied: ipywidgets==8.1.1 in /opt/conda/lib/python3.11/site-packages (from -r /tmp/requirements.txt (line 14)) (8.1.1)
#8 2.512 Collecting jupyterlab-dash==0.1.0a3 (from -r /tmp/requirements.txt (line 15))
#8 2.547   Downloading jupyterlab_dash-0.1.0a3-py3-none-any.whl.metadata (2.6 kB)
#8 2.551 Requirement already satisfied: nbformat==5.9.2 in /opt/conda/lib/python3.11/site-packages (from -r /tmp/requirements.txt (line 16)) (5.9.2)
#8 2.616 Collecting pytest==7.4.3 (from -r /tmp/requirements.txt (line 17))
#8 2.652   Downloading pytest-7.4.3-py3-none-any.whl.metadata (7.9 kB)
#8 2.681 Requirement already satisfied: python-dateutil>=2.8.2 in /opt/conda/lib/python3.11/site-packages (from pandas==2.1.3->-r /tmp/requirements.txt (line 1)) (2.8.2)
#8 2.682 Requirement already satisfied: pytz>=2020.1 in /opt/conda/lib/python3.11/site-packages (from pandas==2.1.3->-r /tmp/requirements.txt (line 1)) (2023.3.post1)
#8 2.682 Requirement already satisfied: tzdata>=2022.1 in /opt/conda/lib/python3.11/site-packages (from pandas==2.1.3->-r /tmp/requirements.txt (line 1)) (2023.3)
#8 2.688 Requirement already satisfied: contourpy>=1.0.1 in /opt/conda/lib/python3.11/site-packages (from matplotlib==3.8.2->-r /tmp/requirements.txt (line 3)) (1.1.1)
#8 2.688 Requirement already satisfied: cycler>=0.10 in /opt/conda/lib/python3.11/site-packages (from matplotlib==3.8.2->-r /tmp/requirements.txt (line 3)) (0.12.1)
#8 2.690 Requirement already satisfied: fonttools>=4.22.0 in /opt/conda/lib/python3.11/site-packages (from matplotlib==3.8.2->-r /tmp/requirements.txt (line 3)) (4.43.1)
#8 2.691 Requirement already satisfied: kiwisolver>=1.3.1 in /opt/conda/lib/python3.11/site-packages (from matplotlib==3.8.2->-r /tmp/requirements.txt (line 3)) (1.4.5)
#8 2.694 Requirement already satisfied: packaging>=20.0 in /opt/conda/lib/python3.11/site-packages (from matplotlib==3.8.2->-r /tmp/requirements.txt (line 3)) (23.2)
#8 2.695 Requirement already satisfied: pillow>=8 in /opt/conda/lib/python3.11/site-packages (from matplotlib==3.8.2->-r /tmp/requirements.txt (line 3)) (10.1.0)
#8 2.695 Requirement already satisfied: pyparsing>=2.3.1 in /opt/conda/lib/python3.11/site-packages (from matplotlib==3.8.2->-r /tmp/requirements.txt (line 3)) (3.1.1)
#8 2.752 Collecting tenacity>=6.2.0 (from plotly==5.18.0->-r /tmp/requirements.txt (line 5))
#8 2.786   Downloading tenacity-9.1.2-py3-none-any.whl.metadata (1.2 kB)
#8 2.815 Requirement already satisfied: scipy>=1.5.0 in /opt/conda/lib/python3.11/site-packages (from scikit-learn==1.3.2->-r /tmp/requirements.txt (line 6)) (1.11.3)
#8 2.815 Requirement already satisfied: joblib>=1.1.1 in /opt/conda/lib/python3.11/site-packages (from scikit-learn==1.3.2->-r /tmp/requirements.txt (line 6)) (1.3.2)
#8 2.816 Requirement already satisfied: threadpoolctl>=2.0.0 in /opt/conda/lib/python3.11/site-packages (from scikit-learn==1.3.2->-r /tmp/requirements.txt (line 6)) (3.2.0)
#8 2.837 Requirement already satisfied: tqdm>=4.27.0 in /opt/conda/lib/python3.11/site-packages (from shap==0.43.0->-r /tmp/requirements.txt (line 9)) (4.66.1)
#8 2.874 Collecting slicer==0.0.7 (from shap==0.43.0->-r /tmp/requirements.txt (line 9))
#8 2.910   Downloading slicer-0.0.7-py3-none-any.whl.metadata (3.7 kB)
#8 2.913 Requirement already satisfied: numba in /opt/conda/lib/python3.11/site-packages (from shap==0.43.0->-r /tmp/requirements.txt (line 9)) (0.57.1)
#8 2.915 Requirement already satisfied: cloudpickle in /opt/conda/lib/python3.11/site-packages (from shap==0.43.0->-r /tmp/requirements.txt (line 9)) (3.0.0)
#8 2.948 Requirement already satisfied: alembic>=1.5.0 in /opt/conda/lib/python3.11/site-packages (from optuna==3.4.0->-r /tmp/requirements.txt (line 10)) (1.12.0)
#8 2.996 Collecting colorlog (from optuna==3.4.0->-r /tmp/requirements.txt (line 10))
#8 3.031   Downloading colorlog-6.9.0-py3-none-any.whl.metadata (10 kB)
#8 3.046 Requirement already satisfied: PyYAML in /opt/conda/lib/python3.11/site-packages (from optuna==3.4.0->-r /tmp/requirements.txt (line 10)) (6.0.1)
#8 3.061 Requirement already satisfied: typing-extensions>=4.2.0 in /opt/conda/lib/python3.11/site-packages (from sqlalchemy==2.0.23->-r /tmp/requirements.txt (line 11)) (4.8.0)
#8 3.063 Requirement already satisfied: greenlet!=0.4.17 in /opt/conda/lib/python3.11/site-packages (from sqlalchemy==2.0.23->-r /tmp/requirements.txt (line 11)) (3.0.0)
#8 3.070 Requirement already satisfied: comm>=0.1.3 in /opt/conda/lib/python3.11/site-packages (from ipywidgets==8.1.1->-r /tmp/requirements.txt (line 14)) (0.1.4)
#8 3.070 Requirement already satisfied: ipython>=6.1.0 in /opt/conda/lib/python3.11/site-packages (from ipywidgets==8.1.1->-r /tmp/requirements.txt (line 14)) (8.16.1)
#8 3.071 Requirement already satisfied: traitlets>=4.3.1 in /opt/conda/lib/python3.11/site-packages (from ipywidgets==8.1.1->-r /tmp/requirements.txt (line 14)) (5.11.2)
#8 3.071 Requirement already satisfied: widgetsnbextension~=4.0.9 in /opt/conda/lib/python3.11/site-packages (from ipywidgets==8.1.1->-r /tmp/requirements.txt (line 14)) (4.0.9)
#8 3.072 Requirement already satisfied: jupyterlab-widgets~=3.0.9 in /opt/conda/lib/python3.11/site-packages (from ipywidgets==8.1.1->-r /tmp/requirements.txt (line 14)) (3.0.9)
#8 3.119 Collecting dash (from jupyterlab-dash==0.1.0a3->-r /tmp/requirements.txt (line 15))
#8 3.155   Downloading dash-3.1.0-py3-none-any.whl.metadata (10 kB)
#8 3.326 Collecting jupyter-server-proxy (from jupyterlab-dash==0.1.0a3->-r /tmp/requirements.txt (line 15))
#8 3.371   Downloading jupyter_server_proxy-4.4.0-py3-none-any.whl.metadata (8.7 kB)
#8 3.390 Requirement already satisfied: fastjsonschema in /opt/conda/lib/python3.11/site-packages (from nbformat==5.9.2->-r /tmp/requirements.txt (line 16)) (2.18.1)
#8 3.391 Requirement already satisfied: jsonschema>=2.6 in /opt/conda/lib/python3.11/site-packages (from nbformat==5.9.2->-r /tmp/requirements.txt (line 16)) (4.19.1)
#8 3.391 Requirement already satisfied: jupyter-core in /opt/conda/lib/python3.11/site-packages (from nbformat==5.9.2->-r /tmp/requirements.txt (line 16)) (5.4.0)
#8 3.435 Collecting iniconfig (from pytest==7.4.3->-r /tmp/requirements.txt (line 17))
#8 3.471   Downloading iniconfig-2.1.0-py3-none-any.whl.metadata (2.7 kB)
#8 3.476 Requirement already satisfied: pluggy<2.0,>=0.12 in /opt/conda/lib/python3.11/site-packages (from pytest==7.4.3->-r /tmp/requirements.txt (line 17)) (1.3.0)
#8 3.490 Requirement already satisfied: Mako in /opt/conda/lib/python3.11/site-packages (from alembic>=1.5.0->optuna==3.4.0->-r /tmp/requirements.txt (line 10)) (1.2.4)
#8 3.544 Requirement already satisfied: backcall in /opt/conda/lib/python3.11/site-packages (from ipython>=6.1.0->ipywidgets==8.1.1->-r /tmp/requirements.txt (line 14)) (0.2.0)
#8 3.544 Requirement already satisfied: decorator in /opt/conda/lib/python3.11/site-packages (from ipython>=6.1.0->ipywidgets==8.1.1->-r /tmp/requirements.txt (line 14)) (5.1.1)
#8 3.545 Requirement already satisfied: jedi>=0.16 in /opt/conda/lib/python3.11/site-packages (from ipython>=6.1.0->ipywidgets==8.1.1->-r /tmp/requirements.txt (line 14)) (0.19.1)
#8 3.545 Requirement already satisfied: matplotlib-inline in /opt/conda/lib/python3.11/site-packages (from ipython>=6.1.0->ipywidgets==8.1.1->-r /tmp/requirements.txt (line 14)) (0.1.6)
#8 3.546 Requirement already satisfied: pickleshare in /opt/conda/lib/python3.11/site-packages (from ipython>=6.1.0->ipywidgets==8.1.1->-r /tmp/requirements.txt (line 14)) (0.7.5)
#8 3.546 Requirement already satisfied: prompt-toolkit!=3.0.37,<3.1.0,>=3.0.30 in /opt/conda/lib/python3.11/site-packages (from ipython>=6.1.0->ipywidgets==8.1.1->-r /tmp/requirements.txt (line 14)) (3.0.39)
#8 3.546 Requirement already satisfied: pygments>=2.4.0 in /opt/conda/lib/python3.11/site-packages (from ipython>=6.1.0->ipywidgets==8.1.1->-r /tmp/requirements.txt (line 14)) (2.16.1)
#8 3.547 Requirement already satisfied: stack-data in /opt/conda/lib/python3.11/site-packages (from ipython>=6.1.0->ipywidgets==8.1.1->-r /tmp/requirements.txt (line 14)) (0.6.2)
#8 3.548 Requirement already satisfied: pexpect>4.3 in /opt/conda/lib/python3.11/site-packages (from ipython>=6.1.0->ipywidgets==8.1.1->-r /tmp/requirements.txt (line 14)) (4.8.0)
#8 3.558 Requirement already satisfied: attrs>=22.2.0 in /opt/conda/lib/python3.11/site-packages (from jsonschema>=2.6->nbformat==5.9.2->-r /tmp/requirements.txt (line 16)) (23.1.0)
#8 3.558 Requirement already satisfied: jsonschema-specifications>=2023.03.6 in /opt/conda/lib/python3.11/site-packages (from jsonschema>=2.6->nbformat==5.9.2->-r /tmp/requirements.txt (line 16)) (2023.7.1)
#8 3.558 Requirement already satisfied: referencing>=0.28.4 in /opt/conda/lib/python3.11/site-packages (from jsonschema>=2.6->nbformat==5.9.2->-r /tmp/requirements.txt (line 16)) (0.30.2)
#8 3.559 Requirement already satisfied: rpds-py>=0.7.1 in /opt/conda/lib/python3.11/site-packages (from jsonschema>=2.6->nbformat==5.9.2->-r /tmp/requirements.txt (line 16)) (0.10.6)
#8 3.577 Requirement already satisfied: six>=1.5 in /opt/conda/lib/python3.11/site-packages (from python-dateutil>=2.8.2->pandas==2.1.3->-r /tmp/requirements.txt (line 1)) (1.16.0)
#8 3.676 Collecting Flask<3.2,>=1.0.4 (from dash->jupyterlab-dash==0.1.0a3->-r /tmp/requirements.txt (line 15))
#8 3.711   Downloading flask-3.1.1-py3-none-any.whl.metadata (3.0 kB)
#8 3.755 Collecting Werkzeug<3.2 (from dash->jupyterlab-dash==0.1.0a3->-r /tmp/requirements.txt (line 15))
#8 3.789   Downloading werkzeug-3.1.3-py3-none-any.whl.metadata (3.7 kB)
#8 3.802 Requirement already satisfied: importlib-metadata in /opt/conda/lib/python3.11/site-packages (from dash->jupyterlab-dash==0.1.0a3->-r /tmp/requirements.txt (line 15)) (6.8.0)
#8 3.802 Requirement already satisfied: requests in /opt/conda/lib/python3.11/site-packages (from dash->jupyterlab-dash==0.1.0a3->-r /tmp/requirements.txt (line 15)) (2.31.0)
#8 3.842 Collecting retrying (from dash->jupyterlab-dash==0.1.0a3->-r /tmp/requirements.txt (line 15))
#8 3.877   Downloading retrying-1.4.0-py3-none-any.whl.metadata (7.5 kB)
#8 3.881 Requirement already satisfied: nest-asyncio in /opt/conda/lib/python3.11/site-packages (from dash->jupyterlab-dash==0.1.0a3->-r /tmp/requirements.txt (line 15)) (1.5.8)
#8 3.882 Requirement already satisfied: setuptools in /opt/conda/lib/python3.11/site-packages (from dash->jupyterlab-dash==0.1.0a3->-r /tmp/requirements.txt (line 15)) (68.2.2)
#8 3.899 Requirement already satisfied: platformdirs>=2.5 in /opt/conda/lib/python3.11/site-packages (from jupyter-core->nbformat==5.9.2->-r /tmp/requirements.txt (line 16)) (3.11.0)
#8 4.199 Collecting aiohttp (from jupyter-server-proxy->jupyterlab-dash==0.1.0a3->-r /tmp/requirements.txt (line 15))
#8 4.237   Downloading aiohttp-3.12.13-cp311-cp311-manylinux_2_17_x86_64.manylinux2014_x86_64.whl.metadata (7.6 kB)
#8 4.240 Requirement already satisfied: jupyter-server>=1.24.0 in /opt/conda/lib/python3.11/site-packages (from jupyter-server-proxy->jupyterlab-dash==0.1.0a3->-r /tmp/requirements.txt (line 15)) (2.8.0)
#8 4.385 Collecting simpervisor>=1.0.0 (from jupyter-server-proxy->jupyterlab-dash==0.1.0a3->-r /tmp/requirements.txt (line 15))
#8 4.422   Downloading simpervisor-1.0.0-py3-none-any.whl.metadata (4.3 kB)
#8 4.426 Requirement already satisfied: tornado>=6.1.0 in /opt/conda/lib/python3.11/site-packages (from jupyter-server-proxy->jupyterlab-dash==0.1.0a3->-r /tmp/requirements.txt (line 15)) (6.3.3)
#8 4.431 Requirement already satisfied: llvmlite<0.41,>=0.40.0dev0 in /opt/conda/lib/python3.11/site-packages (from numba->shap==0.43.0->-r /tmp/requirements.txt (line 9)) (0.40.1)
#8 4.435 INFO: pip is looking at multiple versions of numba to determine which version is compatible with other requirements. This could take a while.
#8 4.545 Collecting numba (from shap==0.43.0->-r /tmp/requirements.txt (line 9))
#8 4.582   Downloading numba-0.61.2-cp311-cp311-manylinux2014_x86_64.manylinux_2_17_x86_64.whl.metadata (2.8 kB)
#8 4.642 Collecting llvmlite<0.45,>=0.44.0dev0 (from numba->shap==0.43.0->-r /tmp/requirements.txt (line 9))
#8 4.676   Downloading llvmlite-0.44.0-cp311-cp311-manylinux_2_17_x86_64.manylinux2014_x86_64.whl.metadata (4.8 kB)
#8 4.744 Collecting blinker>=1.9.0 (from Flask<3.2,>=1.0.4->dash->jupyterlab-dash==0.1.0a3->-r /tmp/requirements.txt (line 15))
#8 4.777   Downloading blinker-1.9.0-py3-none-any.whl.metadata (1.6 kB)
#8 4.781 Requirement already satisfied: click>=8.1.3 in /opt/conda/lib/python3.11/site-packages (from Flask<3.2,>=1.0.4->dash->jupyterlab-dash==0.1.0a3->-r /tmp/requirements.txt (line 15)) (8.1.7)
#8 4.823 Collecting itsdangerous>=2.2.0 (from Flask<3.2,>=1.0.4->dash->jupyterlab-dash==0.1.0a3->-r /tmp/requirements.txt (line 15))
#8 4.859   Downloading itsdangerous-2.2.0-py3-none-any.whl.metadata (1.9 kB)
#8 4.860 Requirement already satisfied: jinja2>=3.1.2 in /opt/conda/lib/python3.11/site-packages (from Flask<3.2,>=1.0.4->dash->jupyterlab-dash==0.1.0a3->-r /tmp/requirements.txt (line 15)) (3.1.2)
#8 4.861 Requirement already satisfied: markupsafe>=2.1.1 in /opt/conda/lib/python3.11/site-packages (from Flask<3.2,>=1.0.4->dash->jupyterlab-dash==0.1.0a3->-r /tmp/requirements.txt (line 15)) (2.1.3)
#8 4.876 Requirement already satisfied: parso<0.9.0,>=0.8.3 in /opt/conda/lib/python3.11/site-packages (from jedi>=0.16->ipython>=6.1.0->ipywidgets==8.1.1->-r /tmp/requirements.txt (line 14)) (0.8.3)
#8 4.893 Requirement already satisfied: anyio>=3.1.0 in /opt/conda/lib/python3.11/site-packages (from jupyter-server>=1.24.0->jupyter-server-proxy->jupyterlab-dash==0.1.0a3->-r /tmp/requirements.txt (line 15)) (4.0.0)
#8 4.894 Requirement already satisfied: argon2-cffi in /opt/conda/lib/python3.11/site-packages (from jupyter-server>=1.24.0->jupyter-server-proxy->jupyterlab-dash==0.1.0a3->-r /tmp/requirements.txt (line 15)) (23.1.0)
#8 4.894 Requirement already satisfied: jupyter-client>=7.4.4 in /opt/conda/lib/python3.11/site-packages (from jupyter-server>=1.24.0->jupyter-server-proxy->jupyterlab-dash==0.1.0a3->-r /tmp/requirements.txt (line 15)) (8.4.0)
#8 4.895 Requirement already satisfied: jupyter-events>=0.6.0 in /opt/conda/lib/python3.11/site-packages (from jupyter-server>=1.24.0->jupyter-server-proxy->jupyterlab-dash==0.1.0a3->-r /tmp/requirements.txt (line 15)) (0.8.0)
#8 4.896 Requirement already satisfied: jupyter-server-terminals in /opt/conda/lib/python3.11/site-packages (from jupyter-server>=1.24.0->jupyter-server-proxy->jupyterlab-dash==0.1.0a3->-r /tmp/requirements.txt (line 15)) (0.4.4)
#8 4.896 Requirement already satisfied: nbconvert>=6.4.4 in /opt/conda/lib/python3.11/site-packages (from jupyter-server>=1.24.0->jupyter-server-proxy->jupyterlab-dash==0.1.0a3->-r /tmp/requirements.txt (line 15)) (7.9.2)
#8 4.897 Requirement already satisfied: overrides in /opt/conda/lib/python3.11/site-packages (from jupyter-server>=1.24.0->jupyter-server-proxy->jupyterlab-dash==0.1.0a3->-r /tmp/requirements.txt (line 15)) (7.4.0)
#8 4.897 Requirement already satisfied: prometheus-client in /opt/conda/lib/python3.11/site-packages (from jupyter-server>=1.24.0->jupyter-server-proxy->jupyterlab-dash==0.1.0a3->-r /tmp/requirements.txt (line 15)) (0.17.1)
#8 4.898 Requirement already satisfied: pyzmq>=24 in /opt/conda/lib/python3.11/site-packages (from jupyter-server>=1.24.0->jupyter-server-proxy->jupyterlab-dash==0.1.0a3->-r /tmp/requirements.txt (line 15)) (25.1.1)
#8 4.898 Requirement already satisfied: send2trash>=1.8.2 in /opt/conda/lib/python3.11/site-packages (from jupyter-server>=1.24.0->jupyter-server-proxy->jupyterlab-dash==0.1.0a3->-r /tmp/requirements.txt (line 15)) (1.8.2)
#8 4.899 Requirement already satisfied: terminado>=0.8.3 in /opt/conda/lib/python3.11/site-packages (from jupyter-server>=1.24.0->jupyter-server-proxy->jupyterlab-dash==0.1.0a3->-r /tmp/requirements.txt (line 15)) (0.17.1)
#8 4.899 Requirement already satisfied: websocket-client in /opt/conda/lib/python3.11/site-packages (from jupyter-server>=1.24.0->jupyter-server-proxy->jupyterlab-dash==0.1.0a3->-r /tmp/requirements.txt (line 15)) (1.6.4)
#8 4.905 Requirement already satisfied: ptyprocess>=0.5 in /opt/conda/lib/python3.11/site-packages (from pexpect>4.3->ipython>=6.1.0->ipywidgets==8.1.1->-r /tmp/requirements.txt (line 14)) (0.7.0)
#8 4.914 Requirement already satisfied: wcwidth in /opt/conda/lib/python3.11/site-packages (from prompt-toolkit!=3.0.37,<3.1.0,>=3.0.30->ipython>=6.1.0->ipywidgets==8.1.1->-r /tmp/requirements.txt (line 14)) (0.2.8)
#8 4.980 Collecting aiohappyeyeballs>=2.5.0 (from aiohttp->jupyter-server-proxy->jupyterlab-dash==0.1.0a3->-r /tmp/requirements.txt (line 15))
#8 5.015   Downloading aiohappyeyeballs-2.6.1-py3-none-any.whl.metadata (5.9 kB)
#8 5.050 Collecting aiosignal>=1.1.2 (from aiohttp->jupyter-server-proxy->jupyterlab-dash==0.1.0a3->-r /tmp/requirements.txt (line 15))
#8 5.087   Downloading aiosignal-1.3.2-py2.py3-none-any.whl.metadata (3.8 kB)
#8 5.163 Collecting frozenlist>=1.1.1 (from aiohttp->jupyter-server-proxy->jupyterlab-dash==0.1.0a3->-r /tmp/requirements.txt (line 15))
#8 5.200   Downloading frozenlist-1.7.0-cp311-cp311-manylinux_2_5_x86_64.manylinux1_x86_64.manylinux_2_17_x86_64.manylinux2014_x86_64.whl.metadata (18 kB)
#8 5.348 Collecting multidict<7.0,>=4.5 (from aiohttp->jupyter-server-proxy->jupyterlab-dash==0.1.0a3->-r /tmp/requirements.txt (line 15))
#8 5.382   Downloading multidict-6.6.2-cp311-cp311-manylinux2014_x86_64.manylinux_2_17_x86_64.manylinux_2_28_x86_64.whl.metadata (5.3 kB)
#8 5.446 Collecting propcache>=0.2.0 (from aiohttp->jupyter-server-proxy->jupyterlab-dash==0.1.0a3->-r /tmp/requirements.txt (line 15))
#8 5.482   Downloading propcache-0.3.2-cp311-cp311-manylinux_2_17_x86_64.manylinux2014_x86_64.whl.metadata (12 kB)
#8 5.683 Collecting yarl<2.0,>=1.17.0 (from aiohttp->jupyter-server-proxy->jupyterlab-dash==0.1.0a3->-r /tmp/requirements.txt (line 15))
#8 5.718   Downloading yarl-1.20.1-cp311-cp311-manylinux_2_17_x86_64.manylinux2014_x86_64.whl.metadata (73 kB)
#8 5.731       73.9/73.9 kB 6.2 MB/s eta 0:00:00
#8 5.756 Requirement already satisfied: zipp>=0.5 in /opt/conda/lib/python3.11/site-packages (from importlib-metadata->dash->jupyterlab-dash==0.1.0a3->-r /tmp/requirements.txt (line 15)) (3.17.0)
#8 5.774 Requirement already satisfied: charset-normalizer<4,>=2 in /opt/conda/lib/python3.11/site-packages (from requests->dash->jupyterlab-dash==0.1.0a3->-r /tmp/requirements.txt (line 15)) (3.3.0)
#8 5.775 Requirement already satisfied: idna<4,>=2.5 in /opt/conda/lib/python3.11/site-packages (from requests->dash->jupyterlab-dash==0.1.0a3->-r /tmp/requirements.txt (line 15)) (3.4)
#8 5.775 Requirement already satisfied: urllib3<3,>=1.21.1 in /opt/conda/lib/python3.11/site-packages (from requests->dash->jupyterlab-dash==0.1.0a3->-r /tmp/requirements.txt (line 15)) (2.0.7)
#8 5.776 Requirement already satisfied: certifi>=2017.4.17 in /opt/conda/lib/python3.11/site-packages (from requests->dash->jupyterlab-dash==0.1.0a3->-r /tmp/requirements.txt (line 15)) (2023.7.22)
#8 5.802 Requirement already satisfied: executing>=1.2.0 in /opt/conda/lib/python3.11/site-packages (from stack-data->ipython>=6.1.0->ipywidgets==8.1.1->-r /tmp/requirements.txt (line 14)) (1.2.0)
#8 5.803 Requirement already satisfied: asttokens>=2.1.0 in /opt/conda/lib/python3.11/site-packages (from stack-data->ipython>=6.1.0->ipywidgets==8.1.1->-r /tmp/requirements.txt (line 14)) (2.4.0)
#8 5.803 Requirement already satisfied: pure-eval in /opt/conda/lib/python3.11/site-packages (from stack-data->ipython>=6.1.0->ipywidgets==8.1.1->-r /tmp/requirements.txt (line 14)) (0.2.2)
#8 5.820 Requirement already satisfied: sniffio>=1.1 in /opt/conda/lib/python3.11/site-packages (from anyio>=3.1.0->jupyter-server>=1.24.0->jupyter-server-proxy->jupyterlab-dash==0.1.0a3->-r /tmp/requirements.txt (line 15)) (1.3.0)
#8 5.875 Requirement already satisfied: python-json-logger>=2.0.4 in /opt/conda/lib/python3.11/site-packages (from jupyter-events>=0.6.0->jupyter-server>=1.24.0->jupyter-server-proxy->jupyterlab-dash==0.1.0a3->-r /tmp/requirements.txt (line 15)) (2.0.7)
#8 5.875 Requirement already satisfied: rfc3339-validator in /opt/conda/lib/python3.11/site-packages (from jupyter-events>=0.6.0->jupyter-server>=1.24.0->jupyter-server-proxy->jupyterlab-dash==0.1.0a3->-r /tmp/requirements.txt (line 15)) (0.1.4)
#8 5.876 Requirement already satisfied: rfc3986-validator>=0.1.1 in /opt/conda/lib/python3.11/site-packages (from jupyter-events>=0.6.0->jupyter-server>=1.24.0->jupyter-server-proxy->jupyterlab-dash==0.1.0a3->-r /tmp/requirements.txt (line 15)) (0.1.1)
#8 5.896 Requirement already satisfied: beautifulsoup4 in /opt/conda/lib/python3.11/site-packages (from nbconvert>=6.4.4->jupyter-server>=1.24.0->jupyter-server-proxy->jupyterlab-dash==0.1.0a3->-r /tmp/requirements.txt (line 15)) (4.12.2)
#8 5.897 Requirement already satisfied: bleach!=5.0.0 in /opt/conda/lib/python3.11/site-packages (from nbconvert>=6.4.4->jupyter-server>=1.24.0->jupyter-server-proxy->jupyterlab-dash==0.1.0a3->-r /tmp/requirements.txt (line 15)) (6.1.0)
#8 5.898 Requirement already satisfied: defusedxml in /opt/conda/lib/python3.11/site-packages (from nbconvert>=6.4.4->jupyter-server>=1.24.0->jupyter-server-proxy->jupyterlab-dash==0.1.0a3->-r /tmp/requirements.txt (line 15)) (0.7.1)
#8 5.898 Requirement already satisfied: jupyterlab-pygments in /opt/conda/lib/python3.11/site-packages (from nbconvert>=6.4.4->jupyter-server>=1.24.0->jupyter-server-proxy->jupyterlab-dash==0.1.0a3->-r /tmp/requirements.txt (line 15)) (0.2.2)
#8 5.899 Requirement already satisfied: mistune<4,>=2.0.3 in /opt/conda/lib/python3.11/site-packages (from nbconvert>=6.4.4->jupyter-server>=1.24.0->jupyter-server-proxy->jupyterlab-dash==0.1.0a3->-r /tmp/requirements.txt (line 15)) (3.0.1)
#8 5.899 Requirement already satisfied: nbclient>=0.5.0 in /opt/conda/lib/python3.11/site-packages (from nbconvert>=6.4.4->jupyter-server>=1.24.0->jupyter-server-proxy->jupyterlab-dash==0.1.0a3->-r /tmp/requirements.txt (line 15)) (0.8.0)
#8 5.900 Requirement already satisfied: pandocfilters>=1.4.1 in /opt/conda/lib/python3.11/site-packages (from nbconvert>=6.4.4->jupyter-server>=1.24.0->jupyter-server-proxy->jupyterlab-dash==0.1.0a3->-r /tmp/requirements.txt (line 15)) (1.5.0)
#8 5.900 Requirement already satisfied: tinycss2 in /opt/conda/lib/python3.11/site-packages (from nbconvert>=6.4.4->jupyter-server>=1.24.0->jupyter-server-proxy->jupyterlab-dash==0.1.0a3->-r /tmp/requirements.txt (line 15)) (1.2.1)
#8 5.963 Requirement already satisfied: argon2-cffi-bindings in /opt/conda/lib/python3.11/site-packages (from argon2-cffi->jupyter-server>=1.24.0->jupyter-server-proxy->jupyterlab-dash==0.1.0a3->-r /tmp/requirements.txt (line 15)) (21.2.0)
#8 6.000 Requirement already satisfied: webencodings in /opt/conda/lib/python3.11/site-packages (from bleach!=5.0.0->nbconvert>=6.4.4->jupyter-server>=1.24.0->jupyter-server-proxy->jupyterlab-dash==0.1.0a3->-r /tmp/requirements.txt (line 15)) (0.5.1)
#8 6.014 Requirement already satisfied: fqdn in /opt/conda/lib/python3.11/site-packages (from jsonschema[format-nongpl]>=4.18.0->jupyter-events>=0.6.0->jupyter-server>=1.24.0->jupyter-server-proxy->jupyterlab-dash==0.1.0a3->-r /tmp/requirements.txt (line 15)) (1.5.1)
#8 6.014 Requirement already satisfied: isoduration in /opt/conda/lib/python3.11/site-packages (from jsonschema[format-nongpl]>=4.18.0->jupyter-events>=0.6.0->jupyter-server>=1.24.0->jupyter-server-proxy->jupyterlab-dash==0.1.0a3->-r /tmp/requirements.txt (line 15)) (20.11.0)
#8 6.015 Requirement already satisfied: jsonpointer>1.13 in /opt/conda/lib/python3.11/site-packages (from jsonschema[format-nongpl]>=4.18.0->jupyter-events>=0.6.0->jupyter-server>=1.24.0->jupyter-server-proxy->jupyterlab-dash==0.1.0a3->-r /tmp/requirements.txt (line 15)) (2.4)
#8 6.016 Requirement already satisfied: uri-template in /opt/conda/lib/python3.11/site-packages (from jsonschema[format-nongpl]>=4.18.0->jupyter-events>=0.6.0->jupyter-server>=1.24.0->jupyter-server-proxy->jupyterlab-dash==0.1.0a3->-r /tmp/requirements.txt (line 15)) (1.3.0)
#8 6.016 Requirement already satisfied: webcolors>=1.11 in /opt/conda/lib/python3.11/site-packages (from jsonschema[format-nongpl]>=4.18.0->jupyter-events>=0.6.0->jupyter-server>=1.24.0->jupyter-server-proxy->jupyterlab-dash==0.1.0a3->-r /tmp/requirements.txt (line 15)) (1.13)
#8 6.056 Requirement already satisfied: cffi>=1.0.1 in /opt/conda/lib/python3.11/site-packages (from argon2-cffi-bindings->argon2-cffi->jupyter-server>=1.24.0->jupyter-server-proxy->jupyterlab-dash==0.1.0a3->-r /tmp/requirements.txt (line 15)) (1.16.0)
#8 6.062 Requirement already satisfied: soupsieve>1.2 in /opt/conda/lib/python3.11/site-packages (from beautifulsoup4->nbconvert>=6.4.4->jupyter-server>=1.24.0->jupyter-server-proxy->jupyterlab-dash==0.1.0a3->-r /tmp/requirements.txt (line 15)) (2.5)
#8 6.085 Requirement already satisfied: pycparser in /opt/conda/lib/python3.11/site-packages (from cffi>=1.0.1->argon2-cffi-bindings->argon2-cffi->jupyter-server>=1.24.0->jupyter-server-proxy->jupyterlab-dash==0.1.0a3->-r /tmp/requirements.txt (line 15)) (2.21)
#8 6.114 Requirement already satisfied: arrow>=0.15.0 in /opt/conda/lib/python3.11/site-packages (from isoduration->jsonschema[format-nongpl]>=4.18.0->jupyter-events>=0.6.0->jupyter-server>=1.24.0->jupyter-server-proxy->jupyterlab-dash==0.1.0a3->-r /tmp/requirements.txt (line 15)) (1.3.0)
#8 6.134 Requirement already satisfied: types-python-dateutil>=2.8.10 in /opt/conda/lib/python3.11/site-packages (from arrow>=0.15.0->isoduration->jsonschema[format-nongpl]>=4.18.0->jupyter-events>=0.6.0->jupyter-server>=1.24.0->jupyter-server-proxy->jupyterlab-dash==0.1.0a3->-r /tmp/requirements.txt (line 15)) (2.8.19.14)
#8 6.184 Downloading pandas-2.1.3-cp311-cp311-manylinux_2_17_x86_64.manylinux2014_x86_64.whl (12.2 MB)
#8 6.429     12.2/12.2 MB 80.7 MB/s eta 0:00:00
#8 6.464 Downloading numpy-1.26.2-cp311-cp311-manylinux_2_17_x86_64.manylinux2014_x86_64.whl (18.2 MB)
#8 6.671     18.2/18.2 MB 83.9 MB/s eta 0:00:00
#8 6.709 Downloading matplotlib-3.8.2-cp311-cp311-manylinux_2_17_x86_64.manylinux2014_x86_64.whl (11.6 MB)
#8 6.883     11.6/11.6 MB 64.1 MB/s eta 0:00:00
#8 6.920 Downloading plotly-5.18.0-py3-none-any.whl (15.6 MB)
#8 7.086     15.6/15.6 MB 91.2 MB/s eta 0:00:00
#8 7.122 Downloading scikit_learn-1.3.2-cp311-cp311-manylinux_2_17_x86_64.manylinux2014_x86_64.whl (10.9 MB)
#8 7.240     10.9/10.9 MB 92.0 MB/s eta 0:00:00
#8 7.277 Downloading xgboost-2.0.2-py3-none-manylinux2014_x86_64.whl (297.1 MB)
#8 10.76     297.1/297.1 MB 90.7 MB/s eta 0:00:00
#8 10.80 Downloading lightgbm-4.1.0-py3-none-manylinux_2_28_x86_64.whl (3.1 MB)
#8 10.83     3.1/3.1 MB 117.8 MB/s eta 0:00:00
#8 10.87 Downloading shap-0.43.0-cp311-cp311-manylinux_2_12_x86_64.manylinux2010_x86_64.manylinux_2_17_x86_64.manylinux2014_x86_64.whl (532 kB)
#8 10.87     532.9/532.9 kB 225.0 MB/s eta 0:00:00
#8 10.91 Downloading optuna-3.4.0-py3-none-any.whl (409 kB)
#8 10.91     409.6/409.6 kB 211.4 MB/s eta 0:00:00
#8 10.95 Downloading SQLAlchemy-2.0.23-cp311-cp311-manylinux_2_17_x86_64.manylinux2014_x86_64.whl (3.2 MB)
#8 10.99     3.2/3.2 MB 102.4 MB/s eta 0:00:00
#8 11.02 Downloading psycopg2_binary-2.9.9-cp311-cp311-manylinux_2_17_x86_64.manylinux2014_x86_64.whl (3.0 MB)
#8 11.05     3.0/3.0 MB 116.2 MB/s eta 0:00:00
#8 11.09 Downloading python_dotenv-1.0.0-py3-none-any.whl (19 kB)
#8 11.12 Downloading jupyterlab_dash-0.1.0a3-py3-none-any.whl (5.1 kB)
#8 11.16 Downloading pytest-7.4.3-py3-none-any.whl (325 kB)
#8 11.16     325.1/325.1 kB 309.6 MB/s eta 0:00:00
#8 11.20 Downloading slicer-0.0.7-py3-none-any.whl (14 kB)
#8 11.23 Downloading tenacity-9.1.2-py3-none-any.whl (28 kB)
#8 11.27 Downloading colorlog-6.9.0-py3-none-any.whl (11 kB)
#8 11.31 Downloading dash-3.1.0-py3-none-any.whl (7.9 MB)
#8 11.39     7.9/7.9 MB 97.4 MB/s eta 0:00:00
#8 11.43 Downloading iniconfig-2.1.0-py3-none-any.whl (6.0 kB)
#8 11.47 Downloading jupyter_server_proxy-4.4.0-py3-none-any.whl (37 kB)
#8 11.50 Downloading numba-0.61.2-cp311-cp311-manylinux2014_x86_64.manylinux_2_17_x86_64.whl (3.8 MB)
#8 11.55     3.8/3.8 MB 94.1 MB/s eta 0:00:00
#8 11.58 Downloading flask-3.1.1-py3-none-any.whl (103 kB)
#8 11.58     103.3/103.3 kB 673.4 MB/s eta 0:00:00
#8 11.62 Downloading llvmlite-0.44.0-cp311-cp311-manylinux_2_17_x86_64.manylinux2014_x86_64.whl (42.4 MB)
#8 12.08     42.4/42.4 MB 91.0 MB/s eta 0:00:00
#8 12.14 Downloading simpervisor-1.0.0-py3-none-any.whl (8.3 kB)
#8 12.18 Downloading werkzeug-3.1.3-py3-none-any.whl (224 kB)
#8 12.19     224.5/224.5 kB 198.3 MB/s eta 0:00:00
#8 12.22 Downloading aiohttp-3.12.13-cp311-cp311-manylinux_2_17_x86_64.manylinux2014_x86_64.whl (1.7 MB)
#8 12.24     1.7/1.7 MB 138.1 MB/s eta 0:00:00
#8 12.28 Downloading retrying-1.4.0-py3-none-any.whl (11 kB)
#8 12.31 Downloading aiohappyeyeballs-2.6.1-py3-none-any.whl (15 kB)
#8 12.35 Downloading aiosignal-1.3.2-py2.py3-none-any.whl (7.6 kB)
#8 12.38 Downloading blinker-1.9.0-py3-none-any.whl (8.5 kB)
#8 12.43 Downloading frozenlist-1.7.0-cp311-cp311-manylinux_2_5_x86_64.manylinux1_x86_64.manylinux_2_17_x86_64.manylinux2014_x86_64.whl (235 kB)
#8 12.44     235.3/235.3 kB 171.3 MB/s eta 0:00:00
#8 12.48 Downloading itsdangerous-2.2.0-py3-none-any.whl (16 kB)
#8 12.51 Downloading multidict-6.6.2-cp311-cp311-manylinux2014_x86_64.manylinux_2_17_x86_64.manylinux_2_28_x86_64.whl (246 kB)
#8 12.52     246.8/246.8 kB 263.0 MB/s eta 0:00:00
#8 12.55 Downloading propcache-0.3.2-cp311-cp311-manylinux_2_17_x86_64.manylinux2014_x86_64.whl (213 kB)
#8 12.56     213.5/213.5 kB 239.2 MB/s eta 0:00:00
#8 12.61 Downloading yarl-1.20.1-cp311-cp311-manylinux_2_17_x86_64.manylinux2014_x86_64.whl (348 kB)
#8 12.68     349.0/349.0 kB 4.9 MB/s eta 0:00:00
#8 13.85 Installing collected packages: Werkzeug, tenacity, sqlalchemy, slicer, simpervisor, retrying, python-dotenv, psycopg2-binary, propcache, numpy, multidict, llvmlite, itsdangerous, iniconfig, frozenlist, colorlog, blinker, aiohappyeyeballs, yarl, pytest, plotly, pandas, numba, Flask, aiosignal, xgboost, scikit-learn, optuna, matplotlib, lightgbm, dash, aiohttp, shap, jupyter-server-proxy, jupyterlab-dash
#8 13.92   Attempting uninstall: sqlalchemy
#8 13.94     Found existing installation: SQLAlchemy 2.0.22
#8 13.96     Uninstalling SQLAlchemy-2.0.22:
#8 14.05       Successfully uninstalled SQLAlchemy-2.0.22
#8 14.62   Attempting uninstall: numpy
#8 14.63     Found existing installation: numpy 1.24.4
#8 14.65     Uninstalling numpy-1.24.4:
#8 14.74       Successfully uninstalled numpy-1.24.4
#8 15.71   Attempting uninstall: llvmlite
#8 15.72     Found existing installation: llvmlite 0.40.1
#8 15.72     Uninstalling llvmlite-0.40.1:
#8 15.82       Successfully uninstalled llvmlite-0.40.1
#8 16.29   Attempting uninstall: blinker
#8 16.31     Found existing installation: blinker 1.6.3
#8 16.31     Uninstalling blinker-1.6.3:
#8 16.31       Successfully uninstalled blinker-1.6.3
#8 19.17   Attempting uninstall: pandas
#8 19.19     Found existing installation: pandas 2.1.1
#8 19.24     Uninstalling pandas-2.1.1:
#8 19.41       Successfully uninstalled pandas-2.1.1
#8 21.28   Attempting uninstall: numba
#8 21.29     Found existing installation: numba 0.57.1
#8 21.32     Uninstalling numba-0.57.1:
#8 21.40       Successfully uninstalled numba-0.57.1
#8 24.70   Attempting uninstall: scikit-learn
#8 24.72     Found existing installation: scikit-learn 1.3.1
#8 24.74     Uninstalling scikit-learn-1.3.1:
#8 24.82       Successfully uninstalled scikit-learn-1.3.1
#8 25.78   Attempting uninstall: matplotlib
#8 25.80     Found existing installation: matplotlib 3.8.0
#8 25.81     Uninstalling matplotlib-3.8.0:
#8 26.00       Successfully uninstalled matplotlib-3.8.0
#8 27.42 Successfully installed Flask-3.1.1 Werkzeug-3.1.3 aiohappyeyeballs-2.6.1 aiohttp-3.12.13 aiosignal-1.3.2 blinker-1.9.0 colorlog-6.9.0 dash-3.1.0 frozenlist-1.7.0 iniconfig-2.1.0 itsdangerous-2.2.0 jupyter-server-proxy-4.4.0 jupyterlab-dash-0.1.0a3 lightgbm-4.1.0 llvmlite-0.44.0 matplotlib-3.8.2 multidict-6.6.2 numba-0.61.2 numpy-1.26.2 optuna-3.4.0 pandas-2.1.3 plotly-5.18.0 propcache-0.3.2 psycopg2-binary-2.9.9 pytest-7.4.3 python-dotenv-1.0.0 retrying-1.4.0 scikit-learn-1.3.2 shap-0.43.0 simpervisor-1.0.0 slicer-0.0.7 sqlalchemy-2.0.23 tenacity-9.1.2 xgboost-2.0.2 yarl-1.20.1
#8 DONE 28.2s

#9 [5/6] WORKDIR /home/jovyan/work
#9 DONE 0.0s

#10 [6/6] COPY notebooks/ /home/jovyan/work/
#10 DONE 0.0s

#11 exporting to image
#11 exporting layers
#11 exporting layers 4.9s done
#11 writing image sha256:e43d41420acfc14550ec45ea8973648a8d67b61d0079a4da7aa90ecfb5bebbd7 done
#11 naming to docker.io/library/biuai_jupyter done
#11 DONE 4.9s
Creating network "biuai_default" with the default driver
Creating volume "biuai_redis_data" with default driver
Creating volume "biuai_model_artifacts" with default driver
Pulling pgadmin (dpage/pgadmin4:)...
Pulling redis (redis:alpine)...
Creating biuai_redis_1 ... 
Creating biuai_db_1    ... 
Creating biuai_db_1    ... done
Creating biuai_pgadmin_1 ... 
Creating biuai_jupyter_1 ... 
Creating biuai_model-server_1 ... 
Creating biuai_redis_1        ... done
Creating biuai_jupyter_1      ... done
Creating biuai_model-server_1 ... done
Creating biuai_backend_1      ... 
Creating biuai_pgadmin_1      ... done
Creating biuai_backend_1      ... done
Creating biuai_frontend_1     ... 
Creating biuai_frontend_1     ... done
2025-06-28 15:31:56 [ERROR] Servio db no iniciou aps 30 tentativas
2025-06-28 15:31:56 [ERROR] Falha ao iniciar servio db
Attaching to biuai_db_1
[36mdb_1            |[0m 
[36mdb_1            |[0m PostgreSQL Database directory appears to contain a database; Skipping initialization
[36mdb_1            |[0m 
[36mdb_1            |[0m 2025-06-28 18:30:46.716 UTC [1] FATAL:  database files are incompatible with server
[36mdb_1            |[0m 2025-06-28 18:30:46.716 UTC [1] DETAIL:  The data directory was initialized by PostgreSQL version 13, which is not compatible with this version 15.13.
